<?xml version="1.0" encoding="UTF-8"?>
<coverage generated="1769548732803" clover="3.2.0">
  <project timestamp="1769548732803" name="All files">
    <metrics statements="867" coveredstatements="674" conditionals="696" coveredconditionals="469" methods="183" coveredmethods="140" elements="1746" coveredelements="1283" complexity="0" loc="867" ncloc="867" packages="11" files="58" classes="58"/>
    <package name="Styles">
      <metrics statements="0" coveredstatements="0" conditionals="0" coveredconditionals="0" methods="0" coveredmethods="0"/>
      <file name="AboutStyles.css" path="C:\Users\xpert\Desktop\DUOC UC - Yeider\TAV SALIDA INTERMEDIA\front-salud-al-dia\src\Styles\AboutStyles.css">
        <metrics statements="0" coveredstatements="0" conditionals="0" coveredconditionals="0" methods="0" coveredmethods="0"/>
      </file>
      <file name="AdminStyles.css" path="C:\Users\xpert\Desktop\DUOC UC - Yeider\TAV SALIDA INTERMEDIA\front-salud-al-dia\src\Styles\AdminStyles.css">
        <metrics statements="0" coveredstatements="0" conditionals="0" coveredconditionals="0" methods="0" coveredmethods="0"/>
      </file>
      <file name="ChatWidgetStyles.css" path="C:\Users\xpert\Desktop\DUOC UC - Yeider\TAV SALIDA INTERMEDIA\front-salud-al-dia\src\Styles\ChatWidgetStyles.css">
        <metrics statements="0" coveredstatements="0" conditionals="0" coveredconditionals="0" methods="0" coveredmethods="0"/>
      </file>
      <file name="ContactStyles.css" path="C:\Users\xpert\Desktop\DUOC UC - Yeider\TAV SALIDA INTERMEDIA\front-salud-al-dia\src\Styles\ContactStyles.css">
        <metrics statements="0" coveredstatements="0" conditionals="0" coveredconditionals="0" methods="0" coveredmethods="0"/>
      </file>
      <file name="DashboardStyles.css" path="C:\Users\xpert\Desktop\DUOC UC - Yeider\TAV SALIDA INTERMEDIA\front-salud-al-dia\src\Styles\DashboardStyles.css">
        <metrics statements="0" coveredstatements="0" conditionals="0" coveredconditionals="0" methods="0" coveredmethods="0"/>
      </file>
      <file name="DrChapatinSection.css" path="C:\Users\xpert\Desktop\DUOC UC - Yeider\TAV SALIDA INTERMEDIA\front-salud-al-dia\src\Styles\DrChapatinSection.css">
        <metrics statements="0" coveredstatements="0" conditionals="0" coveredconditionals="0" methods="0" coveredmethods="0"/>
      </file>
      <file name="HistoryStyles.css" path="C:\Users\xpert\Desktop\DUOC UC - Yeider\TAV SALIDA INTERMEDIA\front-salud-al-dia\src\Styles\HistoryStyles.css">
        <metrics statements="0" coveredstatements="0" conditionals="0" coveredconditionals="0" methods="0" coveredmethods="0"/>
      </file>
      <file name="HowToUseSection.css" path="C:\Users\xpert\Desktop\DUOC UC - Yeider\TAV SALIDA INTERMEDIA\front-salud-al-dia\src\Styles\HowToUseSection.css">
        <metrics statements="0" coveredstatements="0" conditionals="0" coveredconditionals="0" methods="0" coveredmethods="0"/>
      </file>
      <file name="LoaderStyles.css" path="C:\Users\xpert\Desktop\DUOC UC - Yeider\TAV SALIDA INTERMEDIA\front-salud-al-dia\src\Styles\LoaderStyles.css">
        <metrics statements="0" coveredstatements="0" conditionals="0" coveredconditionals="0" methods="0" coveredmethods="0"/>
      </file>
      <file name="NavbarStyles.css" path="C:\Users\xpert\Desktop\DUOC UC - Yeider\TAV SALIDA INTERMEDIA\front-salud-al-dia\src\Styles\NavbarStyles.css">
        <metrics statements="0" coveredstatements="0" conditionals="0" coveredconditionals="0" methods="0" coveredmethods="0"/>
      </file>
      <file name="ProfileStyles.css" path="C:\Users\xpert\Desktop\DUOC UC - Yeider\TAV SALIDA INTERMEDIA\front-salud-al-dia\src\Styles\ProfileStyles.css">
        <metrics statements="0" coveredstatements="0" conditionals="0" coveredconditionals="0" methods="0" coveredmethods="0"/>
      </file>
      <file name="ResetPasswordStyles.css" path="C:\Users\xpert\Desktop\DUOC UC - Yeider\TAV SALIDA INTERMEDIA\front-salud-al-dia\src\Styles\ResetPasswordStyles.css">
        <metrics statements="0" coveredstatements="0" conditionals="0" coveredconditionals="0" methods="0" coveredmethods="0"/>
      </file>
      <file name="SosButtonStyles.css" path="C:\Users\xpert\Desktop\DUOC UC - Yeider\TAV SALIDA INTERMEDIA\front-salud-al-dia\src\Styles\SosButtonStyles.css">
        <metrics statements="0" coveredstatements="0" conditionals="0" coveredconditionals="0" methods="0" coveredmethods="0"/>
      </file>
      <file name="SpecialistStyles.css" path="C:\Users\xpert\Desktop\DUOC UC - Yeider\TAV SALIDA INTERMEDIA\front-salud-al-dia\src\Styles\SpecialistStyles.css">
        <metrics statements="0" coveredstatements="0" conditionals="0" coveredconditionals="0" methods="0" coveredmethods="0"/>
      </file>
      <file name="healthRegister.css" path="C:\Users\xpert\Desktop\DUOC UC - Yeider\TAV SALIDA INTERMEDIA\front-salud-al-dia\src\Styles\healthRegister.css">
        <metrics statements="0" coveredstatements="0" conditionals="0" coveredconditionals="0" methods="0" coveredmethods="0"/>
      </file>
      <file name="loginStyles.css" path="C:\Users\xpert\Desktop\DUOC UC - Yeider\TAV SALIDA INTERMEDIA\front-salud-al-dia\src\Styles\loginStyles.css">
        <metrics statements="0" coveredstatements="0" conditionals="0" coveredconditionals="0" methods="0" coveredmethods="0"/>
      </file>
      <file name="medicalRecordsStyles.css" path="C:\Users\xpert\Desktop\DUOC UC - Yeider\TAV SALIDA INTERMEDIA\front-salud-al-dia\src\Styles\medicalRecordsStyles.css">
        <metrics statements="0" coveredstatements="0" conditionals="0" coveredconditionals="0" methods="0" coveredmethods="0"/>
      </file>
      <file name="signUpStyles.css" path="C:\Users\xpert\Desktop\DUOC UC - Yeider\TAV SALIDA INTERMEDIA\front-salud-al-dia\src\Styles\signUpStyles.css">
        <metrics statements="0" coveredstatements="0" conditionals="0" coveredconditionals="0" methods="0" coveredmethods="0"/>
      </file>
    </package>
    <package name="assets">
      <metrics statements="0" coveredstatements="0" conditionals="0" coveredconditionals="0" methods="0" coveredmethods="0"/>
      <file name="dr-chapatin.png" path="C:\Users\xpert\Desktop\DUOC UC - Yeider\TAV SALIDA INTERMEDIA\front-salud-al-dia\src\assets\dr-chapatin.png">
        <metrics statements="0" coveredstatements="0" conditionals="0" coveredconditionals="0" methods="0" coveredmethods="0"/>
      </file>
      <file name="logo1.png" path="C:\Users\xpert\Desktop\DUOC UC - Yeider\TAV SALIDA INTERMEDIA\front-salud-al-dia\src\assets\logo1.png">
        <metrics statements="0" coveredstatements="0" conditionals="0" coveredconditionals="0" methods="0" coveredmethods="0"/>
      </file>
    </package>
    <package name="components">
      <metrics statements="63" coveredstatements="48" conditionals="56" coveredconditionals="48" methods="22" coveredmethods="8"/>
      <file name="Loader.jsx" path="C:\Users\xpert\Desktop\DUOC UC - Yeider\TAV SALIDA INTERMEDIA\front-salud-al-dia\src\components\Loader.jsx">
        <metrics statements="2" coveredstatements="2" conditionals="1" coveredconditionals="1" methods="1" coveredmethods="1"/>
        <line num="5" count="1" type="cond" truecount="1" falsecount="0"/>
        <line num="6" count="2" type="stmt"/>
      </file>
      <file name="Navbar.jsx" path="C:\Users\xpert\Desktop\DUOC UC - Yeider\TAV SALIDA INTERMEDIA\front-salud-al-dia\src\components\Navbar.jsx">
        <metrics statements="24" coveredstatements="14" conditionals="29" coveredconditionals="29" methods="13" coveredmethods="3"/>
        <line num="8" count="1" type="stmt"/>
        <line num="9" count="8" type="stmt"/>
        <line num="10" count="8" type="stmt"/>
        <line num="12" count="8" type="cond" truecount="2" falsecount="0"/>
        <line num="13" count="8" type="stmt"/>
        <line num="15" count="8" type="stmt"/>
        <line num="16" count="1" type="stmt"/>
        <line num="17" count="1" type="stmt"/>
        <line num="18" count="1" type="stmt"/>
        <line num="19" count="1" type="stmt"/>
        <line num="22" count="8" type="stmt"/>
        <line num="24" count="8" type="cond" truecount="3" falsecount="0"/>
        <line num="26" count="8" type="stmt"/>
        <line num="33" count="0" type="stmt"/>
        <line num="40" count="0" type="stmt"/>
        <line num="41" count="0" type="stmt"/>
        <line num="46" count="0" type="stmt"/>
        <line num="50" count="0" type="stmt"/>
        <line num="53" count="0" type="stmt"/>
        <line num="54" count="0" type="stmt"/>
        <line num="55" count="0" type="stmt"/>
        <line num="91" count="0" type="stmt"/>
        <line num="92" count="0" type="stmt"/>
        <line num="100" count="2" type="cond" truecount="2" falsecount="0"/>
      </file>
      <file name="SosButton.jsx" path="C:\Users\xpert\Desktop\DUOC UC - Yeider\TAV SALIDA INTERMEDIA\front-salud-al-dia\src\components\SosButton.jsx">
        <metrics statements="37" coveredstatements="32" conditionals="26" coveredconditionals="18" methods="8" coveredmethods="4"/>
        <line num="14" count="1" type="stmt"/>
        <line num="15" count="11" type="stmt"/>
        <line num="16" count="11" type="stmt"/>
        <line num="17" count="11" type="stmt"/>
        <line num="18" count="11" type="stmt"/>
        <line num="20" count="11" type="stmt"/>
        <line num="22" count="11" type="stmt"/>
        <line num="23" count="4" type="cond" truecount="2" falsecount="0"/>
        <line num="24" count="1" type="stmt"/>
        <line num="25" count="1" type="stmt"/>
        <line num="28" count="3" type="stmt"/>
        <line num="29" count="3" type="stmt"/>
        <line num="30" count="3" type="cond" truecount="1" falsecount="1"/>
        <line num="32" count="4" type="stmt"/>
        <line num="39" count="3" type="stmt"/>
        <line num="41" count="3" type="cond" truecount="3" falsecount="1"/>
        <line num="42" count="3" type="stmt"/>
        <line num="43" count="3" type="stmt"/>
        <line num="44" count="3" type="stmt"/>
        <line num="46" count="0" type="cond" truecount="0" falsecount="2"/>
        <line num="49" count="0" type="stmt"/>
        <line num="51" count="3" type="stmt"/>
        <line num="55" count="11" type="stmt"/>
        <line num="56" count="0" type="cond" truecount="0" falsecount="2"/>
        <line num="59" count="11" type="stmt"/>
        <line num="60" count="1" type="cond" truecount="1" falsecount="1"/>
        <line num="61" count="1" type="stmt"/>
        <line num="62" count="1" type="stmt"/>
        <line num="63" count="1" type="stmt"/>
        <line num="67" count="11" type="stmt"/>
        <line num="68" count="1" type="cond" truecount="1" falsecount="1"/>
        <line num="69" count="1" type="stmt"/>
        <line num="70" count="1" type="stmt"/>
        <line num="71" count="1" type="stmt"/>
        <line num="75" count="11" type="stmt"/>
        <line num="92" count="0" type="stmt"/>
        <line num="131" count="0" type="stmt"/>
      </file>
    </package>
    <package name="components.Admin">
      <metrics statements="118" coveredstatements="99" conditionals="137" coveredconditionals="96" methods="23" coveredmethods="22"/>
      <file name="AdminStats.jsx" path="C:\Users\xpert\Desktop\DUOC UC - Yeider\TAV SALIDA INTERMEDIA\front-salud-al-dia\src\components\Admin\AdminStats.jsx">
        <metrics statements="13" coveredstatements="13" conditionals="16" coveredconditionals="11" methods="6" coveredmethods="6"/>
        <line num="5" count="1" type="stmt"/>
        <line num="6" count="3" type="stmt"/>
        <line num="14" count="3" type="stmt"/>
        <line num="15" count="2" type="stmt"/>
        <line num="16" count="2" type="stmt"/>
        <line num="18" count="2" type="cond" truecount="4" falsecount="0"/>
        <line num="19" count="1" type="cond" truecount="1" falsecount="1"/>
        <line num="20" count="2" type="cond" truecount="1" falsecount="1"/>
        <line num="21" count="1" type="cond" truecount="1" falsecount="1"/>
        <line num="22" count="3" type="cond" truecount="2" falsecount="0"/>
        <line num="26" count="1" type="stmt"/>
        <line num="35" count="2" type="stmt"/>
        <line num="38" count="3" type="stmt"/>
      </file>
      <file name="RegisterSpecialistModal.jsx" path="C:\Users\xpert\Desktop\DUOC UC - Yeider\TAV SALIDA INTERMEDIA\front-salud-al-dia\src\components\Admin\RegisterSpecialistModal.jsx">
        <metrics statements="47" coveredstatements="38" conditionals="50" coveredconditionals="41" methods="5" coveredmethods="5"/>
        <line num="5" count="1" type="stmt"/>
        <line num="6" count="13" type="stmt"/>
        <line num="14" count="13" type="stmt"/>
        <line num="15" count="13" type="stmt"/>
        <line num="17" count="13" type="stmt"/>
        <line num="18" count="2" type="stmt"/>
        <line num="19" count="2" type="cond" truecount="1" falsecount="1"/>
        <line num="20" count="2" type="stmt"/>
        <line num="21" count="2" type="stmt"/>
        <line num="22" count="2" type="stmt"/>
        <line num="25" count="13" type="stmt"/>
        <line num="26" count="6" type="stmt"/>
        <line num="27" count="6" type="cond" truecount="2" falsecount="0"/>
        <line num="28" count="2" type="stmt"/>
        <line num="30" count="4" type="stmt"/>
        <line num="32" count="6" type="cond" truecount="1" falsecount="1"/>
        <line num="33" count="0" type="stmt"/>
        <line num="37" count="13" type="stmt"/>
        <line num="38" count="2" type="stmt"/>
        <line num="39" count="2" type="cond" truecount="4" falsecount="0"/>
        <line num="40" count="2" type="stmt"/>
        <line num="41" count="2" type="cond" truecount="2" falsecount="0"/>
        <line num="42" count="2" type="stmt"/>
        <line num="43" count="2" type="cond" truecount="2" falsecount="0"/>
        <line num="44" count="2" type="cond" truecount="2" falsecount="0"/>
        <line num="45" count="2" type="cond" truecount="2" falsecount="0"/>
        <line num="46" count="2" type="stmt"/>
        <line num="47" count="2" type="stmt"/>
        <line num="50" count="13" type="stmt"/>
        <line num="51" count="2" type="stmt"/>
        <line num="52" count="2" type="cond" truecount="2" falsecount="0"/>
        <line num="54" count="1" type="stmt"/>
        <line num="56" count="1" type="stmt"/>
        <line num="58" count="1" type="stmt"/>
        <line num="60" count="1" type="cond" truecount="1" falsecount="1"/>
        <line num="61" count="1" type="stmt"/>
        <line num="62" count="1" type="stmt"/>
        <line num="63" count="1" type="stmt"/>
        <line num="65" count="0" type="stmt"/>
        <line num="66" count="0" type="stmt"/>
        <line num="68" count="0" type="cond" truecount="0" falsecount="2"/>
        <line num="69" count="0" type="stmt"/>
        <line num="70" count="0" type="cond" truecount="0" falsecount="4"/>
        <line num="71" count="0" type="stmt"/>
        <line num="73" count="0" type="stmt"/>
        <line num="76" count="0" type="stmt"/>
        <line num="80" count="13" type="stmt"/>
      </file>
      <file name="UserRow.jsx" path="C:\Users\xpert\Desktop\DUOC UC - Yeider\TAV SALIDA INTERMEDIA\front-salud-al-dia\src\components\Admin\UserRow.jsx">
        <metrics statements="30" coveredstatements="20" conditionals="37" coveredconditionals="19" methods="5" coveredmethods="4"/>
        <line num="5" count="1" type="stmt"/>
        <line num="6" count="3" type="cond" truecount="1" falsecount="1"/>
        <line num="8" count="3" type="stmt"/>
        <line num="9" count="3" type="cond" truecount="1" falsecount="3"/>
        <line num="10" count="0" type="stmt"/>
        <line num="11" count="0" type="stmt"/>
        <line num="12" count="3" type="stmt"/>
        <line num="13" count="0" type="stmt"/>
        <line num="17" count="3" type="stmt"/>
        <line num="18" count="3" type="stmt"/>
        <line num="19" count="3" type="cond" truecount="1" falsecount="1"/>
        <line num="20" count="3" type="cond" truecount="1" falsecount="1"/>
        <line num="21" count="3" type="stmt"/>
        <line num="24" count="3" type="stmt"/>
        <line num="25" count="0" type="cond" truecount="0" falsecount="2"/>
        <line num="27" count="0" type="stmt"/>
        <line num="28" count="0" type="cond" truecount="0" falsecount="2"/>
        <line num="29" count="0" type="stmt"/>
        <line num="30" count="0" type="cond" truecount="0" falsecount="2"/>
        <line num="31" count="0" type="stmt"/>
        <line num="35" count="3" type="stmt"/>
        <line num="36" count="1" type="stmt"/>
        <line num="37" count="1" type="cond" truecount="1" falsecount="1"/>
        <line num="41" count="1" type="cond" truecount="1" falsecount="1"/>
        <line num="42" count="1" type="stmt"/>
        <line num="43" count="1" type="cond" truecount="1" falsecount="1"/>
        <line num="44" count="1" type="stmt"/>
        <line num="45" count="1" type="cond" truecount="1" falsecount="1"/>
        <line num="47" count="0" type="stmt"/>
        <line num="52" count="3" type="stmt"/>
      </file>
      <file name="UserTable.jsx" path="C:\Users\xpert\Desktop\DUOC UC - Yeider\TAV SALIDA INTERMEDIA\front-salud-al-dia\src\components\Admin\UserTable.jsx">
        <metrics statements="28" coveredstatements="28" conditionals="34" coveredconditionals="25" methods="7" coveredmethods="7"/>
        <line num="6" count="1" type="stmt"/>
        <line num="7" count="8" type="stmt"/>
        <line num="8" count="8" type="stmt"/>
        <line num="9" count="8" type="stmt"/>
        <line num="10" count="8" type="stmt"/>
        <line num="12" count="8" type="stmt"/>
        <line num="13" count="3" type="stmt"/>
        <line num="14" count="3" type="stmt"/>
        <line num="15" count="3" type="cond" truecount="1" falsecount="1"/>
        <line num="16" count="3" type="stmt"/>
        <line num="19" count="8" type="stmt"/>
        <line num="20" count="3" type="stmt"/>
        <line num="23" count="8" type="stmt"/>
        <line num="29" count="8" type="stmt"/>
        <line num="30" count="15" type="cond" truecount="4" falsecount="0"/>
        <line num="31" count="2" type="stmt"/>
        <line num="34" count="13" type="cond" truecount="1" falsecount="1"/>
        <line num="35" count="15" type="cond" truecount="1" falsecount="1"/>
        <line num="37" count="15" type="cond" truecount="3" falsecount="1"/>
        <line num="38" count="15" type="cond" truecount="2" falsecount="0"/>
        <line num="39" count="15" type="cond" truecount="2" falsecount="0"/>
        <line num="40" count="15" type="stmt"/>
        <line num="42" count="15" type="stmt"/>
        <line num="50" count="8" type="cond" truecount="2" falsecount="0"/>
        <line num="52" count="5" type="stmt"/>
        <line num="64" count="1" type="stmt"/>
        <line num="69" count="1" type="stmt"/>
        <line num="101" count="11" type="stmt"/>
      </file>
    </package>
    <package name="components.Chat">
      <metrics statements="29" coveredstatements="29" conditionals="24" coveredconditionals="22" methods="10" coveredmethods="10"/>
      <file name="ChatWidget.jsx" path="C:\Users\xpert\Desktop\DUOC UC - Yeider\TAV SALIDA INTERMEDIA\front-salud-al-dia\src\components\Chat\ChatWidget.jsx">
        <metrics statements="29" coveredstatements="29" conditionals="24" coveredconditionals="22" methods="10" coveredmethods="10"/>
        <line num="6" count="1" type="stmt"/>
        <line num="7" count="16" type="cond" truecount="2" falsecount="0"/>
        <line num="9" count="15" type="stmt"/>
        <line num="10" count="15" type="stmt"/>
        <line num="11" count="15" type="stmt"/>
        <line num="12" count="15" type="stmt"/>
        <line num="13" count="15" type="stmt"/>
        <line num="15" count="15" type="cond" truecount="1" falsecount="1"/>
        <line num="17" count="16" type="stmt"/>
        <line num="18" count="3" type="stmt"/>
        <line num="22" count="3" type="stmt"/>
        <line num="25" count="16" type="stmt"/>
        <line num="26" count="10" type="stmt"/>
        <line num="29" count="16" type="stmt"/>
        <line num="30" count="2" type="stmt"/>
        <line num="31" count="2" type="cond" truecount="3" falsecount="1"/>
        <line num="33" count="2" type="stmt"/>
        <line num="34" count="2" type="stmt"/>
        <line num="35" count="2" type="stmt"/>
        <line num="36" count="2" type="stmt"/>
        <line num="38" count="2" type="stmt"/>
        <line num="39" count="2" type="stmt"/>
        <line num="46" count="1" type="stmt"/>
        <line num="48" count="1" type="stmt"/>
        <line num="50" count="2" type="stmt"/>
        <line num="54" count="16" type="stmt"/>
        <line num="58" count="3" type="stmt"/>
        <line num="84" count="15" type="cond" truecount="2" falsecount="0"/>
        <line num="102" count="2" type="stmt"/>
      </file>
    </package>
    <package name="components.Dashboard">
      <metrics statements="30" coveredstatements="30" conditionals="31" coveredconditionals="30" methods="7" coveredmethods="7"/>
      <file name="GlucoseCard.jsx" path="C:\Users\xpert\Desktop\DUOC UC - Yeider\TAV SALIDA INTERMEDIA\front-salud-al-dia\src\components\Dashboard\GlucoseCard.jsx">
        <metrics statements="4" coveredstatements="4" conditionals="10" coveredconditionals="10" methods="1" coveredmethods="1"/>
        <line num="5" count="3" type="stmt"/>
        <line num="7" count="3" type="cond" truecount="4" falsecount="0"/>
        <line num="8" count="1" type="stmt"/>
        <line num="10" count="3" type="stmt"/>
      </file>
      <file name="HealthRegisterForm.jsx" path="C:\Users\xpert\Desktop\DUOC UC - Yeider\TAV SALIDA INTERMEDIA\front-salud-al-dia\src\components\Dashboard\HealthRegisterForm.jsx">
        <metrics statements="22" coveredstatements="22" conditionals="7" coveredconditionals="6" methods="5" coveredmethods="5"/>
        <line num="6" count="14" type="stmt"/>
        <line num="7" count="14" type="stmt"/>
        <line num="8" count="14" type="stmt"/>
        <line num="10" count="14" type="stmt"/>
        <line num="11" count="3" type="stmt"/>
        <line num="13" count="3" type="cond" truecount="5" falsecount="0"/>
        <line num="14" count="1" type="stmt"/>
        <line num="15" count="1" type="stmt"/>
        <line num="18" count="2" type="stmt"/>
        <line num="19" count="2" type="cond" truecount="1" falsecount="1"/>
        <line num="21" count="3" type="stmt"/>
        <line num="28" count="3" type="stmt"/>
        <line num="35" count="1" type="stmt"/>
        <line num="37" count="1" type="stmt"/>
        <line num="38" count="1" type="stmt"/>
        <line num="39" count="1" type="stmt"/>
        <line num="42" count="1" type="stmt"/>
        <line num="43" count="1" type="stmt"/>
        <line num="47" count="14" type="stmt"/>
        <line num="56" count="3" type="stmt"/>
        <line num="69" count="3" type="stmt"/>
        <line num="78" count="3" type="stmt"/>
      </file>
      <file name="PressureCard.jsx" path="C:\Users\xpert\Desktop\DUOC UC - Yeider\TAV SALIDA INTERMEDIA\front-salud-al-dia\src\components\Dashboard\PressureCard.jsx">
        <metrics statements="4" coveredstatements="4" conditionals="14" coveredconditionals="14" methods="1" coveredmethods="1"/>
        <line num="5" count="3" type="stmt"/>
        <line num="7" count="3" type="cond" truecount="6" falsecount="0"/>
        <line num="8" count="1" type="cond" truecount="2" falsecount="0"/>
        <line num="10" count="3" type="stmt"/>
      </file>
    </package>
    <package name="components.Guards">
      <metrics statements="33" coveredstatements="29" conditionals="22" coveredconditionals="18" methods="3" coveredmethods="3"/>
      <file name="AdminGuard.jsx" path="C:\Users\xpert\Desktop\DUOC UC - Yeider\TAV SALIDA INTERMEDIA\front-salud-al-dia\src\components\Guards\AdminGuard.jsx">
        <metrics statements="12" coveredstatements="11" conditionals="8" coveredconditionals="7" methods="1" coveredmethods="1"/>
        <line num="4" count="1" type="stmt"/>
        <line num="5" count="4" type="stmt"/>
        <line num="6" count="4" type="stmt"/>
        <line num="8" count="4" type="cond" truecount="2" falsecount="0"/>
        <line num="9" count="1" type="stmt"/>
        <line num="12" count="3" type="cond" truecount="2" falsecount="0"/>
        <line num="13" count="1" type="stmt"/>
        <line num="16" count="2" type="cond" truecount="2" falsecount="0"/>
        <line num="17" count="1" type="stmt"/>
        <line num="20" count="1" type="cond" truecount="1" falsecount="1"/>
        <line num="21" count="1" type="stmt"/>
        <line num="24" count="0" type="stmt"/>
      </file>
      <file name="PatientGuard.jsx" path="C:\Users\xpert\Desktop\DUOC UC - Yeider\TAV SALIDA INTERMEDIA\front-salud-al-dia\src\components\Guards\PatientGuard.jsx">
        <metrics statements="10" coveredstatements="8" conditionals="6" coveredconditionals="4" methods="1" coveredmethods="1"/>
        <line num="4" count="1" type="stmt"/>
        <line num="5" count="2" type="stmt"/>
        <line num="6" count="2" type="stmt"/>
        <line num="8" count="2" type="cond" truecount="2" falsecount="0"/>
        <line num="9" count="1" type="stmt"/>
        <line num="12" count="1" type="cond" truecount="1" falsecount="1"/>
        <line num="13" count="0" type="stmt"/>
        <line num="16" count="1" type="cond" truecount="1" falsecount="1"/>
        <line num="17" count="0" type="stmt"/>
        <line num="20" count="1" type="stmt"/>
      </file>
      <file name="SpecialistGuard.jsx" path="C:\Users\xpert\Desktop\DUOC UC - Yeider\TAV SALIDA INTERMEDIA\front-salud-al-dia\src\components\Guards\SpecialistGuard.jsx">
        <metrics statements="11" coveredstatements="10" conditionals="8" coveredconditionals="7" methods="1" coveredmethods="1"/>
        <line num="4" count="1" type="stmt"/>
        <line num="5" count="4" type="stmt"/>
        <line num="6" count="4" type="stmt"/>
        <line num="8" count="4" type="cond" truecount="2" falsecount="0"/>
        <line num="10" count="3" type="cond" truecount="2" falsecount="0"/>
        <line num="11" count="1" type="stmt"/>
        <line num="14" count="2" type="cond" truecount="2" falsecount="0"/>
        <line num="15" count="1" type="stmt"/>
        <line num="18" count="1" type="cond" truecount="1" falsecount="1"/>
        <line num="19" count="1" type="stmt"/>
        <line num="22" count="0" type="stmt"/>
      </file>
    </package>
    <package name="components.Landing">
      <metrics statements="2" coveredstatements="2" conditionals="0" coveredconditionals="0" methods="2" coveredmethods="2"/>
      <file name="DrChapatinSection.jsx" path="C:\Users\xpert\Desktop\DUOC UC - Yeider\TAV SALIDA INTERMEDIA\front-salud-al-dia\src\components\Landing\DrChapatinSection.jsx">
        <metrics statements="1" coveredstatements="1" conditionals="0" coveredconditionals="0" methods="1" coveredmethods="1"/>
        <line num="8" count="4" type="stmt"/>
      </file>
      <file name="HowToUseSection.jsx" path="C:\Users\xpert\Desktop\DUOC UC - Yeider\TAV SALIDA INTERMEDIA\front-salud-al-dia\src\components\Landing\HowToUseSection.jsx">
        <metrics statements="1" coveredstatements="1" conditionals="0" coveredconditionals="0" methods="1" coveredmethods="1"/>
        <line num="5" count="3" type="stmt"/>
      </file>
    </package>
    <package name="pages">
      <metrics statements="425" coveredstatements="289" conditionals="370" coveredconditionals="222" methods="84" coveredmethods="59"/>
      <file name="AboutPage.jsx" path="C:\Users\xpert\Desktop\DUOC UC - Yeider\TAV SALIDA INTERMEDIA\front-salud-al-dia\src\pages\AboutPage.jsx">
        <metrics statements="4" coveredstatements="4" conditionals="0" coveredconditionals="0" methods="2" coveredmethods="2"/>
        <line num="6" count="1" type="stmt"/>
        <line num="7" count="2" type="stmt"/>
        <line num="9" count="2" type="stmt"/>
        <line num="62" count="1" type="stmt"/>
      </file>
      <file name="AdminPage.jsx" path="C:\Users\xpert\Desktop\DUOC UC - Yeider\TAV SALIDA INTERMEDIA\front-salud-al-dia\src\pages\AdminPage.jsx">
        <metrics statements="8" coveredstatements="6" conditionals="2" coveredconditionals="2" methods="5" coveredmethods="2"/>
        <line num="8" count="1" type="stmt"/>
        <line num="9" count="3" type="stmt"/>
        <line num="10" count="3" type="stmt"/>
        <line num="12" count="3" type="stmt"/>
        <line num="13" count="0" type="stmt"/>
        <line num="16" count="3" type="stmt"/>
        <line num="27" count="1" type="stmt"/>
        <line num="43" count="0" type="stmt"/>
      </file>
      <file name="ContactPage.jsx" path="C:\Users\xpert\Desktop\DUOC UC - Yeider\TAV SALIDA INTERMEDIA\front-salud-al-dia\src\pages\ContactPage.jsx">
        <metrics statements="9" coveredstatements="9" conditionals="6" coveredconditionals="6" methods="5" coveredmethods="5"/>
        <line num="4" count="1" type="stmt"/>
        <line num="5" count="5" type="stmt"/>
        <line num="7" count="5" type="stmt"/>
        <line num="8" count="2" type="cond" truecount="2" falsecount="0"/>
        <line num="11" count="5" type="stmt"/>
        <line num="34" count="5" type="stmt"/>
        <line num="47" count="1" type="stmt"/>
        <line num="83" count="25" type="stmt"/>
        <line num="84" count="2" type="stmt"/>
      </file>
      <file name="Dashboard.jsx" path="C:\Users\xpert\Desktop\DUOC UC - Yeider\TAV SALIDA INTERMEDIA\front-salud-al-dia\src\pages\Dashboard.jsx">
        <metrics statements="16" coveredstatements="15" conditionals="14" coveredconditionals="11" methods="5" coveredmethods="5"/>
        <line num="9" count="3" type="stmt"/>
        <line num="11" count="3" type="stmt"/>
        <line num="18" count="3" type="stmt"/>
        <line num="20" count="3" type="stmt"/>
        <line num="21" count="2" type="stmt"/>
        <line num="23" count="2" type="cond" truecount="1" falsecount="1"/>
        <line num="25" count="2" type="stmt"/>
        <line num="26" count="2" type="stmt"/>
        <line num="30" count="2" type="cond" truecount="1" falsecount="1"/>
        <line num="32" count="2" type="stmt"/>
        <line num="34" count="2" type="stmt"/>
        <line num="41" count="0" type="stmt"/>
        <line num="45" count="2" type="cond" truecount="1" falsecount="1"/>
        <line num="48" count="3" type="stmt"/>
        <line num="67" count="1" type="stmt"/>
        <line num="78" count="1" type="stmt"/>
      </file>
      <file name="HealthRegisterPage.jsx" path="C:\Users\xpert\Desktop\DUOC UC - Yeider\TAV SALIDA INTERMEDIA\front-salud-al-dia\src\pages\HealthRegisterPage.jsx">
        <metrics statements="1" coveredstatements="1" conditionals="0" coveredconditionals="0" methods="1" coveredmethods="1"/>
        <line num="5" count="1" type="stmt"/>
      </file>
      <file name="HistoryPage.jsx" path="C:\Users\xpert\Desktop\DUOC UC - Yeider\TAV SALIDA INTERMEDIA\front-salud-al-dia\src\pages\HistoryPage.jsx">
        <metrics statements="17" coveredstatements="16" conditionals="16" coveredconditionals="11" methods="6" coveredmethods="6"/>
        <line num="8" count="5" type="stmt"/>
        <line num="9" count="5" type="stmt"/>
        <line num="11" count="5" type="cond" truecount="1" falsecount="1"/>
        <line num="13" count="5" type="stmt"/>
        <line num="14" count="3" type="cond" truecount="1" falsecount="1"/>
        <line num="16" count="3" type="stmt"/>
        <line num="17" count="3" type="stmt"/>
        <line num="18" count="3" type="stmt"/>
        <line num="22" count="3" type="stmt"/>
        <line num="24" count="0" type="stmt"/>
        <line num="28" count="3" type="stmt"/>
        <line num="31" count="5" type="stmt"/>
        <line num="38" count="1" type="stmt"/>
        <line num="45" count="1" type="stmt"/>
        <line num="54" count="1" type="stmt"/>
        <line num="56" count="1" type="cond" truecount="2" falsecount="0"/>
        <line num="58" count="1" type="stmt"/>
      </file>
      <file name="LoginPage.jsx" path="C:\Users\xpert\Desktop\DUOC UC - Yeider\TAV SALIDA INTERMEDIA\front-salud-al-dia\src\pages\LoginPage.jsx">
        <metrics statements="89" coveredstatements="18" conditionals="74" coveredconditionals="12" methods="13" coveredmethods="4"/>
        <line num="8" count="1" type="stmt"/>
        <line num="9" count="3" type="stmt"/>
        <line num="10" count="3" type="stmt"/>
        <line num="11" count="3" type="stmt"/>
        <line num="12" count="3" type="stmt"/>
        <line num="13" count="3" type="stmt"/>
        <line num="15" count="3" type="stmt"/>
        <line num="17" count="3" type="stmt"/>
        <line num="18" count="2" type="stmt"/>
        <line num="19" count="2" type="cond" truecount="1" falsecount="1"/>
        <line num="20" count="0" type="stmt"/>
        <line num="21" count="0" type="stmt"/>
        <line num="22" count="0" type="cond" truecount="0" falsecount="2"/>
        <line num="23" count="0" type="stmt"/>
        <line num="25" count="0" type="stmt"/>
        <line num="30" count="3" type="stmt"/>
        <line num="31" count="2" type="cond" truecount="1" falsecount="1"/>
        <line num="32" count="0" type="stmt"/>
        <line num="33" count="0" type="stmt"/>
        <line num="34" count="0" type="cond" truecount="0" falsecount="2"/>
        <line num="35" count="0" type="stmt"/>
        <line num="36" count="0" type="stmt"/>
        <line num="38" count="0" type="stmt"/>
        <line num="41" count="0" type="stmt"/>
        <line num="44" count="3" type="stmt"/>
        <line num="45" count="0" type="stmt"/>
        <line num="48" count="3" type="stmt"/>
        <line num="49" count="0" type="stmt"/>
        <line num="50" count="0" type="stmt"/>
        <line num="51" count="0" type="cond" truecount="0" falsecount="2"/>
        <line num="53" count="0" type="stmt"/>
        <line num="59" count="0" type="stmt"/>
        <line num="60" count="0" type="cond" truecount="0" falsecount="2"/>
        <line num="62" count="0" type="cond" truecount="0" falsecount="2"/>
        <line num="64" count="0" type="stmt"/>
        <line num="65" count="0" type="stmt"/>
        <line num="67" count="0" type="stmt"/>
        <line num="68" count="0" type="stmt"/>
        <line num="70" count="0" type="cond" truecount="0" falsecount="4"/>
        <line num="71" count="0" type="stmt"/>
        <line num="72" count="0" type="stmt"/>
        <line num="73" count="0" type="cond" truecount="0" falsecount="5"/>
        <line num="74" count="0" type="stmt"/>
        <line num="75" count="0" type="stmt"/>
        <line num="78" count="0" type="cond" truecount="0" falsecount="2"/>
        <line num="79" count="0" type="stmt"/>
        <line num="81" count="0" type="cond" truecount="0" falsecount="2"/>
        <line num="82" count="0" type="cond" truecount="0" falsecount="2"/>
        <line num="83" count="0" type="cond" truecount="0" falsecount="2"/>
        <line num="84" count="0" type="cond" truecount="0" falsecount="2"/>
        <line num="85" count="0" type="stmt"/>
        <line num="88" count="0" type="stmt"/>
        <line num="89" count="0" type="stmt"/>
        <line num="91" count="0" type="cond" truecount="0" falsecount="4"/>
        <line num="92" count="0" type="stmt"/>
        <line num="94" count="0" type="cond" truecount="0" falsecount="2"/>
        <line num="95" count="0" type="cond" truecount="0" falsecount="3"/>
        <line num="98" count="0" type="cond" truecount="0" falsecount="2"/>
        <line num="100" count="0" type="stmt"/>
        <line num="102" count="0" type="stmt"/>
        <line num="103" count="0" type="stmt"/>
        <line num="105" count="0" type="cond" truecount="0" falsecount="2"/>
        <line num="106" count="0" type="stmt"/>
        <line num="107" count="0" type="cond" truecount="0" falsecount="2"/>
        <line num="108" count="0" type="stmt"/>
        <line num="110" count="0" type="stmt"/>
        <line num="115" count="0" type="stmt"/>
        <line num="116" count="0" type="cond" truecount="0" falsecount="2"/>
        <line num="120" count="3" type="stmt"/>
        <line num="121" count="0" type="stmt"/>
        <line num="122" count="0" type="cond" truecount="0" falsecount="2"/>
        <line num="124" count="0" type="stmt"/>
        <line num="125" count="0" type="stmt"/>
        <line num="126" count="0" type="stmt"/>
        <line num="128" count="0" type="cond" truecount="0" falsecount="2"/>
        <line num="129" count="0" type="stmt"/>
        <line num="130" count="0" type="stmt"/>
        <line num="131" count="0" type="stmt"/>
        <line num="132" count="0" type="stmt"/>
        <line num="133" count="0" type="stmt"/>
        <line num="135" count="0" type="cond" truecount="0" falsecount="2"/>
        <line num="139" count="3" type="stmt"/>
        <line num="140" count="0" type="stmt"/>
        <line num="141" count="0" type="stmt"/>
        <line num="142" count="0" type="cond" truecount="0" falsecount="2"/>
        <line num="145" count="3" type="stmt"/>
        <line num="163" count="1" type="stmt"/>
        <line num="186" count="0" type="stmt"/>
        <line num="204" count="0" type="stmt"/>
      </file>
      <file name="MedicalRecords.jsx" path="C:\Users\xpert\Desktop\DUOC UC - Yeider\TAV SALIDA INTERMEDIA\front-salud-al-dia\src\pages\MedicalRecords.jsx">
        <metrics statements="44" coveredstatements="37" conditionals="39" coveredconditionals="28" methods="5" coveredmethods="5"/>
        <line num="7" count="1" type="stmt"/>
        <line num="8" count="10" type="stmt"/>
        <line num="10" count="10" type="stmt"/>
        <line num="20" count="10" type="stmt"/>
        <line num="21" count="10" type="stmt"/>
        <line num="23" count="10" type="stmt"/>
        <line num="24" count="4" type="stmt"/>
        <line num="25" count="4" type="stmt"/>
        <line num="27" count="4" type="cond" truecount="4" falsecount="0"/>
        <line num="28" count="1" type="stmt"/>
        <line num="29" count="1" type="stmt"/>
        <line num="33" count="10" type="stmt"/>
        <line num="34" count="5" type="stmt"/>
        <line num="36" count="5" type="cond" truecount="3" falsecount="1"/>
        <line num="37" count="5" type="cond" truecount="3" falsecount="1"/>
        <line num="39" count="5" type="stmt"/>
        <line num="45" count="10" type="stmt"/>
        <line num="46" count="1" type="stmt"/>
        <line num="47" count="1" type="stmt"/>
        <line num="49" count="1" type="cond" truecount="1" falsecount="1"/>
        <line num="50" count="1" type="stmt"/>
        <line num="52" count="1" type="cond" truecount="1" falsecount="1"/>
        <line num="53" count="1" type="cond" truecount="1" falsecount="1"/>
        <line num="54" count="0" type="stmt"/>
        <line num="56" count="1" type="stmt"/>
        <line num="59" count="0" type="stmt"/>
        <line num="65" count="10" type="cond" truecount="7" falsecount="0"/>
        <line num="73" count="10" type="stmt"/>
        <line num="74" count="1" type="stmt"/>
        <line num="76" count="1" type="cond" truecount="1" falsecount="1"/>
        <line num="77" count="0" type="stmt"/>
        <line num="78" count="0" type="stmt"/>
        <line num="81" count="1" type="cond" truecount="3" falsecount="1"/>
        <line num="82" count="0" type="stmt"/>
        <line num="83" count="0" type="stmt"/>
        <line num="86" count="1" type="stmt"/>
        <line num="87" count="1" type="stmt"/>
        <line num="89" count="1" type="stmt"/>
        <line num="91" count="1" type="stmt"/>
        <line num="92" count="1" type="stmt"/>
        <line num="98" count="1" type="stmt"/>
        <line num="99" count="1" type="stmt"/>
        <line num="101" count="0" type="cond" truecount="0" falsecount="2"/>
        <line num="105" count="10" type="stmt"/>
      </file>
      <file name="PatientFile.jsx" path="C:\Users\xpert\Desktop\DUOC UC - Yeider\TAV SALIDA INTERMEDIA\front-salud-al-dia\src\pages\PatientFile.jsx">
        <metrics statements="48" coveredstatements="37" conditionals="73" coveredconditionals="48" methods="9" coveredmethods="6"/>
        <line num="30" count="1" type="stmt"/>
        <line num="31" count="5" type="stmt"/>
        <line num="32" count="5" type="stmt"/>
        <line num="33" count="5" type="stmt"/>
        <line num="34" count="5" type="stmt"/>
        <line num="35" count="5" type="stmt"/>
        <line num="36" count="5" type="stmt"/>
        <line num="37" count="5" type="stmt"/>
        <line num="39" count="5" type="stmt"/>
        <line num="40" count="5" type="stmt"/>
        <line num="41" count="5" type="stmt"/>
        <line num="42" count="5" type="stmt"/>
        <line num="43" count="5" type="cond" truecount="1" falsecount="1"/>
        <line num="44" count="0" type="stmt"/>
        <line num="45" count="0" type="stmt"/>
        <line num="48" count="5" type="stmt"/>
        <line num="55" count="2" type="stmt"/>
        <line num="56" count="2" type="stmt"/>
        <line num="57" count="2" type="stmt"/>
        <line num="58" count="2" type="stmt"/>
        <line num="61" count="0" type="stmt"/>
        <line num="63" count="2" type="stmt"/>
        <line num="66" count="5" type="cond" truecount="1" falsecount="1"/>
        <line num="69" count="5" type="stmt"/>
        <line num="70" count="1" type="cond" truecount="4" falsecount="1"/>
        <line num="71" count="1" type="stmt"/>
        <line num="72" count="1" type="stmt"/>
        <line num="75" count="5" type="stmt"/>
        <line num="76" count="1" type="stmt"/>
        <line num="78" count="1" type="cond" truecount="1" falsecount="1"/>
        <line num="79" count="1" type="cond" truecount="1" falsecount="1"/>
        <line num="80" count="0" type="stmt"/>
        <line num="81" count="1" type="cond" truecount="1" falsecount="1"/>
        <line num="82" count="0" type="stmt"/>
        <line num="86" count="1" type="cond" truecount="3" falsecount="1"/>
        <line num="87" count="1" type="cond" truecount="3" falsecount="1"/>
        <line num="88" count="0" type="stmt"/>
        <line num="89" count="1" type="cond" truecount="3" falsecount="1"/>
        <line num="90" count="0" type="stmt"/>
        <line num="94" count="1" type="cond" truecount="1" falsecount="1"/>
        <line num="95" count="1" type="stmt"/>
        <line num="98" count="0" type="stmt"/>
        <line num="101" count="0" type="stmt"/>
        <line num="109" count="5" type="cond" truecount="2" falsecount="0"/>
        <line num="111" count="2" type="stmt"/>
        <line num="115" count="0" type="stmt"/>
        <line num="228" count="0" type="stmt"/>
        <line num="244" count="1" type="stmt"/>
      </file>
      <file name="ProfilePage.jsx" path="C:\Users\xpert\Desktop\DUOC UC - Yeider\TAV SALIDA INTERMEDIA\front-salud-al-dia\src\pages\ProfilePage.jsx">
        <metrics statements="62" coveredstatements="33" conditionals="58" coveredconditionals="38" methods="11" coveredmethods="5"/>
        <line num="8" count="1" type="stmt"/>
        <line num="9" count="13" type="stmt"/>
        <line num="10" count="13" type="stmt"/>
        <line num="11" count="13" type="stmt"/>
        <line num="12" count="13" type="stmt"/>
        <line num="13" count="13" type="stmt"/>
        <line num="14" count="13" type="stmt"/>
        <line num="15" count="13" type="stmt"/>
        <line num="16" count="13" type="stmt"/>
        <line num="18" count="13" type="stmt"/>
        <line num="19" count="5" type="stmt"/>
        <line num="20" count="5" type="stmt"/>
        <line num="22" count="5" type="cond" truecount="2" falsecount="0"/>
        <line num="23" count="5" type="cond" truecount="2" falsecount="0"/>
        <line num="25" count="4" type="stmt"/>
        <line num="26" count="4" type="stmt"/>
        <line num="27" count="4" type="stmt"/>
        <line num="29" count="4" type="cond" truecount="2" falsecount="0"/>
        <line num="30" count="5" type="stmt"/>
        <line num="32" count="5" type="cond" truecount="2" falsecount="0"/>
        <line num="33" count="1" type="stmt"/>
        <line num="34" count="1" type="stmt"/>
        <line num="37" count="0" type="stmt"/>
        <line num="39" count="4" type="stmt"/>
        <line num="43" count="13" type="stmt"/>
        <line num="45" count="13" type="stmt"/>
        <line num="46" count="0" type="stmt"/>
        <line num="47" count="0" type="cond" truecount="0" falsecount="5"/>
        <line num="48" count="0" type="cond" truecount="0" falsecount="5"/>
        <line num="49" count="0" type="stmt"/>
        <line num="52" count="13" type="stmt"/>
        <line num="53" count="0" type="stmt"/>
        <line num="54" count="0" type="cond" truecount="0" falsecount="2"/>
        <line num="57" count="13" type="stmt"/>
        <line num="58" count="0" type="cond" truecount="0" falsecount="4"/>
        <line num="59" count="0" type="stmt"/>
        <line num="60" count="0" type="stmt"/>
        <line num="63" count="0" type="stmt"/>
        <line num="64" count="0" type="stmt"/>
        <line num="65" count="0" type="stmt"/>
        <line num="66" count="0" type="stmt"/>
        <line num="72" count="0" type="stmt"/>
        <line num="73" count="0" type="stmt"/>
        <line num="74" count="0" type="stmt"/>
        <line num="75" count="0" type="stmt"/>
        <line num="76" count="0" type="stmt"/>
        <line num="78" count="0" type="stmt"/>
        <line num="82" count="13" type="stmt"/>
        <line num="83" count="0" type="stmt"/>
        <line num="84" count="0" type="cond" truecount="0" falsecount="2"/>
        <line num="85" count="0" type="stmt"/>
        <line num="86" count="0" type="cond" truecount="0" falsecount="2"/>
        <line num="87" count="0" type="stmt"/>
        <line num="88" count="0" type="stmt"/>
        <line num="90" count="0" type="stmt"/>
        <line num="94" count="13" type="cond" truecount="2" falsecount="0"/>
        <line num="96" count="6" type="cond" truecount="2" falsecount="0"/>
        <line num="106" count="5" type="stmt"/>
        <line num="117" count="1" type="stmt"/>
        <line num="202" count="1" type="stmt"/>
        <line num="211" count="0" type="stmt"/>
        <line num="226" count="0" type="stmt"/>
      </file>
      <file name="RegisterPage.jsx" path="C:\Users\xpert\Desktop\DUOC UC - Yeider\TAV SALIDA INTERMEDIA\front-salud-al-dia\src\pages\RegisterPage.jsx">
        <metrics statements="41" coveredstatements="38" conditionals="28" coveredconditionals="17" methods="4" coveredmethods="4"/>
        <line num="8" count="1" type="stmt"/>
        <line num="9" count="15" type="stmt"/>
        <line num="10" count="15" type="stmt"/>
        <line num="11" count="15" type="stmt"/>
        <line num="15" count="15" type="stmt"/>
        <line num="16" count="8" type="stmt"/>
        <line num="17" count="8" type="cond" truecount="1" falsecount="1"/>
        <line num="20" count="15" type="stmt"/>
        <line num="21" count="2" type="stmt"/>
        <line num="22" count="2" type="cond" truecount="1" falsecount="1"/>
        <line num="23" count="2" type="stmt"/>
        <line num="27" count="2" type="cond" truecount="1" falsecount="1"/>
        <line num="30" count="15" type="stmt"/>
        <line num="31" count="2" type="stmt"/>
        <line num="32" count="2" type="stmt"/>
        <line num="34" count="2" type="cond" truecount="2" falsecount="0"/>
        <line num="35" count="1" type="stmt"/>
        <line num="36" count="1" type="stmt"/>
        <line num="39" count="1" type="cond" truecount="1" falsecount="1"/>
        <line num="40" count="0" type="stmt"/>
        <line num="41" count="0" type="stmt"/>
        <line num="44" count="1" type="stmt"/>
        <line num="45" count="1" type="cond" truecount="1" falsecount="1"/>
        <line num="47" count="2" type="stmt"/>
        <line num="51" count="1" type="stmt"/>
        <line num="53" count="1" type="cond" truecount="2" falsecount="2"/>
        <line num="54" count="1" type="stmt"/>
        <line num="55" count="1" type="stmt"/>
        <line num="57" count="1" type="cond" truecount="3" falsecount="1"/>
        <line num="58" count="1" type="stmt"/>
        <line num="61" count="1" type="cond" truecount="3" falsecount="1"/>
        <line num="62" count="1" type="stmt"/>
        <line num="65" count="1" type="stmt"/>
        <line num="66" count="1" type="stmt"/>
        <line num="67" count="1" type="stmt"/>
        <line num="68" count="1" type="stmt"/>
        <line num="70" count="1" type="stmt"/>
        <line num="72" count="1" type="stmt"/>
        <line num="73" count="1" type="stmt"/>
        <line num="76" count="0" type="cond" truecount="0" falsecount="2"/>
        <line num="80" count="15" type="stmt"/>
      </file>
      <file name="ResetPassword.jsx" path="C:\Users\xpert\Desktop\DUOC UC - Yeider\TAV SALIDA INTERMEDIA\front-salud-al-dia\src\pages\ResetPassword.jsx">
        <metrics statements="33" coveredstatements="28" conditionals="18" coveredconditionals="13" methods="6" coveredmethods="4"/>
        <line num="7" count="1" type="stmt"/>
        <line num="8" count="11" type="stmt"/>
        <line num="9" count="11" type="stmt"/>
        <line num="10" count="11" type="stmt"/>
        <line num="12" count="11" type="stmt"/>
        <line num="13" count="11" type="stmt"/>
        <line num="14" count="11" type="stmt"/>
        <line num="15" count="11" type="stmt"/>
        <line num="17" count="11" type="stmt"/>
        <line num="18" count="4" type="cond" truecount="2" falsecount="0"/>
        <line num="19" count="1" type="stmt"/>
        <line num="23" count="11" type="stmt"/>
        <line num="24" count="4" type="stmt"/>
        <line num="27" count="11" type="stmt"/>
        <line num="28" count="2" type="stmt"/>
        <line num="29" count="2" type="stmt"/>
        <line num="31" count="2" type="cond" truecount="2" falsecount="0"/>
        <line num="32" count="1" type="stmt"/>
        <line num="33" count="1" type="stmt"/>
        <line num="36" count="1" type="cond" truecount="1" falsecount="1"/>
        <line num="37" count="0" type="stmt"/>
        <line num="38" count="0" type="stmt"/>
        <line num="41" count="1" type="stmt"/>
        <line num="43" count="1" type="stmt"/>
        <line num="45" count="1" type="cond" truecount="1" falsecount="1"/>
        <line num="46" count="1" type="stmt"/>
        <line num="47" count="1" type="stmt"/>
        <line num="49" count="0" type="stmt"/>
        <line num="50" count="0" type="stmt"/>
        <line num="54" count="11" type="cond" truecount="2" falsecount="0"/>
        <line num="55" count="1" type="stmt"/>
        <line num="67" count="10" type="stmt"/>
        <line num="90" count="0" type="stmt"/>
      </file>
      <file name="SpecialistDashboard.jsx" path="C:\Users\xpert\Desktop\DUOC UC - Yeider\TAV SALIDA INTERMEDIA\front-salud-al-dia\src\pages\SpecialistDashboard.jsx">
        <metrics statements="53" coveredstatements="47" conditionals="42" coveredconditionals="36" methods="12" coveredmethods="10"/>
        <line num="7" count="1" type="stmt"/>
        <line num="8" count="11" type="stmt"/>
        <line num="9" count="11" type="stmt"/>
        <line num="10" count="11" type="stmt"/>
        <line num="11" count="11" type="stmt"/>
        <line num="12" count="11" type="stmt"/>
        <line num="14" count="11" type="stmt"/>
        <line num="15" count="5" type="stmt"/>
        <line num="16" count="5" type="stmt"/>
        <line num="17" count="5" type="stmt"/>
        <line num="18" count="5" type="stmt"/>
        <line num="20" count="5" type="stmt"/>
        <line num="22" count="7" type="stmt"/>
        <line num="23" count="7" type="stmt"/>
        <line num="25" count="7" type="cond" truecount="2" falsecount="0"/>
        <line num="26" count="7" type="cond" truecount="2" falsecount="0"/>
        <line num="28" count="7" type="stmt"/>
        <line num="29" count="7" type="cond" truecount="4" falsecount="0"/>
        <line num="30" count="8" type="stmt"/>
        <line num="31" count="4" type="stmt"/>
        <line num="32" count="4" type="stmt"/>
        <line num="35" count="7" type="stmt"/>
        <line num="36" count="7" type="stmt"/>
        <line num="38" count="7" type="stmt"/>
        <line num="39" count="7" type="stmt"/>
        <line num="40" count="7" type="stmt"/>
        <line num="42" count="7" type="cond" truecount="5" falsecount="0"/>
        <line num="43" count="1" type="stmt"/>
        <line num="44" count="1" type="stmt"/>
        <line num="45" count="6" type="cond" truecount="3" falsecount="1"/>
        <line num="46" count="0" type="stmt"/>
        <line num="47" count="0" type="stmt"/>
        <line num="50" count="7" type="stmt"/>
        <line num="57" count="0" type="stmt"/>
        <line num="67" count="5" type="stmt"/>
        <line num="69" count="0" type="stmt"/>
        <line num="71" count="5" type="stmt"/>
        <line num="75" count="5" type="stmt"/>
        <line num="78" count="11" type="stmt"/>
        <line num="79" count="11" type="cond" truecount="2" falsecount="2"/>
        <line num="80" count="11" type="cond" truecount="1" falsecount="1"/>
        <line num="81" count="11" type="stmt"/>
        <line num="82" count="11" type="cond" truecount="2" falsecount="0"/>
        <line num="84" count="11" type="cond" truecount="2" falsecount="0"/>
        <line num="85" count="10" type="cond" truecount="2" falsecount="0"/>
        <line num="86" count="2" type="stmt"/>
        <line num="89" count="11" type="stmt"/>
        <line num="107" count="1" type="stmt"/>
        <line num="114" count="0" type="stmt"/>
        <line num="120" count="1" type="stmt"/>
        <line num="126" count="0" type="stmt"/>
        <line num="147" count="9" type="stmt"/>
        <line num="166" count="1" type="stmt"/>
      </file>
    </package>
    <package name="services">
      <metrics statements="140" coveredstatements="121" conditionals="44" coveredconditionals="23" methods="26" coveredmethods="23"/>
      <file name="AdminService.js" path="C:\Users\xpert\Desktop\DUOC UC - Yeider\TAV SALIDA INTERMEDIA\front-salud-al-dia\src\services\AdminService.js">
        <metrics statements="42" coveredstatements="32" conditionals="12" coveredconditionals="2" methods="9" coveredmethods="7"/>
        <line num="3" count="2" type="cond" truecount="1" falsecount="1"/>
        <line num="5" count="10" type="stmt"/>
        <line num="12" count="2" type="stmt"/>
        <line num="13" count="2" type="stmt"/>
        <line num="14" count="2" type="stmt"/>
        <line num="15" count="1" type="stmt"/>
        <line num="17" count="1" type="stmt"/>
        <line num="21" count="2" type="stmt"/>
        <line num="22" count="2" type="stmt"/>
        <line num="23" count="2" type="stmt"/>
        <line num="24" count="1" type="stmt"/>
        <line num="26" count="1" type="stmt"/>
        <line num="30" count="2" type="stmt"/>
        <line num="31" count="2" type="stmt"/>
        <line num="32" count="2" type="stmt"/>
        <line num="33" count="1" type="stmt"/>
        <line num="35" count="1" type="cond" truecount="1" falsecount="1"/>
        <line num="39" count="2" type="stmt"/>
        <line num="40" count="0" type="stmt"/>
        <line num="41" count="0" type="stmt"/>
        <line num="42" count="0" type="stmt"/>
        <line num="44" count="0" type="cond" truecount="0" falsecount="2"/>
        <line num="48" count="2" type="stmt"/>
        <line num="49" count="0" type="stmt"/>
        <line num="50" count="0" type="stmt"/>
        <line num="51" count="0" type="stmt"/>
        <line num="53" count="0" type="cond" truecount="0" falsecount="2"/>
        <line num="57" count="2" type="stmt"/>
        <line num="58" count="1" type="stmt"/>
        <line num="59" count="1" type="stmt"/>
        <line num="60" count="1" type="stmt"/>
        <line num="62" count="0" type="cond" truecount="0" falsecount="2"/>
        <line num="66" count="2" type="stmt"/>
        <line num="67" count="1" type="stmt"/>
        <line num="68" count="1" type="stmt"/>
        <line num="69" count="1" type="stmt"/>
        <line num="71" count="0" type="cond" truecount="0" falsecount="2"/>
        <line num="75" count="2" type="stmt"/>
        <line num="76" count="2" type="stmt"/>
        <line num="77" count="2" type="stmt"/>
        <line num="78" count="1" type="stmt"/>
        <line num="80" count="1" type="stmt"/>
      </file>
      <file name="AuthService.js" path="C:\Users\xpert\Desktop\DUOC UC - Yeider\TAV SALIDA INTERMEDIA\front-salud-al-dia\src\services\AuthService.js">
        <metrics statements="24" coveredstatements="24" conditionals="12" coveredconditionals="8" methods="4" coveredmethods="4"/>
        <line num="3" count="1" type="cond" truecount="1" falsecount="1"/>
        <line num="4" count="1" type="cond" truecount="1" falsecount="1"/>
        <line num="6" count="1" type="stmt"/>
        <line num="7" count="4" type="cond" truecount="1" falsecount="1"/>
        <line num="8" count="4" type="stmt"/>
        <line num="16" count="1" type="stmt"/>
        <line num="17" count="3" type="stmt"/>
        <line num="18" count="3" type="stmt"/>
        <line num="19" count="3" type="stmt"/>
        <line num="21" count="3" type="cond" truecount="4" falsecount="0"/>
        <line num="23" count="2" type="stmt"/>
        <line num="29" count="1" type="stmt"/>
        <line num="31" count="1" type="stmt"/>
        <line num="35" count="1" type="stmt"/>
        <line num="36" count="2" type="stmt"/>
        <line num="37" count="2" type="stmt"/>
        <line num="41" count="1" type="stmt"/>
        <line num="43" count="1" type="stmt"/>
        <line num="44" count="1" type="stmt"/>
        <line num="48" count="1" type="stmt"/>
        <line num="49" count="2" type="stmt"/>
        <line num="50" count="2" type="stmt"/>
        <line num="55" count="1" type="stmt"/>
        <line num="57" count="1" type="cond" truecount="1" falsecount="1"/>
      </file>
      <file name="MedicalService.js" path="C:\Users\xpert\Desktop\DUOC UC - Yeider\TAV SALIDA INTERMEDIA\front-salud-al-dia\src\services\MedicalService.js">
        <metrics statements="23" coveredstatements="23" conditionals="10" coveredconditionals="7" methods="4" coveredmethods="4"/>
        <line num="3" count="1" type="cond" truecount="1" falsecount="1"/>
        <line num="5" count="7" type="stmt"/>
        <line num="12" count="1" type="stmt"/>
        <line num="13" count="2" type="stmt"/>
        <line num="14" count="2" type="stmt"/>
        <line num="15" count="1" type="stmt"/>
        <line num="17" count="1" type="stmt"/>
        <line num="18" count="1" type="cond" truecount="1" falsecount="1"/>
        <line num="22" count="1" type="stmt"/>
        <line num="23" count="3" type="stmt"/>
        <line num="24" count="3" type="stmt"/>
        <line num="25" count="1" type="stmt"/>
        <line num="27" count="2" type="cond" truecount="4" falsecount="0"/>
        <line num="28" count="1" type="stmt"/>
        <line num="29" count="1" type="stmt"/>
        <line num="31" count="1" type="stmt"/>
        <line num="32" count="1" type="stmt"/>
        <line num="36" count="1" type="stmt"/>
        <line num="37" count="2" type="stmt"/>
        <line num="38" count="2" type="stmt"/>
        <line num="39" count="1" type="stmt"/>
        <line num="41" count="1" type="stmt"/>
        <line num="42" count="1" type="cond" truecount="1" falsecount="1"/>
      </file>
      <file name="SpecialistService.js" path="C:\Users\xpert\Desktop\DUOC UC - Yeider\TAV SALIDA INTERMEDIA\front-salud-al-dia\src\services\SpecialistService.js">
        <metrics statements="36" coveredstatements="27" conditionals="10" coveredconditionals="6" methods="7" coveredmethods="6"/>
        <line num="3" count="1" type="cond" truecount="1" falsecount="1"/>
        <line num="4" count="1" type="cond" truecount="1" falsecount="1"/>
        <line num="5" count="1" type="cond" truecount="1" falsecount="1"/>
        <line num="7" count="6" type="stmt"/>
        <line num="14" count="1" type="stmt"/>
        <line num="15" count="0" type="stmt"/>
        <line num="16" count="0" type="stmt"/>
        <line num="17" count="0" type="stmt"/>
        <line num="19" count="0" type="stmt"/>
        <line num="20" count="0" type="stmt"/>
        <line num="24" count="1" type="stmt"/>
        <line num="25" count="2" type="stmt"/>
        <line num="26" count="2" type="stmt"/>
        <line num="27" count="1" type="stmt"/>
        <line num="29" count="1" type="stmt"/>
        <line num="30" count="1" type="stmt"/>
        <line num="34" count="1" type="stmt"/>
        <line num="35" count="1" type="stmt"/>
        <line num="36" count="1" type="stmt"/>
        <line num="37" count="0" type="stmt"/>
        <line num="39" count="1" type="cond" truecount="3" falsecount="1"/>
        <line num="40" count="1" type="stmt"/>
        <line num="42" count="0" type="stmt"/>
        <line num="43" count="0" type="stmt"/>
        <line num="47" count="1" type="stmt"/>
        <line num="48" count="2" type="stmt"/>
        <line num="49" count="2" type="stmt"/>
        <line num="50" count="1" type="stmt"/>
        <line num="52" count="1" type="stmt"/>
        <line num="56" count="1" type="stmt"/>
        <line num="57" count="1" type="stmt"/>
        <line num="58" count="1" type="stmt"/>
        <line num="59" count="1" type="stmt"/>
        <line num="61" count="0" type="stmt"/>
        <line num="65" count="1" type="stmt"/>
        <line num="66" count="1" type="stmt"/>
      </file>
      <file name="downloadService.js" path="C:\Users\xpert\Desktop\DUOC UC - Yeider\TAV SALIDA INTERMEDIA\front-salud-al-dia\src\services\downloadService.js">
        <metrics statements="14" coveredstatements="14" conditionals="0" coveredconditionals="0" methods="1" coveredmethods="1"/>
        <line num="4" count="1" type="stmt"/>
        <line num="7" count="2" type="stmt"/>
        <line num="8" count="2" type="stmt"/>
        <line num="13" count="1" type="stmt"/>
        <line num="14" count="1" type="stmt"/>
        <line num="16" count="1" type="stmt"/>
        <line num="21" count="1" type="stmt"/>
        <line num="22" count="1" type="stmt"/>
        <line num="23" count="1" type="stmt"/>
        <line num="25" count="1" type="stmt"/>
        <line num="26" count="1" type="stmt"/>
        <line num="28" count="1" type="stmt"/>
        <line num="29" count="1" type="stmt"/>
        <line num="32" count="1" type="stmt"/>
      </file>
      <file name="readingsService.js" path="C:\Users\xpert\Desktop\DUOC UC - Yeider\TAV SALIDA INTERMEDIA\front-salud-al-dia\src\services\readingsService.js">
        <metrics statements="1" coveredstatements="1" conditionals="0" coveredconditionals="0" methods="1" coveredmethods="1"/>
        <line num="2" count="1" type="stmt"/>
      </file>
    </package>
    <package name="utils">
      <metrics statements="27" coveredstatements="27" conditionals="12" coveredconditionals="10" methods="6" coveredmethods="6"/>
      <file name="formatDate.js" path="C:\Users\xpert\Desktop\DUOC UC - Yeider\TAV SALIDA INTERMEDIA\front-salud-al-dia\src\utils\formatDate.js">
        <metrics statements="8" coveredstatements="8" conditionals="4" coveredconditionals="4" methods="2" coveredmethods="2"/>
        <line num="2" count="5" type="cond" truecount="2" falsecount="0"/>
        <line num="4" count="3" type="stmt"/>
        <line num="6" count="3" type="stmt"/>
        <line num="12" count="3" type="stmt"/>
        <line num="13" count="3" type="stmt"/>
        <line num="15" count="3" type="cond" truecount="2" falsecount="0"/>
        <line num="17" count="5" type="stmt"/>
        <line num="18" count="3" type="stmt"/>
      </file>
      <file name="formatDateDownload.js" path="C:\Users\xpert\Desktop\DUOC UC - Yeider\TAV SALIDA INTERMEDIA\front-salud-al-dia\src\utils\formatDateDownload.js">
        <metrics statements="8" coveredstatements="8" conditionals="4" coveredconditionals="3" methods="2" coveredmethods="2"/>
        <line num="2" count="2" type="cond" truecount="2" falsecount="0"/>
        <line num="4" count="1" type="stmt"/>
        <line num="6" count="1" type="stmt"/>
        <line num="13" count="1" type="stmt"/>
        <line num="14" count="1" type="stmt"/>
        <line num="15" count="1" type="cond" truecount="1" falsecount="1"/>
        <line num="17" count="2" type="stmt"/>
        <line num="18" count="1" type="stmt"/>
      </file>
      <file name="validations.js" path="C:\Users\xpert\Desktop\DUOC UC - Yeider\TAV SALIDA INTERMEDIA\front-salud-al-dia\src\utils\validations.js">
        <metrics statements="11" coveredstatements="11" conditionals="4" coveredconditionals="3" methods="2" coveredmethods="2"/>
        <line num="1" count="1" type="stmt"/>
        <line num="2" count="6" type="cond" truecount="2" falsecount="0"/>
        <line num="3" count="4" type="stmt"/>
        <line num="4" count="4" type="cond" truecount="1" falsecount="1"/>
        <line num="6" count="4" type="stmt"/>
        <line num="7" count="4" type="stmt"/>
        <line num="8" count="4" type="stmt"/>
        <line num="10" count="4" type="stmt"/>
        <line num="13" count="1" type="stmt"/>
        <line num="14" count="5" type="stmt"/>
        <line num="15" count="5" type="stmt"/>
      </file>
    </package>
  </project>
</coverage>
