{"C:\\Users\\xpert\\Desktop\\DUOC UC - Yeider\\TAV SALIDA INTERMEDIA\\front-salud-al-dia\\src\\Styles\\AboutStyles.css": {"path":"C:\\Users\\xpert\\Desktop\\DUOC UC - Yeider\\TAV SALIDA INTERMEDIA\\front-salud-al-dia\\src\\Styles\\AboutStyles.css","statementMap":{},"fnMap":{},"branchMap":{},"s":{},"f":{},"b":{},"meta":{"lastBranch":0,"lastFunction":0,"lastStatement":0,"seen":{}}}
,"C:\\Users\\xpert\\Desktop\\DUOC UC - Yeider\\TAV SALIDA INTERMEDIA\\front-salud-al-dia\\src\\Styles\\AdminStyles.css": {"path":"C:\\Users\\xpert\\Desktop\\DUOC UC - Yeider\\TAV SALIDA INTERMEDIA\\front-salud-al-dia\\src\\Styles\\AdminStyles.css","statementMap":{},"fnMap":{},"branchMap":{},"s":{},"f":{},"b":{},"meta":{"lastBranch":0,"lastFunction":0,"lastStatement":0,"seen":{}}}
,"C:\\Users\\xpert\\Desktop\\DUOC UC - Yeider\\TAV SALIDA INTERMEDIA\\front-salud-al-dia\\src\\Styles\\ChatWidgetStyles.css": {"path":"C:\\Users\\xpert\\Desktop\\DUOC UC - Yeider\\TAV SALIDA INTERMEDIA\\front-salud-al-dia\\src\\Styles\\ChatWidgetStyles.css","statementMap":{},"fnMap":{},"branchMap":{},"s":{},"f":{},"b":{},"meta":{"lastBranch":0,"lastFunction":0,"lastStatement":0,"seen":{}}}
,"C:\\Users\\xpert\\Desktop\\DUOC UC - Yeider\\TAV SALIDA INTERMEDIA\\front-salud-al-dia\\src\\Styles\\ContactStyles.css": {"path":"C:\\Users\\xpert\\Desktop\\DUOC UC - Yeider\\TAV SALIDA INTERMEDIA\\front-salud-al-dia\\src\\Styles\\ContactStyles.css","statementMap":{},"fnMap":{},"branchMap":{},"s":{},"f":{},"b":{},"meta":{"lastBranch":0,"lastFunction":0,"lastStatement":0,"seen":{}}}
,"C:\\Users\\xpert\\Desktop\\DUOC UC - Yeider\\TAV SALIDA INTERMEDIA\\front-salud-al-dia\\src\\Styles\\DashboardStyles.css": {"path":"C:\\Users\\xpert\\Desktop\\DUOC UC - Yeider\\TAV SALIDA INTERMEDIA\\front-salud-al-dia\\src\\Styles\\DashboardStyles.css","statementMap":{},"fnMap":{},"branchMap":{},"s":{},"f":{},"b":{},"meta":{"lastBranch":0,"lastFunction":0,"lastStatement":0,"seen":{}}}
,"C:\\Users\\xpert\\Desktop\\DUOC UC - Yeider\\TAV SALIDA INTERMEDIA\\front-salud-al-dia\\src\\Styles\\DrChapatinSection.css": {"path":"C:\\Users\\xpert\\Desktop\\DUOC UC - Yeider\\TAV SALIDA INTERMEDIA\\front-salud-al-dia\\src\\Styles\\DrChapatinSection.css","statementMap":{},"fnMap":{},"branchMap":{},"s":{},"f":{},"b":{},"meta":{"lastBranch":0,"lastFunction":0,"lastStatement":0,"seen":{}}}
,"C:\\Users\\xpert\\Desktop\\DUOC UC - Yeider\\TAV SALIDA INTERMEDIA\\front-salud-al-dia\\src\\Styles\\HistoryStyles.css": {"path":"C:\\Users\\xpert\\Desktop\\DUOC UC - Yeider\\TAV SALIDA INTERMEDIA\\front-salud-al-dia\\src\\Styles\\HistoryStyles.css","statementMap":{},"fnMap":{},"branchMap":{},"s":{},"f":{},"b":{},"meta":{"lastBranch":0,"lastFunction":0,"lastStatement":0,"seen":{}}}
,"C:\\Users\\xpert\\Desktop\\DUOC UC - Yeider\\TAV SALIDA INTERMEDIA\\front-salud-al-dia\\src\\Styles\\HowToUseSection.css": {"path":"C:\\Users\\xpert\\Desktop\\DUOC UC - Yeider\\TAV SALIDA INTERMEDIA\\front-salud-al-dia\\src\\Styles\\HowToUseSection.css","statementMap":{},"fnMap":{},"branchMap":{},"s":{},"f":{},"b":{},"meta":{"lastBranch":0,"lastFunction":0,"lastStatement":0,"seen":{}}}
,"C:\\Users\\xpert\\Desktop\\DUOC UC - Yeider\\TAV SALIDA INTERMEDIA\\front-salud-al-dia\\src\\Styles\\LoaderStyles.css": {"path":"C:\\Users\\xpert\\Desktop\\DUOC UC - Yeider\\TAV SALIDA INTERMEDIA\\front-salud-al-dia\\src\\Styles\\LoaderStyles.css","statementMap":{},"fnMap":{},"branchMap":{},"s":{},"f":{},"b":{},"meta":{"lastBranch":0,"lastFunction":0,"lastStatement":0,"seen":{}}}
,"C:\\Users\\xpert\\Desktop\\DUOC UC - Yeider\\TAV SALIDA INTERMEDIA\\front-salud-al-dia\\src\\Styles\\NavbarStyles.css": {"path":"C:\\Users\\xpert\\Desktop\\DUOC UC - Yeider\\TAV SALIDA INTERMEDIA\\front-salud-al-dia\\src\\Styles\\NavbarStyles.css","statementMap":{},"fnMap":{},"branchMap":{},"s":{},"f":{},"b":{},"meta":{"lastBranch":0,"lastFunction":0,"lastStatement":0,"seen":{}}}
,"C:\\Users\\xpert\\Desktop\\DUOC UC - Yeider\\TAV SALIDA INTERMEDIA\\front-salud-al-dia\\src\\Styles\\ProfileStyles.css": {"path":"C:\\Users\\xpert\\Desktop\\DUOC UC - Yeider\\TAV SALIDA INTERMEDIA\\front-salud-al-dia\\src\\Styles\\ProfileStyles.css","statementMap":{},"fnMap":{},"branchMap":{},"s":{},"f":{},"b":{},"meta":{"lastBranch":0,"lastFunction":0,"lastStatement":0,"seen":{}}}
,"C:\\Users\\xpert\\Desktop\\DUOC UC - Yeider\\TAV SALIDA INTERMEDIA\\front-salud-al-dia\\src\\Styles\\ResetPasswordStyles.css": {"path":"C:\\Users\\xpert\\Desktop\\DUOC UC - Yeider\\TAV SALIDA INTERMEDIA\\front-salud-al-dia\\src\\Styles\\ResetPasswordStyles.css","statementMap":{},"fnMap":{},"branchMap":{},"s":{},"f":{},"b":{},"meta":{"lastBranch":0,"lastFunction":0,"lastStatement":0,"seen":{}}}
,"C:\\Users\\xpert\\Desktop\\DUOC UC - Yeider\\TAV SALIDA INTERMEDIA\\front-salud-al-dia\\src\\Styles\\SosButtonStyles.css": {"path":"C:\\Users\\xpert\\Desktop\\DUOC UC - Yeider\\TAV SALIDA INTERMEDIA\\front-salud-al-dia\\src\\Styles\\SosButtonStyles.css","statementMap":{},"fnMap":{},"branchMap":{},"s":{},"f":{},"b":{},"meta":{"lastBranch":0,"lastFunction":0,"lastStatement":0,"seen":{}}}
,"C:\\Users\\xpert\\Desktop\\DUOC UC - Yeider\\TAV SALIDA INTERMEDIA\\front-salud-al-dia\\src\\Styles\\SpecialistStyles.css": {"path":"C:\\Users\\xpert\\Desktop\\DUOC UC - Yeider\\TAV SALIDA INTERMEDIA\\front-salud-al-dia\\src\\Styles\\SpecialistStyles.css","statementMap":{},"fnMap":{},"branchMap":{},"s":{},"f":{},"b":{},"meta":{"lastBranch":0,"lastFunction":0,"lastStatement":0,"seen":{}}}
,"C:\\Users\\xpert\\Desktop\\DUOC UC - Yeider\\TAV SALIDA INTERMEDIA\\front-salud-al-dia\\src\\Styles\\healthRegister.css": {"path":"C:\\Users\\xpert\\Desktop\\DUOC UC - Yeider\\TAV SALIDA INTERMEDIA\\front-salud-al-dia\\src\\Styles\\healthRegister.css","statementMap":{},"fnMap":{},"branchMap":{},"s":{},"f":{},"b":{},"meta":{"lastBranch":0,"lastFunction":0,"lastStatement":0,"seen":{}}}
,"C:\\Users\\xpert\\Desktop\\DUOC UC - Yeider\\TAV SALIDA INTERMEDIA\\front-salud-al-dia\\src\\Styles\\loginStyles.css": {"path":"C:\\Users\\xpert\\Desktop\\DUOC UC - Yeider\\TAV SALIDA INTERMEDIA\\front-salud-al-dia\\src\\Styles\\loginStyles.css","statementMap":{},"fnMap":{},"branchMap":{},"s":{},"f":{},"b":{},"meta":{"lastBranch":0,"lastFunction":0,"lastStatement":0,"seen":{}}}
,"C:\\Users\\xpert\\Desktop\\DUOC UC - Yeider\\TAV SALIDA INTERMEDIA\\front-salud-al-dia\\src\\Styles\\medicalRecordsStyles.css": {"path":"C:\\Users\\xpert\\Desktop\\DUOC UC - Yeider\\TAV SALIDA INTERMEDIA\\front-salud-al-dia\\src\\Styles\\medicalRecordsStyles.css","statementMap":{},"fnMap":{},"branchMap":{},"s":{},"f":{},"b":{},"meta":{"lastBranch":0,"lastFunction":0,"lastStatement":0,"seen":{}}}
,"C:\\Users\\xpert\\Desktop\\DUOC UC - Yeider\\TAV SALIDA INTERMEDIA\\front-salud-al-dia\\src\\Styles\\signUpStyles.css": {"path":"C:\\Users\\xpert\\Desktop\\DUOC UC - Yeider\\TAV SALIDA INTERMEDIA\\front-salud-al-dia\\src\\Styles\\signUpStyles.css","statementMap":{},"fnMap":{},"branchMap":{},"s":{},"f":{},"b":{},"meta":{"lastBranch":0,"lastFunction":0,"lastStatement":0,"seen":{}}}
,"C:\\Users\\xpert\\Desktop\\DUOC UC - Yeider\\TAV SALIDA INTERMEDIA\\front-salud-al-dia\\src\\assets\\dr-chapatin.png": {"path":"C:\\Users\\xpert\\Desktop\\DUOC UC - Yeider\\TAV SALIDA INTERMEDIA\\front-salud-al-dia\\src\\assets\\dr-chapatin.png","statementMap":{},"fnMap":{},"branchMap":{},"s":{},"f":{},"b":{},"meta":{"lastBranch":0,"lastFunction":0,"lastStatement":0,"seen":{}}}
,"C:\\Users\\xpert\\Desktop\\DUOC UC - Yeider\\TAV SALIDA INTERMEDIA\\front-salud-al-dia\\src\\assets\\logo1.png": {"path":"C:\\Users\\xpert\\Desktop\\DUOC UC - Yeider\\TAV SALIDA INTERMEDIA\\front-salud-al-dia\\src\\assets\\logo1.png","statementMap":{},"fnMap":{},"branchMap":{},"s":{},"f":{},"b":{},"meta":{"lastBranch":0,"lastFunction":0,"lastStatement":0,"seen":{}}}
,"C:\\Users\\xpert\\Desktop\\DUOC UC - Yeider\\TAV SALIDA INTERMEDIA\\front-salud-al-dia\\src\\components\\Loader.jsx": {"path":"C:\\Users\\xpert\\Desktop\\DUOC UC - Yeider\\TAV SALIDA INTERMEDIA\\front-salud-al-dia\\src\\components\\Loader.jsx","statementMap":{"0":{"start":{"line":5,"column":15},"end":{"line":14,"column":null}},"1":{"start":{"line":6,"column":2},"end":{"line":12,"column":null}}},"fnMap":{"0":{"name":"(anonymous_0)","decl":{"start":{"line":5,"column":15},"end":{"line":5,"column":16}},"loc":{"start":{"line":5,"column":56},"end":{"line":14,"column":null}},"line":5}},"branchMap":{"0":{"loc":{"start":{"line":5,"column":18},"end":{"line":5,"column":50}},"type":"default-arg","locations":[{"start":{"line":5,"column":28},"end":{"line":5,"column":50}}],"line":5}},"s":{"0":1,"1":2},"f":{"0":2},"b":{"0":[2]},"meta":{"lastBranch":1,"lastFunction":1,"lastStatement":2,"seen":{"s:5:15:14:Infinity":0,"f:5:15:5:16":0,"b:5:28:5:50":0,"s:6:2:12:Infinity":1}}}
,"C:\\Users\\xpert\\Desktop\\DUOC UC - Yeider\\TAV SALIDA INTERMEDIA\\front-salud-al-dia\\src\\components\\Navbar.jsx": {"path":"C:\\Users\\xpert\\Desktop\\DUOC UC - Yeider\\TAV SALIDA INTERMEDIA\\front-salud-al-dia\\src\\components\\Navbar.jsx","statementMap":{"0":{"start":{"line":8,"column":15},"end":{"line":109,"column":null}},"1":{"start":{"line":9,"column":10},"end":{"line":9,"column":null}},"2":{"start":{"line":10,"column":28},"end":{"line":10,"column":null}},"3":{"start":{"line":12,"column":20},"end":{"line":12,"column":null}},"4":{"start":{"line":13,"column":18},"end":{"line":13,"column":null}},"5":{"start":{"line":15,"column":25},"end":{"line":20,"column":null}},"6":{"start":{"line":16,"column":8},"end":{"line":16,"column":null}},"7":{"start":{"line":17,"column":8},"end":{"line":17,"column":null}},"8":{"start":{"line":18,"column":8},"end":{"line":18,"column":null}},"9":{"start":{"line":19,"column":8},"end":{"line":19,"column":null}},"10":{"start":{"line":22,"column":25},"end":{"line":22,"column":null}},"11":{"start":{"line":24,"column":20},"end":{"line":24,"column":null}},"12":{"start":{"line":26,"column":4},"end":{"line":107,"column":null}},"13":{"start":{"line":33,"column":35},"end":{"line":33,"column":null}},"14":{"start":{"line":40,"column":78},"end":{"line":40,"column":96}},"15":{"start":{"line":41,"column":80},"end":{"line":41,"column":98}},"16":{"start":{"line":46,"column":114},"end":{"line":46,"column":null}},"17":{"start":{"line":50,"column":90},"end":{"line":50,"column":108}},"18":{"start":{"line":53,"column":98},"end":{"line":53,"column":116}},"19":{"start":{"line":54,"column":98},"end":{"line":54,"column":116}},"20":{"start":{"line":55,"column":95},"end":{"line":55,"column":113}},"21":{"start":{"line":91,"column":87},"end":{"line":91,"column":105}},"22":{"start":{"line":92,"column":91},"end":{"line":92,"column":109}},"23":{"start":{"line":100,"column":90},"end":{"line":100,"column":null}}},"fnMap":{"0":{"name":"(anonymous_0)","decl":{"start":{"line":8,"column":15},"end":{"line":8,"column":16}},"loc":{"start":{"line":8,"column":46},"end":{"line":109,"column":null}},"line":8},"1":{"name":"(anonymous_1)","decl":{"start":{"line":15,"column":25},"end":{"line":15,"column":31}},"loc":{"start":{"line":15,"column":31},"end":{"line":20,"column":null}},"line":15},"2":{"name":"(anonymous_2)","decl":{"start":{"line":33,"column":29},"end":{"line":33,"column":35}},"loc":{"start":{"line":33,"column":35},"end":{"line":33,"column":null}},"line":33},"3":{"name":"(anonymous_3)","decl":{"start":{"line":40,"column":72},"end":{"line":40,"column":78}},"loc":{"start":{"line":40,"column":78},"end":{"line":40,"column":96}},"line":40},"4":{"name":"(anonymous_4)","decl":{"start":{"line":41,"column":74},"end":{"line":41,"column":80}},"loc":{"start":{"line":41,"column":80},"end":{"line":41,"column":98}},"line":41},"5":{"name":"(anonymous_5)","decl":{"start":{"line":46,"column":108},"end":{"line":46,"column":114}},"loc":{"start":{"line":46,"column":114},"end":{"line":46,"column":null}},"line":46},"6":{"name":"(anonymous_6)","decl":{"start":{"line":50,"column":84},"end":{"line":50,"column":90}},"loc":{"start":{"line":50,"column":90},"end":{"line":50,"column":108}},"line":50},"7":{"name":"(anonymous_7)","decl":{"start":{"line":53,"column":92},"end":{"line":53,"column":98}},"loc":{"start":{"line":53,"column":98},"end":{"line":53,"column":116}},"line":53},"8":{"name":"(anonymous_8)","decl":{"start":{"line":54,"column":92},"end":{"line":54,"column":98}},"loc":{"start":{"line":54,"column":98},"end":{"line":54,"column":116}},"line":54},"9":{"name":"(anonymous_9)","decl":{"start":{"line":55,"column":89},"end":{"line":55,"column":95}},"loc":{"start":{"line":55,"column":95},"end":{"line":55,"column":113}},"line":55},"10":{"name":"(anonymous_10)","decl":{"start":{"line":91,"column":81},"end":{"line":91,"column":87}},"loc":{"start":{"line":91,"column":87},"end":{"line":91,"column":105}},"line":91},"11":{"name":"(anonymous_11)","decl":{"start":{"line":92,"column":85},"end":{"line":92,"column":91}},"loc":{"start":{"line":92,"column":91},"end":{"line":92,"column":109}},"line":92},"12":{"name":"(anonymous_12)","decl":{"start":{"line":100,"column":84},"end":{"line":100,"column":90}},"loc":{"start":{"line":100,"column":90},"end":{"line":100,"column":null}},"line":100}},"branchMap":{"0":{"loc":{"start":{"line":12,"column":20},"end":{"line":12,"column":null}},"type":"binary-expr","locations":[{"start":{"line":12,"column":20},"end":{"line":12,"column":57}},{"start":{"line":12,"column":57},"end":{"line":12,"column":null}}],"line":12},"1":{"loc":{"start":{"line":24,"column":20},"end":{"line":24,"column":null}},"type":"binary-expr","locations":[{"start":{"line":24,"column":20},"end":{"line":24,"column":29}},{"start":{"line":24,"column":29},"end":{"line":24,"column":45}},{"start":{"line":24,"column":45},"end":{"line":24,"column":null}}],"line":24},"2":{"loc":{"start":{"line":31,"column":24},"end":{"line":31,"column":null}},"type":"cond-expr","locations":[{"start":{"line":31,"column":39},"end":{"line":31,"column":57}},{"start":{"line":31,"column":57},"end":{"line":31,"column":null}}],"line":31},"3":{"loc":{"start":{"line":38,"column":48},"end":{"line":38,"column":70}},"type":"cond-expr","locations":[{"start":{"line":38,"column":57},"end":{"line":38,"column":68}},{"start":{"line":38,"column":68},"end":{"line":38,"column":70}}],"line":38},"4":{"loc":{"start":{"line":43,"column":25},"end":{"line":58,"column":null}},"type":"binary-expr","locations":[{"start":{"line":43,"column":25},"end":{"line":43,"column":null}},{"start":{"line":44,"column":28},"end":{"line":58,"column":null}}],"line":43},"5":{"loc":{"start":{"line":45,"column":33},"end":{"line":56,"column":null}},"type":"cond-expr","locations":[{"start":{"line":46,"column":36},"end":{"line":48,"column":null}},{"start":{"line":49,"column":36},"end":{"line":56,"column":null}}],"line":45},"6":{"loc":{"start":{"line":49,"column":36},"end":{"line":56,"column":null}},"type":"cond-expr","locations":[{"start":{"line":50,"column":36},"end":{"line":50,"column":null}},{"start":{"line":52,"column":36},"end":{"line":56,"column":null}}],"line":49},"7":{"loc":{"start":{"line":63,"column":25},"end":{"line":93,"column":null}},"type":"cond-expr","locations":[{"start":{"line":64,"column":28},"end":{"line":88,"column":null}},{"start":{"line":90,"column":28},"end":{"line":93,"column":null}}],"line":63},"8":{"loc":{"start":{"line":65,"column":33},"end":{"line":74,"column":null}},"type":"binary-expr","locations":[{"start":{"line":65,"column":33},"end":{"line":65,"column":null}},{"start":{"line":66,"column":36},"end":{"line":74,"column":null}}],"line":65},"9":{"loc":{"start":{"line":77,"column":33},"end":{"line":77,"column":null}},"type":"binary-expr","locations":[{"start":{"line":77,"column":33},"end":{"line":77,"column":44}},{"start":{"line":77,"column":44},"end":{"line":77,"column":null}}],"line":77},"10":{"loc":{"start":{"line":79,"column":74},"end":{"line":79,"column":null}},"type":"cond-expr","locations":[{"start":{"line":79,"column":89},"end":{"line":79,"column":115}},{"start":{"line":79,"column":115},"end":{"line":79,"column":null}}],"line":79},"11":{"loc":{"start":{"line":80,"column":37},"end":{"line":85,"column":null}},"type":"cond-expr","locations":[{"start":{"line":81,"column":40},"end":{"line":83,"column":null}},{"start":{"line":85,"column":40},"end":{"line":85,"column":null}}],"line":80},"12":{"loc":{"start":{"line":99,"column":21},"end":{"line":99,"column":null}},"type":"binary-expr","locations":[{"start":{"line":99,"column":21},"end":{"line":99,"column":32}},{"start":{"line":99,"column":32},"end":{"line":99,"column":null}}],"line":99},"13":{"loc":{"start":{"line":100,"column":49},"end":{"line":100,"column":71}},"type":"cond-expr","locations":[{"start":{"line":100,"column":58},"end":{"line":100,"column":69}},{"start":{"line":100,"column":69},"end":{"line":100,"column":71}}],"line":100}},"s":{"0":1,"1":8,"2":8,"3":8,"4":8,"5":8,"6":1,"7":1,"8":1,"9":1,"10":8,"11":8,"12":8,"13":0,"14":0,"15":0,"16":0,"17":0,"18":0,"19":0,"20":0,"21":0,"22":0,"23":2},"f":{"0":8,"1":1,"2":0,"3":0,"4":0,"5":0,"6":0,"7":0,"8":0,"9":0,"10":0,"11":0,"12":2},"b":{"0":[8,7],"1":[8,4,3],"2":[1,7],"3":[1,7],"4":[8,4],"5":[1,3],"6":[1,2],"7":[4,4],"8":[4,1],"9":[4,2],"10":[1,3],"11":[1,3],"12":[8,2],"13":[1,7]},"meta":{"lastBranch":14,"lastFunction":13,"lastStatement":24,"seen":{"s:8:15:109:Infinity":0,"f:8:15:8:16":0,"s:9:10:9:Infinity":1,"s:10:28:10:Infinity":2,"s:12:20:12:Infinity":3,"b:12:20:12:57:12:57:12:Infinity":0,"s:13:18:13:Infinity":4,"s:15:25:20:Infinity":5,"f:15:25:15:31":1,"s:16:8:16:Infinity":6,"s:17:8:17:Infinity":7,"s:18:8:18:Infinity":8,"s:19:8:19:Infinity":9,"s:22:25:22:Infinity":10,"s:24:20:24:Infinity":11,"b:24:20:24:29:24:29:24:45:24:45:24:Infinity":1,"s:26:4:107:Infinity":12,"b:31:39:31:57:31:57:31:Infinity":2,"f:33:29:33:35":2,"s:33:35:33:Infinity":13,"b:38:57:38:68:38:68:38:70":3,"f:40:72:40:78":3,"s:40:78:40:96":14,"f:41:74:41:80":4,"s:41:80:41:98":15,"b:43:25:43:Infinity:44:28:58:Infinity":4,"b:46:36:48:Infinity:49:36:56:Infinity":5,"f:46:108:46:114":5,"s:46:114:46:Infinity":16,"b:50:36:50:Infinity:52:36:56:Infinity":6,"f:50:84:50:90":6,"s:50:90:50:108":17,"f:53:92:53:98":7,"s:53:98:53:116":18,"f:54:92:54:98":8,"s:54:98:54:116":19,"f:55:89:55:95":9,"s:55:95:55:113":20,"b:64:28:88:Infinity:90:28:93:Infinity":7,"b:65:33:65:Infinity:66:36:74:Infinity":8,"b:77:33:77:44:77:44:77:Infinity":9,"b:79:89:79:115:79:115:79:Infinity":10,"b:81:40:83:Infinity:85:40:85:Infinity":11,"f:91:81:91:87":10,"s:91:87:91:105":21,"f:92:85:92:91":11,"s:92:91:92:109":22,"b:99:21:99:32:99:32:99:Infinity":12,"b:100:58:100:69:100:69:100:71":13,"f:100:84:100:90":12,"s:100:90:100:Infinity":23}}}
,"C:\\Users\\xpert\\Desktop\\DUOC UC - Yeider\\TAV SALIDA INTERMEDIA\\front-salud-al-dia\\src\\components\\SosButton.jsx": {"path":"C:\\Users\\xpert\\Desktop\\DUOC UC - Yeider\\TAV SALIDA INTERMEDIA\\front-salud-al-dia\\src\\components\\SosButton.jsx","statementMap":{"0":{"start":{"line":14,"column":18},"end":{"line":141,"column":null}},"1":{"start":{"line":15,"column":32},"end":{"line":15,"column":null}},"2":{"start":{"line":16,"column":38},"end":{"line":16,"column":null}},"3":{"start":{"line":17,"column":28},"end":{"line":17,"column":null}},"4":{"start":{"line":18,"column":26},"end":{"line":18,"column":null}},"5":{"start":{"line":20,"column":18},"end":{"line":20,"column":null}},"6":{"start":{"line":22,"column":25},"end":{"line":53,"column":null}},"7":{"start":{"line":23,"column":4},"end":{"line":26,"column":null}},"8":{"start":{"line":24,"column":6},"end":{"line":24,"column":null}},"9":{"start":{"line":25,"column":6},"end":{"line":25,"column":null}},"10":{"start":{"line":28,"column":4},"end":{"line":28,"column":null}},"11":{"start":{"line":29,"column":4},"end":{"line":52,"column":null}},"12":{"start":{"line":30,"column":26},"end":{"line":30,"column":null}},"13":{"start":{"line":32,"column":23},"end":{"line":37,"column":null}},"14":{"start":{"line":39,"column":19},"end":{"line":39,"column":null}},"15":{"start":{"line":41,"column":6},"end":{"line":47,"column":null}},"16":{"start":{"line":42,"column":8},"end":{"line":42,"column":null}},"17":{"start":{"line":43,"column":8},"end":{"line":43,"column":null}},"18":{"start":{"line":44,"column":8},"end":{"line":44,"column":null}},"19":{"start":{"line":46,"column":8},"end":{"line":46,"column":null}},"20":{"start":{"line":49,"column":6},"end":{"line":49,"column":null}},"21":{"start":{"line":51,"column":6},"end":{"line":51,"column":null}},"22":{"start":{"line":55,"column":21},"end":{"line":57,"column":null}},"23":{"start":{"line":56,"column":4},"end":{"line":56,"column":null}},"24":{"start":{"line":56,"column":22},"end":{"line":56,"column":null}},"25":{"start":{"line":59,"column":25},"end":{"line":65,"column":null}},"26":{"start":{"line":60,"column":4},"end":{"line":64,"column":null}},"27":{"start":{"line":61,"column":23},"end":{"line":61,"column":null}},"28":{"start":{"line":62,"column":22},"end":{"line":62,"column":null}},"29":{"start":{"line":63,"column":6},"end":{"line":63,"column":null}},"30":{"start":{"line":67,"column":27},"end":{"line":73,"column":null}},"31":{"start":{"line":68,"column":4},"end":{"line":72,"column":null}},"32":{"start":{"line":69,"column":6},"end":{"line":69,"column":null}},"33":{"start":{"line":70,"column":6},"end":{"line":70,"column":null}},"34":{"start":{"line":71,"column":6},"end":{"line":71,"column":null}},"35":{"start":{"line":71,"column":23},"end":{"line":71,"column":41}},"36":{"start":{"line":75,"column":2},"end":{"line":139,"column":null}},"37":{"start":{"line":92,"column":29},"end":{"line":92,"column":null}},"38":{"start":{"line":131,"column":31},"end":{"line":131,"column":null}}},"fnMap":{"0":{"name":"(anonymous_0)","decl":{"start":{"line":14,"column":18},"end":{"line":14,"column":24}},"loc":{"start":{"line":14,"column":24},"end":{"line":141,"column":null}},"line":14},"1":{"name":"(anonymous_1)","decl":{"start":{"line":22,"column":25},"end":{"line":22,"column":37}},"loc":{"start":{"line":22,"column":37},"end":{"line":53,"column":null}},"line":22},"2":{"name":"(anonymous_2)","decl":{"start":{"line":55,"column":21},"end":{"line":55,"column":27}},"loc":{"start":{"line":55,"column":27},"end":{"line":57,"column":null}},"line":55},"3":{"name":"(anonymous_3)","decl":{"start":{"line":59,"column":25},"end":{"line":59,"column":31}},"loc":{"start":{"line":59,"column":31},"end":{"line":65,"column":null}},"line":59},"4":{"name":"(anonymous_4)","decl":{"start":{"line":67,"column":27},"end":{"line":67,"column":33}},"loc":{"start":{"line":67,"column":33},"end":{"line":73,"column":null}},"line":67},"5":{"name":"(anonymous_5)","decl":{"start":{"line":71,"column":17},"end":{"line":71,"column":23}},"loc":{"start":{"line":71,"column":23},"end":{"line":71,"column":41}},"line":71},"6":{"name":"(anonymous_6)","decl":{"start":{"line":92,"column":23},"end":{"line":92,"column":29}},"loc":{"start":{"line":92,"column":29},"end":{"line":92,"column":null}},"line":92},"7":{"name":"(anonymous_7)","decl":{"start":{"line":131,"column":25},"end":{"line":131,"column":31}},"loc":{"start":{"line":131,"column":31},"end":{"line":131,"column":null}},"line":131}},"branchMap":{"0":{"loc":{"start":{"line":23,"column":4},"end":{"line":26,"column":null}},"type":"if","locations":[{"start":{"line":23,"column":4},"end":{"line":26,"column":null}},{"start":{},"end":{}}],"line":23},"1":{"loc":{"start":{"line":30,"column":26},"end":{"line":30,"column":null}},"type":"binary-expr","locations":[{"start":{"line":30,"column":26},"end":{"line":30,"column":62}},{"start":{"line":30,"column":62},"end":{"line":30,"column":null}}],"line":30},"2":{"loc":{"start":{"line":41,"column":6},"end":{"line":47,"column":null}},"type":"if","locations":[{"start":{"line":41,"column":6},"end":{"line":47,"column":null}},{"start":{"line":45,"column":13},"end":{"line":47,"column":null}}],"line":41},"3":{"loc":{"start":{"line":41,"column":10},"end":{"line":41,"column":38}},"type":"binary-expr","locations":[{"start":{"line":41,"column":10},"end":{"line":41,"column":26}},{"start":{"line":41,"column":26},"end":{"line":41,"column":38}}],"line":41},"4":{"loc":{"start":{"line":46,"column":21},"end":{"line":46,"column":65}},"type":"binary-expr","locations":[{"start":{"line":46,"column":21},"end":{"line":46,"column":37}},{"start":{"line":46,"column":37},"end":{"line":46,"column":65}}],"line":46},"5":{"loc":{"start":{"line":56,"column":4},"end":{"line":56,"column":null}},"type":"if","locations":[{"start":{"line":56,"column":4},"end":{"line":56,"column":null}},{"start":{},"end":{}}],"line":56},"6":{"loc":{"start":{"line":60,"column":4},"end":{"line":64,"column":null}},"type":"if","locations":[{"start":{"line":60,"column":4},"end":{"line":64,"column":null}},{"start":{},"end":{}}],"line":60},"7":{"loc":{"start":{"line":68,"column":4},"end":{"line":72,"column":null}},"type":"if","locations":[{"start":{"line":68,"column":4},"end":{"line":72,"column":null}},{"start":{},"end":{}}],"line":68},"8":{"loc":{"start":{"line":78,"column":39},"end":{"line":78,"column":63}},"type":"cond-expr","locations":[{"start":{"line":78,"column":49},"end":{"line":78,"column":61}},{"start":{"line":78,"column":61},"end":{"line":78,"column":63}}],"line":78},"9":{"loc":{"start":{"line":84,"column":15},"end":{"line":84,"column":39}},"type":"cond-expr","locations":[{"start":{"line":84,"column":25},"end":{"line":84,"column":33}},{"start":{"line":84,"column":33},"end":{"line":84,"column":39}}],"line":84},"10":{"loc":{"start":{"line":87,"column":7},"end":{"line":137,"column":null}},"type":"binary-expr","locations":[{"start":{"line":87,"column":7},"end":{"line":87,"column":null}},{"start":{"line":88,"column":8},"end":{"line":137,"column":null}}],"line":87},"11":{"loc":{"start":{"line":113,"column":17},"end":{"line":113,"column":null}},"type":"cond-expr","locations":[{"start":{"line":113,"column":26},"end":{"line":113,"column":48}},{"start":{"line":113,"column":48},"end":{"line":113,"column":null}}],"line":113},"12":{"loc":{"start":{"line":114,"column":23},"end":{"line":114,"column":53}},"type":"cond-expr","locations":[{"start":{"line":114,"column":32},"end":{"line":114,"column":44}},{"start":{"line":114,"column":44},"end":{"line":114,"column":53}}],"line":114}},"s":{"0":1,"1":11,"2":11,"3":11,"4":11,"5":11,"6":11,"7":4,"8":1,"9":1,"10":3,"11":3,"12":3,"13":4,"14":3,"15":3,"16":3,"17":3,"18":3,"19":0,"20":0,"21":3,"22":11,"23":0,"24":0,"25":11,"26":1,"27":1,"28":1,"29":1,"30":11,"31":1,"32":1,"33":1,"34":1,"35":0,"36":11,"37":0,"38":0},"f":{"0":11,"1":4,"2":0,"3":1,"4":1,"5":0,"6":0,"7":0},"b":{"0":[1,3],"1":[3,0],"2":[3,0],"3":[3,3],"4":[0,0],"5":[0,0],"6":[1,0],"7":[1,0],"8":[3,8],"9":[3,8],"10":[11,4],"11":[1,3],"12":[1,3]},"meta":{"lastBranch":13,"lastFunction":8,"lastStatement":39,"seen":{"s:14:18:141:Infinity":0,"f:14:18:14:24":0,"s:15:32:15:Infinity":1,"s:16:38:16:Infinity":2,"s:17:28:17:Infinity":3,"s:18:26:18:Infinity":4,"s:20:18:20:Infinity":5,"s:22:25:53:Infinity":6,"f:22:25:22:37":1,"b:23:4:26:Infinity:undefined:undefined:undefined:undefined":0,"s:23:4:26:Infinity":7,"s:24:6:24:Infinity":8,"s:25:6:25:Infinity":9,"s:28:4:28:Infinity":10,"s:29:4:52:Infinity":11,"s:30:26:30:Infinity":12,"b:30:26:30:62:30:62:30:Infinity":1,"s:32:23:37:Infinity":13,"s:39:19:39:Infinity":14,"b:41:6:47:Infinity:45:13:47:Infinity":2,"s:41:6:47:Infinity":15,"b:41:10:41:26:41:26:41:38":3,"s:42:8:42:Infinity":16,"s:43:8:43:Infinity":17,"s:44:8:44:Infinity":18,"s:46:8:46:Infinity":19,"b:46:21:46:37:46:37:46:65":4,"s:49:6:49:Infinity":20,"s:51:6:51:Infinity":21,"s:55:21:57:Infinity":22,"f:55:21:55:27":2,"b:56:4:56:Infinity:undefined:undefined:undefined:undefined":5,"s:56:4:56:Infinity":23,"s:56:22:56:Infinity":24,"s:59:25:65:Infinity":25,"f:59:25:59:31":3,"b:60:4:64:Infinity:undefined:undefined:undefined:undefined":6,"s:60:4:64:Infinity":26,"s:61:23:61:Infinity":27,"s:62:22:62:Infinity":28,"s:63:6:63:Infinity":29,"s:67:27:73:Infinity":30,"f:67:27:67:33":4,"b:68:4:72:Infinity:undefined:undefined:undefined:undefined":7,"s:68:4:72:Infinity":31,"s:69:6:69:Infinity":32,"s:70:6:70:Infinity":33,"s:71:6:71:Infinity":34,"f:71:17:71:23":5,"s:71:23:71:41":35,"s:75:2:139:Infinity":36,"b:78:49:78:61:78:61:78:63":8,"b:84:25:84:33:84:33:84:39":9,"b:87:7:87:Infinity:88:8:137:Infinity":10,"f:92:23:92:29":6,"s:92:29:92:Infinity":37,"b:113:26:113:48:113:48:113:Infinity":11,"b:114:32:114:44:114:44:114:53":12,"f:131:25:131:31":7,"s:131:31:131:Infinity":38}}}
,"C:\\Users\\xpert\\Desktop\\DUOC UC - Yeider\\TAV SALIDA INTERMEDIA\\front-salud-al-dia\\src\\components\\Admin\\AdminStats.jsx": {"path":"C:\\Users\\xpert\\Desktop\\DUOC UC - Yeider\\TAV SALIDA INTERMEDIA\\front-salud-al-dia\\src\\components\\Admin\\AdminStats.jsx","statementMap":{"0":{"start":{"line":5,"column":19},"end":{"line":93,"column":null}},"1":{"start":{"line":6,"column":24},"end":{"line":12,"column":null}},"2":{"start":{"line":14,"column":2},"end":{"line":36,"column":null}},"3":{"start":{"line":15,"column":22},"end":{"line":34,"column":null}},"4":{"start":{"line":16,"column":19},"end":{"line":16,"column":null}},"5":{"start":{"line":18,"column":6},"end":{"line":33,"column":null}},"6":{"start":{"line":19,"column":27},"end":{"line":19,"column":null}},"7":{"start":{"line":19,"column":48},"end":{"line":19,"column":81}},"8":{"start":{"line":20,"column":32},"end":{"line":20,"column":null}},"9":{"start":{"line":20,"column":53},"end":{"line":20,"column":91}},"10":{"start":{"line":21,"column":29},"end":{"line":24,"column":null}},"11":{"start":{"line":22,"column":10},"end":{"line":23,"column":null}},"12":{"start":{"line":26,"column":8},"end":{"line":32,"column":null}},"13":{"start":{"line":35,"column":4},"end":{"line":35,"column":null}},"14":{"start":{"line":38,"column":2},"end":{"line":91,"column":null}}},"fnMap":{"0":{"name":"(anonymous_0)","decl":{"start":{"line":5,"column":19},"end":{"line":5,"column":25}},"loc":{"start":{"line":5,"column":25},"end":{"line":93,"column":null}},"line":5},"1":{"name":"(anonymous_1)","decl":{"start":{"line":14,"column":12},"end":{"line":14,"column":18}},"loc":{"start":{"line":14,"column":18},"end":{"line":36,"column":5}},"line":14},"2":{"name":"(anonymous_2)","decl":{"start":{"line":15,"column":22},"end":{"line":15,"column":34}},"loc":{"start":{"line":15,"column":34},"end":{"line":34,"column":null}},"line":15},"3":{"name":"(anonymous_3)","decl":{"start":{"line":19,"column":43},"end":{"line":19,"column":48}},"loc":{"start":{"line":19,"column":48},"end":{"line":19,"column":81}},"line":19},"4":{"name":"(anonymous_4)","decl":{"start":{"line":20,"column":48},"end":{"line":20,"column":53}},"loc":{"start":{"line":20,"column":53},"end":{"line":20,"column":91}},"line":20},"5":{"name":"(anonymous_5)","decl":{"start":{"line":21,"column":45},"end":{"line":21,"column":null}},"loc":{"start":{"line":22,"column":10},"end":{"line":23,"column":null}},"line":22}},"branchMap":{"0":{"loc":{"start":{"line":18,"column":6},"end":{"line":33,"column":null}},"type":"if","locations":[{"start":{"line":18,"column":6},"end":{"line":33,"column":null}},{"start":{},"end":{}}],"line":18},"1":{"loc":{"start":{"line":18,"column":10},"end":{"line":18,"column":30}},"type":"binary-expr","locations":[{"start":{"line":18,"column":10},"end":{"line":18,"column":18}},{"start":{"line":18,"column":18},"end":{"line":18,"column":30}}],"line":18},"2":{"loc":{"start":{"line":19,"column":27},"end":{"line":19,"column":null}},"type":"binary-expr","locations":[{"start":{"line":19,"column":27},"end":{"line":19,"column":93}},{"start":{"line":19,"column":93},"end":{"line":19,"column":null}}],"line":19},"3":{"loc":{"start":{"line":20,"column":32},"end":{"line":20,"column":null}},"type":"binary-expr","locations":[{"start":{"line":20,"column":32},"end":{"line":20,"column":103}},{"start":{"line":20,"column":103},"end":{"line":20,"column":null}}],"line":20},"4":{"loc":{"start":{"line":21,"column":29},"end":{"line":24,"column":null}},"type":"binary-expr","locations":[{"start":{"line":21,"column":29},"end":{"line":24,"column":20}},{"start":{"line":24,"column":20},"end":{"line":24,"column":null}}],"line":21},"5":{"loc":{"start":{"line":22,"column":10},"end":{"line":23,"column":null}},"type":"binary-expr","locations":[{"start":{"line":22,"column":10},"end":{"line":22,"column":null}},{"start":{"line":23,"column":10},"end":{"line":23,"column":null}}],"line":22},"6":{"loc":{"start":{"line":27,"column":17},"end":{"line":27,"column":null}},"type":"binary-expr","locations":[{"start":{"line":27,"column":17},"end":{"line":27,"column":31}},{"start":{"line":27,"column":31},"end":{"line":27,"column":null}}],"line":27},"7":{"loc":{"start":{"line":28,"column":18},"end":{"line":28,"column":null}},"type":"binary-expr","locations":[{"start":{"line":28,"column":18},"end":{"line":28,"column":33}},{"start":{"line":28,"column":33},"end":{"line":28,"column":null}}],"line":28}},"s":{"0":1,"1":3,"2":3,"3":2,"4":2,"5":2,"6":1,"7":1,"8":1,"9":2,"10":1,"11":3,"12":1,"13":2,"14":3},"f":{"0":3,"1":2,"2":2,"3":1,"4":2,"5":3},"b":{"0":[1,1],"1":[2,2],"2":[1,0],"3":[1,0],"4":[1,0],"5":[3,3],"6":[1,0],"7":[1,0]},"meta":{"lastBranch":8,"lastFunction":6,"lastStatement":15,"seen":{"s:5:19:93:Infinity":0,"f:5:19:5:25":0,"s:6:24:12:Infinity":1,"s:14:2:36:Infinity":2,"f:14:12:14:18":1,"s:15:22:34:Infinity":3,"f:15:22:15:34":2,"s:16:19:16:Infinity":4,"b:18:6:33:Infinity:undefined:undefined:undefined:undefined":0,"s:18:6:33:Infinity":5,"b:18:10:18:18:18:18:18:30":1,"s:19:27:19:Infinity":6,"b:19:27:19:93:19:93:19:Infinity":2,"f:19:43:19:48":3,"s:19:48:19:81":7,"s:20:32:20:Infinity":8,"b:20:32:20:103:20:103:20:Infinity":3,"f:20:48:20:53":4,"s:20:53:20:91":9,"s:21:29:24:Infinity":10,"b:21:29:24:20:24:20:24:Infinity":4,"f:21:45:21:Infinity":5,"s:22:10:23:Infinity":11,"b:22:10:22:Infinity:23:10:23:Infinity":5,"s:26:8:32:Infinity":12,"b:27:17:27:31:27:31:27:Infinity":6,"b:28:18:28:33:28:33:28:Infinity":7,"s:35:4:35:Infinity":13,"s:38:2:91:Infinity":14}}}
,"C:\\Users\\xpert\\Desktop\\DUOC UC - Yeider\\TAV SALIDA INTERMEDIA\\front-salud-al-dia\\src\\components\\Admin\\RegisterSpecialistModal.jsx": {"path":"C:\\Users\\xpert\\Desktop\\DUOC UC - Yeider\\TAV SALIDA INTERMEDIA\\front-salud-al-dia\\src\\components\\Admin\\RegisterSpecialistModal.jsx","statementMap":{"0":{"start":{"line":5,"column":32},"end":{"line":175,"column":null}},"1":{"start":{"line":6,"column":32},"end":{"line":12,"column":null}},"2":{"start":{"line":14,"column":28},"end":{"line":14,"column":null}},"3":{"start":{"line":15,"column":30},"end":{"line":15,"column":null}},"4":{"start":{"line":17,"column":22},"end":{"line":23,"column":null}},"5":{"start":{"line":18,"column":20},"end":{"line":18,"column":null}},"6":{"start":{"line":19,"column":8},"end":{"line":19,"column":null}},"7":{"start":{"line":19,"column":31},"end":{"line":19,"column":null}},"8":{"start":{"line":20,"column":21},"end":{"line":20,"column":null}},"9":{"start":{"line":21,"column":19},"end":{"line":21,"column":null}},"10":{"start":{"line":22,"column":8},"end":{"line":22,"column":null}},"11":{"start":{"line":25,"column":25},"end":{"line":35,"column":null}},"12":{"start":{"line":26,"column":32},"end":{"line":26,"column":null}},"13":{"start":{"line":27,"column":8},"end":{"line":31,"column":null}},"14":{"start":{"line":28,"column":12},"end":{"line":28,"column":null}},"15":{"start":{"line":30,"column":12},"end":{"line":30,"column":null}},"16":{"start":{"line":32,"column":8},"end":{"line":34,"column":null}},"17":{"start":{"line":33,"column":12},"end":{"line":33,"column":null}},"18":{"start":{"line":37,"column":25},"end":{"line":48,"column":null}},"19":{"start":{"line":38,"column":26},"end":{"line":38,"column":null}},"20":{"start":{"line":39,"column":8},"end":{"line":39,"column":null}},"21":{"start":{"line":39,"column":54},"end":{"line":39,"column":null}},"22":{"start":{"line":40,"column":27},"end":{"line":40,"column":null}},"23":{"start":{"line":41,"column":8},"end":{"line":41,"column":null}},"24":{"start":{"line":41,"column":46},"end":{"line":41,"column":null}},"25":{"start":{"line":42,"column":26},"end":{"line":42,"column":null}},"26":{"start":{"line":43,"column":8},"end":{"line":43,"column":null}},"27":{"start":{"line":43,"column":48},"end":{"line":43,"column":null}},"28":{"start":{"line":44,"column":8},"end":{"line":44,"column":null}},"29":{"start":{"line":44,"column":42},"end":{"line":44,"column":null}},"30":{"start":{"line":45,"column":8},"end":{"line":45,"column":null}},"31":{"start":{"line":45,"column":41},"end":{"line":45,"column":null}},"32":{"start":{"line":46,"column":8},"end":{"line":46,"column":null}},"33":{"start":{"line":47,"column":8},"end":{"line":47,"column":null}},"34":{"start":{"line":50,"column":25},"end":{"line":78,"column":null}},"35":{"start":{"line":51,"column":8},"end":{"line":51,"column":null}},"36":{"start":{"line":52,"column":8},"end":{"line":52,"column":null}},"37":{"start":{"line":52,"column":29},"end":{"line":52,"column":null}},"38":{"start":{"line":54,"column":8},"end":{"line":54,"column":null}},"39":{"start":{"line":56,"column":35},"end":{"line":56,"column":null}},"40":{"start":{"line":58,"column":8},"end":{"line":58,"column":null}},"41":{"start":{"line":60,"column":8},"end":{"line":77,"column":null}},"42":{"start":{"line":61,"column":12},"end":{"line":61,"column":null}},"43":{"start":{"line":62,"column":12},"end":{"line":62,"column":null}},"44":{"start":{"line":63,"column":12},"end":{"line":63,"column":null}},"45":{"start":{"line":65,"column":30},"end":{"line":65,"column":null}},"46":{"start":{"line":66,"column":33},"end":{"line":66,"column":null}},"47":{"start":{"line":68,"column":12},"end":{"line":74,"column":null}},"48":{"start":{"line":69,"column":16},"end":{"line":69,"column":null}},"49":{"start":{"line":70,"column":12},"end":{"line":74,"column":null}},"50":{"start":{"line":71,"column":16},"end":{"line":71,"column":null}},"51":{"start":{"line":73,"column":16},"end":{"line":73,"column":null}},"52":{"start":{"line":76,"column":12},"end":{"line":76,"column":null}},"53":{"start":{"line":80,"column":4},"end":{"line":173,"column":null}}},"fnMap":{"0":{"name":"(anonymous_0)","decl":{"start":{"line":5,"column":32},"end":{"line":5,"column":33}},"loc":{"start":{"line":5,"column":60},"end":{"line":175,"column":null}},"line":5},"1":{"name":"(anonymous_1)","decl":{"start":{"line":17,"column":22},"end":{"line":17,"column":23}},"loc":{"start":{"line":17,"column":31},"end":{"line":23,"column":null}},"line":17},"2":{"name":"(anonymous_2)","decl":{"start":{"line":25,"column":25},"end":{"line":25,"column":26}},"loc":{"start":{"line":25,"column":32},"end":{"line":35,"column":null}},"line":25},"3":{"name":"(anonymous_3)","decl":{"start":{"line":37,"column":25},"end":{"line":37,"column":31}},"loc":{"start":{"line":37,"column":31},"end":{"line":48,"column":null}},"line":37},"4":{"name":"(anonymous_4)","decl":{"start":{"line":50,"column":25},"end":{"line":50,"column":32}},"loc":{"start":{"line":50,"column":38},"end":{"line":78,"column":null}},"line":50}},"branchMap":{"0":{"loc":{"start":{"line":19,"column":8},"end":{"line":19,"column":null}},"type":"if","locations":[{"start":{"line":19,"column":8},"end":{"line":19,"column":null}},{"start":{},"end":{}}],"line":19},"1":{"loc":{"start":{"line":27,"column":8},"end":{"line":31,"column":null}},"type":"if","locations":[{"start":{"line":27,"column":8},"end":{"line":31,"column":null}},{"start":{"line":29,"column":15},"end":{"line":31,"column":null}}],"line":27},"2":{"loc":{"start":{"line":32,"column":8},"end":{"line":34,"column":null}},"type":"if","locations":[{"start":{"line":32,"column":8},"end":{"line":34,"column":null}},{"start":{},"end":{}}],"line":32},"3":{"loc":{"start":{"line":39,"column":8},"end":{"line":39,"column":null}},"type":"if","locations":[{"start":{"line":39,"column":8},"end":{"line":39,"column":null}},{"start":{},"end":{}}],"line":39},"4":{"loc":{"start":{"line":39,"column":12},"end":{"line":39,"column":54}},"type":"binary-expr","locations":[{"start":{"line":39,"column":12},"end":{"line":39,"column":29}},{"start":{"line":39,"column":29},"end":{"line":39,"column":54}}],"line":39},"5":{"loc":{"start":{"line":41,"column":8},"end":{"line":41,"column":null}},"type":"if","locations":[{"start":{"line":41,"column":8},"end":{"line":41,"column":null}},{"start":{},"end":{}}],"line":41},"6":{"loc":{"start":{"line":43,"column":8},"end":{"line":43,"column":null}},"type":"if","locations":[{"start":{"line":43,"column":8},"end":{"line":43,"column":null}},{"start":{},"end":{}}],"line":43},"7":{"loc":{"start":{"line":44,"column":8},"end":{"line":44,"column":null}},"type":"if","locations":[{"start":{"line":44,"column":8},"end":{"line":44,"column":null}},{"start":{},"end":{}}],"line":44},"8":{"loc":{"start":{"line":45,"column":8},"end":{"line":45,"column":null}},"type":"if","locations":[{"start":{"line":45,"column":8},"end":{"line":45,"column":null}},{"start":{},"end":{}}],"line":45},"9":{"loc":{"start":{"line":52,"column":8},"end":{"line":52,"column":null}},"type":"if","locations":[{"start":{"line":52,"column":8},"end":{"line":52,"column":null}},{"start":{},"end":{}}],"line":52},"10":{"loc":{"start":{"line":60,"column":8},"end":{"line":77,"column":null}},"type":"if","locations":[{"start":{"line":60,"column":8},"end":{"line":77,"column":null}},{"start":{"line":64,"column":15},"end":{"line":77,"column":null}}],"line":60},"11":{"loc":{"start":{"line":68,"column":12},"end":{"line":74,"column":null}},"type":"if","locations":[{"start":{"line":68,"column":12},"end":{"line":74,"column":null}},{"start":{"line":70,"column":12},"end":{"line":74,"column":null}}],"line":68},"12":{"loc":{"start":{"line":70,"column":12},"end":{"line":74,"column":null}},"type":"if","locations":[{"start":{"line":70,"column":12},"end":{"line":74,"column":null}},{"start":{"line":72,"column":19},"end":{"line":74,"column":null}}],"line":70},"13":{"loc":{"start":{"line":70,"column":23},"end":{"line":70,"column":84}},"type":"binary-expr","locations":[{"start":{"line":70,"column":23},"end":{"line":70,"column":55}},{"start":{"line":70,"column":55},"end":{"line":70,"column":84}}],"line":70},"14":{"loc":{"start":{"line":101,"column":58},"end":{"line":101,"column":104}},"type":"cond-expr","locations":[{"start":{"line":101,"column":79},"end":{"line":101,"column":102}},{"start":{"line":101,"column":102},"end":{"line":101,"column":104}}],"line":101},"15":{"loc":{"start":{"line":103,"column":29},"end":{"line":103,"column":null}},"type":"binary-expr","locations":[{"start":{"line":103,"column":29},"end":{"line":103,"column":51}},{"start":{"line":103,"column":51},"end":{"line":103,"column":null}}],"line":103},"16":{"loc":{"start":{"line":112,"column":58},"end":{"line":112,"column":103}},"type":"cond-expr","locations":[{"start":{"line":112,"column":78},"end":{"line":112,"column":101}},{"start":{"line":112,"column":101},"end":{"line":112,"column":103}}],"line":112},"17":{"loc":{"start":{"line":114,"column":29},"end":{"line":114,"column":null}},"type":"binary-expr","locations":[{"start":{"line":114,"column":29},"end":{"line":114,"column":50}},{"start":{"line":114,"column":50},"end":{"line":114,"column":null}}],"line":114},"18":{"loc":{"start":{"line":129,"column":74},"end":{"line":129,"column":112}},"type":"cond-expr","locations":[{"start":{"line":129,"column":87},"end":{"line":129,"column":110}},{"start":{"line":129,"column":110},"end":{"line":129,"column":112}}],"line":129},"19":{"loc":{"start":{"line":132,"column":25},"end":{"line":132,"column":null}},"type":"binary-expr","locations":[{"start":{"line":132,"column":25},"end":{"line":132,"column":39}},{"start":{"line":132,"column":39},"end":{"line":132,"column":null}}],"line":132},"20":{"loc":{"start":{"line":144,"column":74},"end":{"line":144,"column":114}},"type":"cond-expr","locations":[{"start":{"line":144,"column":89},"end":{"line":144,"column":112}},{"start":{"line":144,"column":112},"end":{"line":144,"column":114}}],"line":144},"21":{"loc":{"start":{"line":147,"column":25},"end":{"line":147,"column":null}},"type":"binary-expr","locations":[{"start":{"line":147,"column":25},"end":{"line":147,"column":41}},{"start":{"line":147,"column":41},"end":{"line":147,"column":null}}],"line":147},"22":{"loc":{"start":{"line":159,"column":74},"end":{"line":159,"column":117}},"type":"cond-expr","locations":[{"start":{"line":159,"column":92},"end":{"line":159,"column":115}},{"start":{"line":159,"column":115},"end":{"line":159,"column":117}}],"line":159},"23":{"loc":{"start":{"line":162,"column":25},"end":{"line":162,"column":null}},"type":"binary-expr","locations":[{"start":{"line":162,"column":25},"end":{"line":162,"column":44}},{"start":{"line":162,"column":44},"end":{"line":162,"column":null}}],"line":162},"24":{"loc":{"start":{"line":168,"column":29},"end":{"line":168,"column":null}},"type":"cond-expr","locations":[{"start":{"line":168,"column":39},"end":{"line":168,"column":56}},{"start":{"line":168,"column":56},"end":{"line":168,"column":null}}],"line":168}},"s":{"0":1,"1":13,"2":13,"3":13,"4":13,"5":2,"6":2,"7":0,"8":2,"9":2,"10":2,"11":13,"12":6,"13":6,"14":2,"15":4,"16":6,"17":0,"18":13,"19":2,"20":2,"21":1,"22":2,"23":2,"24":1,"25":2,"26":2,"27":1,"28":2,"29":1,"30":2,"31":1,"32":2,"33":2,"34":13,"35":2,"36":2,"37":1,"38":1,"39":1,"40":1,"41":1,"42":1,"43":1,"44":1,"45":0,"46":0,"47":0,"48":0,"49":0,"50":0,"51":0,"52":0,"53":13},"f":{"0":13,"1":2,"2":6,"3":2,"4":2},"b":{"0":[0,2],"1":[2,4],"2":[0,6],"3":[1,1],"4":[2,1],"5":[1,1],"6":[1,1],"7":[1,1],"8":[1,1],"9":[1,1],"10":[1,0],"11":[0,0],"12":[0,0],"13":[0,0],"14":[1,12],"15":[13,1],"16":[1,12],"17":[13,1],"18":[1,12],"19":[13,1],"20":[1,12],"21":[13,1],"22":[1,12],"23":[13,1],"24":[1,12]},"meta":{"lastBranch":25,"lastFunction":5,"lastStatement":54,"seen":{"s:5:32:175:Infinity":0,"f:5:32:5:33":0,"s:6:32:12:Infinity":1,"s:14:28:14:Infinity":2,"s:15:30:15:Infinity":3,"s:17:22:23:Infinity":4,"f:17:22:17:23":1,"s:18:20:18:Infinity":5,"b:19:8:19:Infinity:undefined:undefined:undefined:undefined":0,"s:19:8:19:Infinity":6,"s:19:31:19:Infinity":7,"s:20:21:20:Infinity":8,"s:21:19:21:Infinity":9,"s:22:8:22:Infinity":10,"s:25:25:35:Infinity":11,"f:25:25:25:26":2,"s:26:32:26:Infinity":12,"b:27:8:31:Infinity:29:15:31:Infinity":1,"s:27:8:31:Infinity":13,"s:28:12:28:Infinity":14,"s:30:12:30:Infinity":15,"b:32:8:34:Infinity:undefined:undefined:undefined:undefined":2,"s:32:8:34:Infinity":16,"s:33:12:33:Infinity":17,"s:37:25:48:Infinity":18,"f:37:25:37:31":3,"s:38:26:38:Infinity":19,"b:39:8:39:Infinity:undefined:undefined:undefined:undefined":3,"s:39:8:39:Infinity":20,"b:39:12:39:29:39:29:39:54":4,"s:39:54:39:Infinity":21,"s:40:27:40:Infinity":22,"b:41:8:41:Infinity:undefined:undefined:undefined:undefined":5,"s:41:8:41:Infinity":23,"s:41:46:41:Infinity":24,"s:42:26:42:Infinity":25,"b:43:8:43:Infinity:undefined:undefined:undefined:undefined":6,"s:43:8:43:Infinity":26,"s:43:48:43:Infinity":27,"b:44:8:44:Infinity:undefined:undefined:undefined:undefined":7,"s:44:8:44:Infinity":28,"s:44:42:44:Infinity":29,"b:45:8:45:Infinity:undefined:undefined:undefined:undefined":8,"s:45:8:45:Infinity":30,"s:45:41:45:Infinity":31,"s:46:8:46:Infinity":32,"s:47:8:47:Infinity":33,"s:50:25:78:Infinity":34,"f:50:25:50:32":4,"s:51:8:51:Infinity":35,"b:52:8:52:Infinity:undefined:undefined:undefined:undefined":9,"s:52:8:52:Infinity":36,"s:52:29:52:Infinity":37,"s:54:8:54:Infinity":38,"s:56:35:56:Infinity":39,"s:58:8:58:Infinity":40,"b:60:8:77:Infinity:64:15:77:Infinity":10,"s:60:8:77:Infinity":41,"s:61:12:61:Infinity":42,"s:62:12:62:Infinity":43,"s:63:12:63:Infinity":44,"s:65:30:65:Infinity":45,"s:66:33:66:Infinity":46,"b:68:12:74:Infinity:70:12:74:Infinity":11,"s:68:12:74:Infinity":47,"s:69:16:69:Infinity":48,"b:70:12:74:Infinity:72:19:74:Infinity":12,"s:70:12:74:Infinity":49,"b:70:23:70:55:70:55:70:84":13,"s:71:16:71:Infinity":50,"s:73:16:73:Infinity":51,"s:76:12:76:Infinity":52,"s:80:4:173:Infinity":53,"b:101:79:101:102:101:102:101:104":14,"b:103:29:103:51:103:51:103:Infinity":15,"b:112:78:112:101:112:101:112:103":16,"b:114:29:114:50:114:50:114:Infinity":17,"b:129:87:129:110:129:110:129:112":18,"b:132:25:132:39:132:39:132:Infinity":19,"b:144:89:144:112:144:112:144:114":20,"b:147:25:147:41:147:41:147:Infinity":21,"b:159:92:159:115:159:115:159:117":22,"b:162:25:162:44:162:44:162:Infinity":23,"b:168:39:168:56:168:56:168:Infinity":24}}}
,"C:\\Users\\xpert\\Desktop\\DUOC UC - Yeider\\TAV SALIDA INTERMEDIA\\front-salud-al-dia\\src\\components\\Admin\\UserRow.jsx": {"path":"C:\\Users\\xpert\\Desktop\\DUOC UC - Yeider\\TAV SALIDA INTERMEDIA\\front-salud-al-dia\\src\\components\\Admin\\UserRow.jsx","statementMap":{"0":{"start":{"line":5,"column":16},"end":{"line":102,"column":null}},"1":{"start":{"line":6,"column":2},"end":{"line":6,"column":null}},"2":{"start":{"line":6,"column":13},"end":{"line":6,"column":null}},"3":{"start":{"line":8,"column":23},"end":{"line":15,"column":null}},"4":{"start":{"line":9,"column":4},"end":{"line":14,"column":null}},"5":{"start":{"line":10,"column":20},"end":{"line":10,"column":null}},"6":{"start":{"line":11,"column":25},"end":{"line":11,"column":null}},"7":{"start":{"line":12,"column":22},"end":{"line":12,"column":null}},"8":{"start":{"line":13,"column":15},"end":{"line":13,"column":null}},"9":{"start":{"line":17,"column":23},"end":{"line":22,"column":null}},"10":{"start":{"line":18,"column":14},"end":{"line":18,"column":null}},"11":{"start":{"line":19,"column":4},"end":{"line":19,"column":null}},"12":{"start":{"line":19,"column":23},"end":{"line":19,"column":null}},"13":{"start":{"line":20,"column":4},"end":{"line":20,"column":null}},"14":{"start":{"line":20,"column":28},"end":{"line":20,"column":null}},"15":{"start":{"line":21,"column":4},"end":{"line":21,"column":null}},"16":{"start":{"line":24,"column":22},"end":{"line":33,"column":null}},"17":{"start":{"line":25,"column":4},"end":{"line":25,"column":null}},"18":{"start":{"line":25,"column":21},"end":{"line":25,"column":null}},"19":{"start":{"line":27,"column":22},"end":{"line":27,"column":null}},"20":{"start":{"line":28,"column":4},"end":{"line":32,"column":null}},"21":{"start":{"line":29,"column":33},"end":{"line":29,"column":null}},"22":{"start":{"line":30,"column":6},"end":{"line":31,"column":null}},"23":{"start":{"line":30,"column":19},"end":{"line":30,"column":null}},"24":{"start":{"line":31,"column":11},"end":{"line":31,"column":null}},"25":{"start":{"line":35,"column":23},"end":{"line":50,"column":null}},"26":{"start":{"line":36,"column":32},"end":{"line":36,"column":null}},"27":{"start":{"line":37,"column":20},"end":{"line":39,"column":null}},"28":{"start":{"line":41,"column":4},"end":{"line":49,"column":null}},"29":{"start":{"line":42,"column":33},"end":{"line":42,"column":null}},"30":{"start":{"line":43,"column":6},"end":{"line":48,"column":null}},"31":{"start":{"line":44,"column":8},"end":{"line":44,"column":null}},"32":{"start":{"line":45,"column":8},"end":{"line":45,"column":null}},"33":{"start":{"line":45,"column":22},"end":{"line":45,"column":null}},"34":{"start":{"line":47,"column":8},"end":{"line":47,"column":null}},"35":{"start":{"line":52,"column":2},"end":{"line":100,"column":null}}},"fnMap":{"0":{"name":"(anonymous_0)","decl":{"start":{"line":5,"column":16},"end":{"line":5,"column":17}},"loc":{"start":{"line":5,"column":40},"end":{"line":102,"column":null}},"line":5},"1":{"name":"(anonymous_1)","decl":{"start":{"line":8,"column":23},"end":{"line":8,"column":24}},"loc":{"start":{"line":8,"column":33},"end":{"line":15,"column":null}},"line":8},"2":{"name":"(anonymous_2)","decl":{"start":{"line":17,"column":23},"end":{"line":17,"column":24}},"loc":{"start":{"line":17,"column":33},"end":{"line":22,"column":null}},"line":17},"3":{"name":"(anonymous_3)","decl":{"start":{"line":24,"column":22},"end":{"line":24,"column":34}},"loc":{"start":{"line":24,"column":34},"end":{"line":33,"column":null}},"line":24},"4":{"name":"(anonymous_4)","decl":{"start":{"line":35,"column":23},"end":{"line":35,"column":35}},"loc":{"start":{"line":35,"column":35},"end":{"line":50,"column":null}},"line":35}},"branchMap":{"0":{"loc":{"start":{"line":6,"column":2},"end":{"line":6,"column":null}},"type":"if","locations":[{"start":{"line":6,"column":2},"end":{"line":6,"column":null}},{"start":{},"end":{}}],"line":6},"1":{"loc":{"start":{"line":9,"column":4},"end":{"line":14,"column":null}},"type":"switch","locations":[{"start":{"line":10,"column":6},"end":{"line":10,"column":null}},{"start":{"line":11,"column":6},"end":{"line":11,"column":null}},{"start":{"line":12,"column":6},"end":{"line":12,"column":null}},{"start":{"line":13,"column":6},"end":{"line":13,"column":null}}],"line":9},"2":{"loc":{"start":{"line":19,"column":4},"end":{"line":19,"column":null}},"type":"if","locations":[{"start":{"line":19,"column":4},"end":{"line":19,"column":null}},{"start":{},"end":{}}],"line":19},"3":{"loc":{"start":{"line":20,"column":4},"end":{"line":20,"column":null}},"type":"if","locations":[{"start":{"line":20,"column":4},"end":{"line":20,"column":null}},{"start":{},"end":{}}],"line":20},"4":{"loc":{"start":{"line":25,"column":4},"end":{"line":25,"column":null}},"type":"if","locations":[{"start":{"line":25,"column":4},"end":{"line":25,"column":null}},{"start":{},"end":{}}],"line":25},"5":{"loc":{"start":{"line":28,"column":4},"end":{"line":32,"column":null}},"type":"if","locations":[{"start":{"line":28,"column":4},"end":{"line":32,"column":null}},{"start":{},"end":{}}],"line":28},"6":{"loc":{"start":{"line":30,"column":6},"end":{"line":31,"column":null}},"type":"if","locations":[{"start":{"line":30,"column":6},"end":{"line":31,"column":null}},{"start":{"line":31,"column":11},"end":{"line":31,"column":null}}],"line":30},"7":{"loc":{"start":{"line":37,"column":20},"end":{"line":39,"column":null}},"type":"cond-expr","locations":[{"start":{"line":38,"column":8},"end":{"line":38,"column":null}},{"start":{"line":39,"column":8},"end":{"line":39,"column":null}}],"line":37},"8":{"loc":{"start":{"line":41,"column":4},"end":{"line":49,"column":null}},"type":"if","locations":[{"start":{"line":41,"column":4},"end":{"line":49,"column":null}},{"start":{},"end":{}}],"line":41},"9":{"loc":{"start":{"line":43,"column":6},"end":{"line":48,"column":null}},"type":"if","locations":[{"start":{"line":43,"column":6},"end":{"line":48,"column":null}},{"start":{"line":46,"column":13},"end":{"line":48,"column":null}}],"line":43},"10":{"loc":{"start":{"line":45,"column":8},"end":{"line":45,"column":null}},"type":"if","locations":[{"start":{"line":45,"column":8},"end":{"line":45,"column":null}},{"start":{},"end":{}}],"line":45},"11":{"loc":{"start":{"line":53,"column":32},"end":{"line":53,"column":96}},"type":"cond-expr","locations":[{"start":{"line":53,"column":69},"end":{"line":53,"column":94}},{"start":{"line":53,"column":94},"end":{"line":53,"column":96}}],"line":53},"12":{"loc":{"start":{"line":54,"column":11},"end":{"line":54,"column":29}},"type":"binary-expr","locations":[{"start":{"line":54,"column":11},"end":{"line":54,"column":23}},{"start":{"line":54,"column":23},"end":{"line":54,"column":29}}],"line":54},"13":{"loc":{"start":{"line":59,"column":9},"end":{"line":63,"column":null}},"type":"binary-expr","locations":[{"start":{"line":59,"column":9},"end":{"line":59,"column":47}},{"start":{"line":59,"column":47},"end":{"line":59,"column":null}},{"start":{"line":60,"column":10},"end":{"line":63,"column":null}}],"line":59},"14":{"loc":{"start":{"line":76,"column":48},"end":{"line":76,"column":71}},"type":"binary-expr","locations":[{"start":{"line":76,"column":48},"end":{"line":76,"column":63}},{"start":{"line":76,"column":63},"end":{"line":76,"column":71}}],"line":76},"15":{"loc":{"start":{"line":77,"column":11},"end":{"line":77,"column":null}},"type":"cond-expr","locations":[{"start":{"line":77,"column":48},"end":{"line":77,"column":63}},{"start":{"line":77,"column":63},"end":{"line":77,"column":null}}],"line":77},"16":{"loc":{"start":{"line":93,"column":45},"end":{"line":93,"column":105}},"type":"cond-expr","locations":[{"start":{"line":93,"column":82},"end":{"line":93,"column":103}},{"start":{"line":93,"column":103},"end":{"line":93,"column":105}}],"line":93}},"s":{"0":1,"1":3,"2":0,"3":3,"4":3,"5":0,"6":0,"7":3,"8":0,"9":3,"10":3,"11":3,"12":0,"13":3,"14":0,"15":3,"16":3,"17":0,"18":0,"19":0,"20":0,"21":0,"22":0,"23":0,"24":0,"25":3,"26":1,"27":1,"28":1,"29":1,"30":1,"31":1,"32":1,"33":1,"34":0,"35":3},"f":{"0":3,"1":3,"2":3,"3":0,"4":1},"b":{"0":[0,3],"1":[0,0,3,0],"2":[0,3],"3":[0,3],"4":[0,0],"5":[0,0],"6":[0,0],"7":[0,1],"8":[1,0],"9":[1,0],"10":[1,0],"11":[1,2],"12":[3,0],"13":[3,1,1],"14":[3,0],"15":[1,2],"16":[1,2]},"meta":{"lastBranch":17,"lastFunction":5,"lastStatement":36,"seen":{"s:5:16:102:Infinity":0,"f:5:16:5:17":0,"b:6:2:6:Infinity:undefined:undefined:undefined:undefined":0,"s:6:2:6:Infinity":1,"s:6:13:6:Infinity":2,"s:8:23:15:Infinity":3,"f:8:23:8:24":1,"b:10:6:10:Infinity:11:6:11:Infinity:12:6:12:Infinity:13:6:13:Infinity":1,"s:9:4:14:Infinity":4,"s:10:20:10:Infinity":5,"s:11:25:11:Infinity":6,"s:12:22:12:Infinity":7,"s:13:15:13:Infinity":8,"s:17:23:22:Infinity":9,"f:17:23:17:24":2,"s:18:14:18:Infinity":10,"b:19:4:19:Infinity:undefined:undefined:undefined:undefined":2,"s:19:4:19:Infinity":11,"s:19:23:19:Infinity":12,"b:20:4:20:Infinity:undefined:undefined:undefined:undefined":3,"s:20:4:20:Infinity":13,"s:20:28:20:Infinity":14,"s:21:4:21:Infinity":15,"s:24:22:33:Infinity":16,"f:24:22:24:34":3,"b:25:4:25:Infinity:undefined:undefined:undefined:undefined":4,"s:25:4:25:Infinity":17,"s:25:21:25:Infinity":18,"s:27:22:27:Infinity":19,"b:28:4:32:Infinity:undefined:undefined:undefined:undefined":5,"s:28:4:32:Infinity":20,"s:29:33:29:Infinity":21,"b:30:6:31:Infinity:31:11:31:Infinity":6,"s:30:6:31:Infinity":22,"s:30:19:30:Infinity":23,"s:31:11:31:Infinity":24,"s:35:23:50:Infinity":25,"f:35:23:35:35":4,"s:36:32:36:Infinity":26,"s:37:20:39:Infinity":27,"b:38:8:38:Infinity:39:8:39:Infinity":7,"b:41:4:49:Infinity:undefined:undefined:undefined:undefined":8,"s:41:4:49:Infinity":28,"s:42:33:42:Infinity":29,"b:43:6:48:Infinity:46:13:48:Infinity":9,"s:43:6:48:Infinity":30,"s:44:8:44:Infinity":31,"b:45:8:45:Infinity:undefined:undefined:undefined:undefined":10,"s:45:8:45:Infinity":32,"s:45:22:45:Infinity":33,"s:47:8:47:Infinity":34,"s:52:2:100:Infinity":35,"b:53:69:53:94:53:94:53:96":11,"b:54:11:54:23:54:23:54:29":12,"b:59:9:59:47:59:47:59:Infinity:60:10:63:Infinity":13,"b:76:48:76:63:76:63:76:71":14,"b:77:48:77:63:77:63:77:Infinity":15,"b:93:82:93:103:93:103:93:105":16}}}
,"C:\\Users\\xpert\\Desktop\\DUOC UC - Yeider\\TAV SALIDA INTERMEDIA\\front-salud-al-dia\\src\\components\\Admin\\UserTable.jsx": {"path":"C:\\Users\\xpert\\Desktop\\DUOC UC - Yeider\\TAV SALIDA INTERMEDIA\\front-salud-al-dia\\src\\components\\Admin\\UserTable.jsx","statementMap":{"0":{"start":{"line":6,"column":18},"end":{"line":124,"column":null}},"1":{"start":{"line":7,"column":24},"end":{"line":7,"column":null}},"2":{"start":{"line":8,"column":34},"end":{"line":8,"column":null}},"3":{"start":{"line":9,"column":28},"end":{"line":9,"column":null}},"4":{"start":{"line":10,"column":42},"end":{"line":10,"column":null}},"5":{"start":{"line":12,"column":21},"end":{"line":17,"column":null}},"6":{"start":{"line":13,"column":4},"end":{"line":13,"column":null}},"7":{"start":{"line":14,"column":17},"end":{"line":14,"column":null}},"8":{"start":{"line":15,"column":4},"end":{"line":15,"column":null}},"9":{"start":{"line":16,"column":4},"end":{"line":16,"column":null}},"10":{"start":{"line":19,"column":2},"end":{"line":21,"column":null}},"11":{"start":{"line":20,"column":4},"end":{"line":20,"column":null}},"12":{"start":{"line":23,"column":18},"end":{"line":27,"column":null}},"13":{"start":{"line":29,"column":24},"end":{"line":48,"column":null}},"14":{"start":{"line":30,"column":4},"end":{"line":32,"column":null}},"15":{"start":{"line":31,"column":6},"end":{"line":31,"column":null}},"16":{"start":{"line":34,"column":10},"end":{"line":34,"column":null}},"17":{"start":{"line":35,"column":24},"end":{"line":35,"column":null}},"18":{"start":{"line":37,"column":21},"end":{"line":37,"column":null}},"19":{"start":{"line":38,"column":10},"end":{"line":38,"column":null}},"20":{"start":{"line":39,"column":10},"end":{"line":39,"column":null}},"21":{"start":{"line":40,"column":17},"end":{"line":40,"column":null}},"22":{"start":{"line":42,"column":4},"end":{"line":46,"column":null}},"23":{"start":{"line":50,"column":2},"end":{"line":50,"column":null}},"24":{"start":{"line":50,"column":15},"end":{"line":50,"column":null}},"25":{"start":{"line":52,"column":2},"end":{"line":122,"column":null}},"26":{"start":{"line":64,"column":37},"end":{"line":64,"column":null}},"27":{"start":{"line":69,"column":31},"end":{"line":69,"column":null}},"28":{"start":{"line":101,"column":16},"end":{"line":105,"column":null}}},"fnMap":{"0":{"name":"(anonymous_0)","decl":{"start":{"line":6,"column":18},"end":{"line":6,"column":24}},"loc":{"start":{"line":6,"column":24},"end":{"line":124,"column":null}},"line":6},"1":{"name":"(anonymous_1)","decl":{"start":{"line":12,"column":21},"end":{"line":12,"column":33}},"loc":{"start":{"line":12,"column":33},"end":{"line":17,"column":null}},"line":12},"2":{"name":"(anonymous_2)","decl":{"start":{"line":19,"column":12},"end":{"line":19,"column":18}},"loc":{"start":{"line":19,"column":18},"end":{"line":21,"column":5}},"line":19},"3":{"name":"(anonymous_3)","decl":{"start":{"line":29,"column":37},"end":{"line":29,"column":45}},"loc":{"start":{"line":29,"column":45},"end":{"line":48,"column":3}},"line":29},"4":{"name":"(anonymous_4)","decl":{"start":{"line":64,"column":30},"end":{"line":64,"column":31}},"loc":{"start":{"line":64,"column":37},"end":{"line":64,"column":null}},"line":64},"5":{"name":"(anonymous_5)","decl":{"start":{"line":69,"column":25},"end":{"line":69,"column":31}},"loc":{"start":{"line":69,"column":31},"end":{"line":69,"column":null}},"line":69},"6":{"name":"(anonymous_6)","decl":{"start":{"line":100,"column":32},"end":{"line":100,"column":33}},"loc":{"start":{"line":101,"column":16},"end":{"line":105,"column":null}},"line":101}},"branchMap":{"0":{"loc":{"start":{"line":15,"column":13},"end":{"line":15,"column":44}},"type":"cond-expr","locations":[{"start":{"line":15,"column":35},"end":{"line":15,"column":42}},{"start":{"line":15,"column":42},"end":{"line":15,"column":44}}],"line":15},"1":{"loc":{"start":{"line":30,"column":4},"end":{"line":32,"column":null}},"type":"if","locations":[{"start":{"line":30,"column":4},"end":{"line":32,"column":null}},{"start":{},"end":{}}],"line":30},"2":{"loc":{"start":{"line":30,"column":8},"end":{"line":30,"column":62}},"type":"binary-expr","locations":[{"start":{"line":30,"column":8},"end":{"line":30,"column":26}},{"start":{"line":30,"column":26},"end":{"line":30,"column":62}}],"line":30},"3":{"loc":{"start":{"line":34,"column":21},"end":{"line":34,"column":38}},"type":"binary-expr","locations":[{"start":{"line":34,"column":21},"end":{"line":34,"column":34}},{"start":{"line":34,"column":34},"end":{"line":34,"column":38}}],"line":34},"4":{"loc":{"start":{"line":35,"column":24},"end":{"line":35,"column":null}},"type":"binary-expr","locations":[{"start":{"line":35,"column":24},"end":{"line":35,"column":44}},{"start":{"line":35,"column":44},"end":{"line":35,"column":null}}],"line":35},"5":{"loc":{"start":{"line":37,"column":24},"end":{"line":37,"column":46}},"type":"binary-expr","locations":[{"start":{"line":37,"column":24},"end":{"line":37,"column":44}},{"start":{"line":37,"column":44},"end":{"line":37,"column":46}}],"line":37},"6":{"loc":{"start":{"line":37,"column":50},"end":{"line":37,"column":71}},"type":"binary-expr","locations":[{"start":{"line":37,"column":50},"end":{"line":37,"column":69}},{"start":{"line":37,"column":69},"end":{"line":37,"column":71}}],"line":37},"7":{"loc":{"start":{"line":38,"column":17},"end":{"line":38,"column":33}},"type":"binary-expr","locations":[{"start":{"line":38,"column":17},"end":{"line":38,"column":29}},{"start":{"line":38,"column":29},"end":{"line":38,"column":33}}],"line":38},"8":{"loc":{"start":{"line":39,"column":19},"end":{"line":39,"column":37}},"type":"binary-expr","locations":[{"start":{"line":39,"column":19},"end":{"line":39,"column":33}},{"start":{"line":39,"column":33},"end":{"line":39,"column":37}}],"line":39},"9":{"loc":{"start":{"line":43,"column":6},"end":{"line":46,"column":null}},"type":"binary-expr","locations":[{"start":{"line":43,"column":6},"end":{"line":43,"column":null}},{"start":{"line":44,"column":6},"end":{"line":44,"column":null}},{"start":{"line":45,"column":6},"end":{"line":45,"column":null}},{"start":{"line":46,"column":6},"end":{"line":46,"column":null}}],"line":43},"10":{"loc":{"start":{"line":50,"column":2},"end":{"line":50,"column":null}},"type":"if","locations":[{"start":{"line":50,"column":2},"end":{"line":50,"column":null}},{"start":{},"end":{}}],"line":50},"11":{"loc":{"start":{"line":70,"column":41},"end":{"line":70,"column":71}},"type":"cond-expr","locations":[{"start":{"line":70,"column":58},"end":{"line":70,"column":69}},{"start":{"line":70,"column":69},"end":{"line":70,"column":71}}],"line":70},"12":{"loc":{"start":{"line":73,"column":17},"end":{"line":73,"column":null}},"type":"cond-expr","locations":[{"start":{"line":73,"column":34},"end":{"line":73,"column":60}},{"start":{"line":73,"column":60},"end":{"line":73,"column":null}}],"line":73},"13":{"loc":{"start":{"line":99,"column":13},"end":{"line":117,"column":null}},"type":"cond-expr","locations":[{"start":{"line":100,"column":14},"end":{"line":106,"column":null}},{"start":{"line":108,"column":14},"end":{"line":117,"column":null}}],"line":99},"14":{"loc":{"start":{"line":110,"column":19},"end":{"line":114,"column":null}},"type":"cond-expr","locations":[{"start":{"line":111,"column":22},"end":{"line":111,"column":null}},{"start":{"line":112,"column":22},"end":{"line":114,"column":null}}],"line":110},"15":{"loc":{"start":{"line":112,"column":22},"end":{"line":114,"column":null}},"type":"cond-expr","locations":[{"start":{"line":113,"column":26},"end":{"line":113,"column":null}},{"start":{"line":114,"column":26},"end":{"line":114,"column":null}}],"line":112}},"s":{"0":1,"1":8,"2":8,"3":8,"4":8,"5":8,"6":3,"7":3,"8":3,"9":3,"10":8,"11":3,"12":8,"13":8,"14":15,"15":2,"16":13,"17":15,"18":15,"19":15,"20":15,"21":15,"22":15,"23":8,"24":3,"25":5,"26":1,"27":1,"28":11},"f":{"0":8,"1":3,"2":3,"3":15,"4":1,"5":1,"6":11},"b":{"0":[3,0],"1":[2,13],"2":[15,3],"3":[13,0],"4":[15,0],"5":[15,0],"6":[15,13],"7":[15,13],"8":[15,13],"9":[15,2,2,2],"10":[3,5],"11":[1,4],"12":[1,4],"13":[5,0],"14":[0,0],"15":[0,0]},"meta":{"lastBranch":16,"lastFunction":7,"lastStatement":29,"seen":{"s:6:18:124:Infinity":0,"f:6:18:6:24":0,"s:7:24:7:Infinity":1,"s:8:34:8:Infinity":2,"s:9:28:9:Infinity":3,"s:10:42:10:Infinity":4,"s:12:21:17:Infinity":5,"f:12:21:12:33":1,"s:13:4:13:Infinity":6,"s:14:17:14:Infinity":7,"s:15:4:15:Infinity":8,"b:15:35:15:42:15:42:15:44":0,"s:16:4:16:Infinity":9,"s:19:2:21:Infinity":10,"f:19:12:19:18":2,"s:20:4:20:Infinity":11,"s:23:18:27:Infinity":12,"s:29:24:48:Infinity":13,"f:29:37:29:45":3,"b:30:4:32:Infinity:undefined:undefined:undefined:undefined":1,"s:30:4:32:Infinity":14,"b:30:8:30:26:30:26:30:62":2,"s:31:6:31:Infinity":15,"s:34:10:34:Infinity":16,"b:34:21:34:34:34:34:34:38":3,"s:35:24:35:Infinity":17,"b:35:24:35:44:35:44:35:Infinity":4,"s:37:21:37:Infinity":18,"b:37:24:37:44:37:44:37:46":5,"b:37:50:37:69:37:69:37:71":6,"s:38:10:38:Infinity":19,"b:38:17:38:29:38:29:38:33":7,"s:39:10:39:Infinity":20,"b:39:19:39:33:39:33:39:37":8,"s:40:17:40:Infinity":21,"s:42:4:46:Infinity":22,"b:43:6:43:Infinity:44:6:44:Infinity:45:6:45:Infinity:46:6:46:Infinity":9,"b:50:2:50:Infinity:undefined:undefined:undefined:undefined":10,"s:50:2:50:Infinity":23,"s:50:15:50:Infinity":24,"s:52:2:122:Infinity":25,"f:64:30:64:31":4,"s:64:37:64:Infinity":26,"f:69:25:69:31":5,"s:69:31:69:Infinity":27,"b:70:58:70:69:70:69:70:71":11,"b:73:34:73:60:73:60:73:Infinity":12,"b:100:14:106:Infinity:108:14:117:Infinity":13,"f:100:32:100:33":6,"s:101:16:105:Infinity":28,"b:111:22:111:Infinity:112:22:114:Infinity":14,"b:113:26:113:Infinity:114:26:114:Infinity":15}}}
,"C:\\Users\\xpert\\Desktop\\DUOC UC - Yeider\\TAV SALIDA INTERMEDIA\\front-salud-al-dia\\src\\components\\Chat\\ChatWidget.jsx": {"path":"C:\\Users\\xpert\\Desktop\\DUOC UC - Yeider\\TAV SALIDA INTERMEDIA\\front-salud-al-dia\\src\\components\\Chat\\ChatWidget.jsx","statementMap":{"0":{"start":{"line":6,"column":19},"end":{"line":119,"column":null}},"1":{"start":{"line":7,"column":2},"end":{"line":7,"column":null}},"2":{"start":{"line":7,"column":15},"end":{"line":7,"column":null}},"3":{"start":{"line":9,"column":26},"end":{"line":9,"column":null}},"4":{"start":{"line":10,"column":30},"end":{"line":10,"column":null}},"5":{"start":{"line":11,"column":24},"end":{"line":11,"column":null}},"6":{"start":{"line":12,"column":28},"end":{"line":12,"column":null}},"7":{"start":{"line":13,"column":8},"end":{"line":13,"column":null}},"8":{"start":{"line":15,"column":18},"end":{"line":15,"column":null}},"9":{"start":{"line":17,"column":2},"end":{"line":23,"column":null}},"10":{"start":{"line":18,"column":4},"end":{"line":21,"column":null}},"11":{"start":{"line":22,"column":4},"end":{"line":22,"column":null}},"12":{"start":{"line":25,"column":2},"end":{"line":27,"column":null}},"13":{"start":{"line":26,"column":4},"end":{"line":26,"column":null}},"14":{"start":{"line":29,"column":22},"end":{"line":52,"column":null}},"15":{"start":{"line":30,"column":4},"end":{"line":30,"column":null}},"16":{"start":{"line":31,"column":4},"end":{"line":31,"column":null}},"17":{"start":{"line":31,"column":34},"end":{"line":31,"column":null}},"18":{"start":{"line":33,"column":25},"end":{"line":33,"column":null}},"19":{"start":{"line":34,"column":4},"end":{"line":34,"column":null}},"20":{"start":{"line":34,"column":24},"end":{"line":34,"column":74}},"21":{"start":{"line":35,"column":4},"end":{"line":35,"column":null}},"22":{"start":{"line":36,"column":4},"end":{"line":36,"column":null}},"23":{"start":{"line":38,"column":4},"end":{"line":51,"column":null}},"24":{"start":{"line":39,"column":23},"end":{"line":44,"column":null}},"25":{"start":{"line":46,"column":6},"end":{"line":46,"column":null}},"26":{"start":{"line":46,"column":26},"end":{"line":46,"column":91}},"27":{"start":{"line":48,"column":6},"end":{"line":48,"column":null}},"28":{"start":{"line":48,"column":26},"end":{"line":48,"column":129}},"29":{"start":{"line":50,"column":6},"end":{"line":50,"column":null}},"30":{"start":{"line":54,"column":2},"end":{"line":117,"column":null}},"31":{"start":{"line":58,"column":23},"end":{"line":58,"column":null}},"32":{"start":{"line":84,"column":14},"end":{"line":86,"column":null}},"33":{"start":{"line":102,"column":31},"end":{"line":102,"column":null}}},"fnMap":{"0":{"name":"(anonymous_0)","decl":{"start":{"line":6,"column":19},"end":{"line":6,"column":20}},"loc":{"start":{"line":6,"column":35},"end":{"line":119,"column":null}},"line":6},"1":{"name":"(anonymous_1)","decl":{"start":{"line":17,"column":12},"end":{"line":17,"column":18}},"loc":{"start":{"line":17,"column":18},"end":{"line":23,"column":5}},"line":17},"2":{"name":"(anonymous_2)","decl":{"start":{"line":25,"column":12},"end":{"line":25,"column":18}},"loc":{"start":{"line":25,"column":18},"end":{"line":27,"column":5}},"line":25},"3":{"name":"(anonymous_3)","decl":{"start":{"line":29,"column":22},"end":{"line":29,"column":29}},"loc":{"start":{"line":29,"column":35},"end":{"line":52,"column":null}},"line":29},"4":{"name":"(anonymous_4)","decl":{"start":{"line":34,"column":16},"end":{"line":34,"column":24}},"loc":{"start":{"line":34,"column":24},"end":{"line":34,"column":74}},"line":34},"5":{"name":"(anonymous_5)","decl":{"start":{"line":46,"column":18},"end":{"line":46,"column":26}},"loc":{"start":{"line":46,"column":26},"end":{"line":46,"column":91}},"line":46},"6":{"name":"(anonymous_6)","decl":{"start":{"line":48,"column":18},"end":{"line":48,"column":26}},"loc":{"start":{"line":48,"column":26},"end":{"line":48,"column":129}},"line":48},"7":{"name":"(anonymous_7)","decl":{"start":{"line":58,"column":17},"end":{"line":58,"column":23}},"loc":{"start":{"line":58,"column":23},"end":{"line":58,"column":null}},"line":58},"8":{"name":"(anonymous_8)","decl":{"start":{"line":83,"column":26},"end":{"line":83,"column":27}},"loc":{"start":{"line":84,"column":14},"end":{"line":86,"column":null}},"line":84},"9":{"name":"(anonymous_9)","decl":{"start":{"line":102,"column":24},"end":{"line":102,"column":25}},"loc":{"start":{"line":102,"column":31},"end":{"line":102,"column":null}},"line":102}},"branchMap":{"0":{"loc":{"start":{"line":7,"column":2},"end":{"line":7,"column":null}},"type":"if","locations":[{"start":{"line":7,"column":2},"end":{"line":7,"column":null}},{"start":{},"end":{}}],"line":7},"1":{"loc":{"start":{"line":15,"column":18},"end":{"line":15,"column":null}},"type":"binary-expr","locations":[{"start":{"line":15,"column":18},"end":{"line":15,"column":52}},{"start":{"line":15,"column":52},"end":{"line":15,"column":null}}],"line":15},"2":{"loc":{"start":{"line":31,"column":4},"end":{"line":31,"column":null}},"type":"if","locations":[{"start":{"line":31,"column":4},"end":{"line":31,"column":null}},{"start":{},"end":{}}],"line":31},"3":{"loc":{"start":{"line":31,"column":8},"end":{"line":31,"column":34}},"type":"binary-expr","locations":[{"start":{"line":31,"column":8},"end":{"line":31,"column":25}},{"start":{"line":31,"column":25},"end":{"line":31,"column":34}}],"line":31},"4":{"loc":{"start":{"line":57,"column":34},"end":{"line":57,"column":54}},"type":"cond-expr","locations":[{"start":{"line":57,"column":43},"end":{"line":57,"column":52}},{"start":{"line":57,"column":52},"end":{"line":57,"column":54}}],"line":57},"5":{"loc":{"start":{"line":59,"column":20},"end":{"line":59,"column":null}},"type":"cond-expr","locations":[{"start":{"line":59,"column":29},"end":{"line":59,"column":50}},{"start":{"line":59,"column":50},"end":{"line":59,"column":null}}],"line":59},"6":{"loc":{"start":{"line":61,"column":9},"end":{"line":61,"column":null}},"type":"cond-expr","locations":[{"start":{"line":61,"column":18},"end":{"line":61,"column":36}},{"start":{"line":61,"column":36},"end":{"line":61,"column":null}}],"line":61},"7":{"loc":{"start":{"line":62,"column":9},"end":{"line":62,"column":null}},"type":"binary-expr","locations":[{"start":{"line":62,"column":9},"end":{"line":62,"column":20}},{"start":{"line":62,"column":20},"end":{"line":62,"column":null}}],"line":62},"8":{"loc":{"start":{"line":65,"column":7},"end":{"line":115,"column":null}},"type":"binary-expr","locations":[{"start":{"line":65,"column":7},"end":{"line":65,"column":null}},{"start":{"line":66,"column":8},"end":{"line":115,"column":null}}],"line":65},"9":{"loc":{"start":{"line":84,"column":49},"end":{"line":84,"column":82}},"type":"cond-expr","locations":[{"start":{"line":84,"column":69},"end":{"line":84,"column":78}},{"start":{"line":84,"column":78},"end":{"line":84,"column":82}}],"line":84},"10":{"loc":{"start":{"line":89,"column":13},"end":{"line":93,"column":null}},"type":"binary-expr","locations":[{"start":{"line":89,"column":13},"end":{"line":89,"column":null}},{"start":{"line":90,"column":14},"end":{"line":93,"column":null}}],"line":89},"11":{"loc":{"start":{"line":110,"column":24},"end":{"line":110,"column":null}},"type":"binary-expr","locations":[{"start":{"line":110,"column":24},"end":{"line":110,"column":35}},{"start":{"line":110,"column":35},"end":{"line":110,"column":null}}],"line":110}},"s":{"0":1,"1":16,"2":1,"3":15,"4":15,"5":15,"6":15,"7":15,"8":15,"9":16,"10":3,"11":3,"12":16,"13":10,"14":16,"15":2,"16":2,"17":0,"18":2,"19":2,"20":2,"21":2,"22":2,"23":2,"24":2,"25":1,"26":1,"27":1,"28":1,"29":2,"30":16,"31":3,"32":15,"33":2},"f":{"0":16,"1":3,"2":10,"3":2,"4":2,"5":1,"6":1,"7":3,"8":15,"9":2},"b":{"0":[1,15],"1":[15,0],"2":[0,2],"3":[2,2],"4":[9,6],"5":[9,6],"6":[9,6],"7":[16,6],"8":[16,9],"9":[4,11],"10":[9,2],"11":[9,7]},"meta":{"lastBranch":12,"lastFunction":10,"lastStatement":34,"seen":{"s:6:19:119:Infinity":0,"f:6:19:6:20":0,"b:7:2:7:Infinity:undefined:undefined:undefined:undefined":0,"s:7:2:7:Infinity":1,"s:7:15:7:Infinity":2,"s:9:26:9:Infinity":3,"s:10:30:10:Infinity":4,"s:11:24:11:Infinity":5,"s:12:28:12:Infinity":6,"s:13:8:13:Infinity":7,"s:15:18:15:Infinity":8,"b:15:18:15:52:15:52:15:Infinity":1,"s:17:2:23:Infinity":9,"f:17:12:17:18":1,"s:18:4:21:Infinity":10,"s:22:4:22:Infinity":11,"s:25:2:27:Infinity":12,"f:25:12:25:18":2,"s:26:4:26:Infinity":13,"s:29:22:52:Infinity":14,"f:29:22:29:29":3,"s:30:4:30:Infinity":15,"b:31:4:31:Infinity:undefined:undefined:undefined:undefined":2,"s:31:4:31:Infinity":16,"b:31:8:31:25:31:25:31:34":3,"s:31:34:31:Infinity":17,"s:33:25:33:Infinity":18,"s:34:4:34:Infinity":19,"f:34:16:34:24":4,"s:34:24:34:74":20,"s:35:4:35:Infinity":21,"s:36:4:36:Infinity":22,"s:38:4:51:Infinity":23,"s:39:23:44:Infinity":24,"s:46:6:46:Infinity":25,"f:46:18:46:26":5,"s:46:26:46:91":26,"s:48:6:48:Infinity":27,"f:48:18:48:26":6,"s:48:26:48:129":28,"s:50:6:50:Infinity":29,"s:54:2:117:Infinity":30,"b:57:43:57:52:57:52:57:54":4,"f:58:17:58:23":7,"s:58:23:58:Infinity":31,"b:59:29:59:50:59:50:59:Infinity":5,"b:61:18:61:36:61:36:61:Infinity":6,"b:62:9:62:20:62:20:62:Infinity":7,"b:65:7:65:Infinity:66:8:115:Infinity":8,"f:83:26:83:27":8,"s:84:14:86:Infinity":32,"b:84:69:84:78:84:78:84:82":9,"b:89:13:89:Infinity:90:14:93:Infinity":10,"f:102:24:102:25":9,"s:102:31:102:Infinity":33,"b:110:24:110:35:110:35:110:Infinity":11}}}
,"C:\\Users\\xpert\\Desktop\\DUOC UC - Yeider\\TAV SALIDA INTERMEDIA\\front-salud-al-dia\\src\\components\\Dashboard\\GlucoseCard.jsx": {"path":"C:\\Users\\xpert\\Desktop\\DUOC UC - Yeider\\TAV SALIDA INTERMEDIA\\front-salud-al-dia\\src\\components\\Dashboard\\GlucoseCard.jsx","statementMap":{"0":{"start":{"line":5,"column":14},"end":{"line":5,"column":null}},"1":{"start":{"line":7,"column":2},"end":{"line":8,"column":null}},"2":{"start":{"line":7,"column":22},"end":{"line":7,"column":null}},"3":{"start":{"line":7,"column":30},"end":{"line":8,"column":null}},"4":{"start":{"line":8,"column":27},"end":{"line":8,"column":null}},"5":{"start":{"line":10,"column":2},"end":{"line":28,"column":null}}},"fnMap":{"0":{"name":"GlucoseCard","decl":{"start":{"line":4,"column":24},"end":{"line":4,"column":36}},"loc":{"start":{"line":4,"column":55},"end":{"line":30,"column":null}},"line":4}},"branchMap":{"0":{"loc":{"start":{"line":7,"column":2},"end":{"line":8,"column":null}},"type":"if","locations":[{"start":{"line":7,"column":2},"end":{"line":8,"column":null}},{"start":{"line":7,"column":30},"end":{"line":8,"column":null}}],"line":7},"1":{"loc":{"start":{"line":7,"column":30},"end":{"line":8,"column":null}},"type":"if","locations":[{"start":{"line":7,"column":30},"end":{"line":8,"column":null}},{"start":{},"end":{}}],"line":7},"2":{"loc":{"start":{"line":18,"column":11},"end":{"line":18,"column":null}},"type":"binary-expr","locations":[{"start":{"line":18,"column":11},"end":{"line":18,"column":33}},{"start":{"line":18,"column":33},"end":{"line":18,"column":null}}],"line":18},"3":{"loc":{"start":{"line":19,"column":11},"end":{"line":19,"column":null}},"type":"binary-expr","locations":[{"start":{"line":19,"column":11},"end":{"line":19,"column":34}},{"start":{"line":19,"column":34},"end":{"line":19,"column":null}}],"line":19},"4":{"loc":{"start":{"line":20,"column":11},"end":{"line":20,"column":null}},"type":"binary-expr","locations":[{"start":{"line":20,"column":11},"end":{"line":20,"column":33}},{"start":{"line":20,"column":33},"end":{"line":20,"column":null}}],"line":20}},"s":{"0":3,"1":3,"2":1,"3":2,"4":1,"5":3},"f":{"0":3},"b":{"0":[1,2],"1":[1,1],"2":[3,1],"3":[3,1],"4":[3,1]},"meta":{"lastBranch":5,"lastFunction":1,"lastStatement":6,"seen":{"f:4:24:4:36":0,"s:5:14:5:Infinity":0,"b:7:2:8:Infinity:7:30:8:Infinity":0,"s:7:2:8:Infinity":1,"s:7:22:7:Infinity":2,"b:7:30:8:Infinity:undefined:undefined:undefined:undefined":1,"s:7:30:8:Infinity":3,"s:8:27:8:Infinity":4,"s:10:2:28:Infinity":5,"b:18:11:18:33:18:33:18:Infinity":2,"b:19:11:19:34:19:34:19:Infinity":3,"b:20:11:20:33:20:33:20:Infinity":4}}}
[...]
4,"column":21},"end":{"line":14,"column":86}},"6":{"start":{"line":15,"column":4},"end":{"line":15,"column":25}},"7":{"start":{"line":17,"column":4},"end":{"line":17,"column":58}},"8":{"start":{"line":18,"column":4},"end":{"line":18,"column":75}},"9":{"start":{"line":22,"column":32},"end":{"line":34,"column":1}},"10":{"start":{"line":23,"column":2},"end":{"line":33,"column":3}},"11":{"start":{"line":24,"column":21},"end":{"line":24,"column":89}},"12":{"start":{"line":25,"column":4},"end":{"line":25,"column":25}},"13":{"start":{"line":27,"column":4},"end":{"line":30,"column":5}},"14":{"start":{"line":28,"column":8},"end":{"line":28,"column":79}},"15":{"start":{"line":29,"column":8},"end":{"line":29,"column":20}},"16":{"start":{"line":31,"column":4},"end":{"line":31,"column":70}},"17":{"start":{"line":32,"column":4},"end":{"line":32,"column":16}},"18":{"start":{"line":36,"column":35},"end":{"line":44,"column":1}},"19":{"start":{"line":37,"column":2},"end":{"line":43,"column":3}},"20":{"start":{"line":38,"column":21},"end":{"line":38,"column":102}},"21":{"start":{"line":39,"column":4},"end":{"line":39,"column":25}},"22":{"start":{"line":41,"column":4},"end":{"line":41,"column":58}},"23":{"start":{"line":42,"column":4},"end":{"line":42,"column":80}}},"fnMap":{"0":{"name":"(anonymous_0)","decl":{"start":{"line":5,"column":18},"end":{"line":5,"column":19}},"loc":{"start":{"line":5,"column":25},"end":{"line":10,"column":1}},"line":5},"1":{"name":"(anonymous_1)","decl":{"start":{"line":12,"column":35},"end":{"line":12,"column":40}},"loc":{"start":{"line":12,"column":51},"end":{"line":20,"column":1}},"line":12},"2":{"name":"(anonymous_2)","decl":{"start":{"line":22,"column":32},"end":{"line":22,"column":37}},"loc":{"start":{"line":22,"column":50},"end":{"line":34,"column":1}},"line":22},"3":{"name":"(anonymous_3)","decl":{"start":{"line":36,"column":35},"end":{"line":36,"column":40}},"loc":{"start":{"line":36,"column":66},"end":{"line":44,"column":1}},"line":36}},"branchMap":{"0":{"loc":{"start":{"line":3,"column":16},"end":{"line":3,"column":71}},"type":"binary-expr","locations":[{"start":{"line":3,"column":16},"end":{"line":3,"column":44}},{"start":{"line":3,"column":48},"end":{"line":3,"column":71}}],"line":3},"1":{"loc":{"start":{"line":18,"column":20},"end":{"line":18,"column":73}},"type":"binary-expr","locations":[{"start":{"line":18,"column":20},"end":{"line":18,"column":47}},{"start":{"line":18,"column":51},"end":{"line":18,"column":73}}],"line":18},"2":{"loc":{"start":{"line":27,"column":4},"end":{"line":30,"column":5}},"type":"if","locations":[{"start":{"line":27,"column":4},"end":{"line":30,"column":5}},{"start":{},"end":{}}],"line":27},"3":{"loc":{"start":{"line":27,"column":8},"end":{"line":27,"column":55}},"type":"binary-expr","locations":[{"start":{"line":27,"column":8},"end":{"line":27,"column":22}},{"start":{"line":27,"column":26},"end":{"line":27,"column":55}}],"line":27},"4":{"loc":{"start":{"line":42,"column":20},"end":{"line":42,"column":78}},"type":"binary-expr","locations":[{"start":{"line":42,"column":20},"end":{"line":42,"column":47}},{"start":{"line":42,"column":51},"end":{"line":42,"column":78}}],"line":42}},"s":{"0":1,"1":1,"2":7,"3":1,"4":2,"5":2,"6":1,"7":1,"8":1,"9":1,"10":3,"11":3,"12":1,"13":2,"14":1,"15":1,"16":1,"17":1,"18":1,"19":2,"20":2,"21":1,"22":1,"23":1},"f":{"0":7,"1":2,"2":3,"3":2},"b":{"0":[1,0],"1":[1,0],"2":[1,1],"3":[2,1],"4":[1,0]},"meta":{"lastBranch":5,"lastFunction":4,"lastStatement":24,"seen":{"s:3:16:3:71":0,"b:3:16:3:44:3:48:3:71":0,"s:5:18:10:2":1,"f:5:18:5:19":0,"s:5:25:10:1":2,"s:12:35:20:1":3,"f:12:35:12:40":1,"s:13:2:19:3":4,"s:14:21:14:86":5,"s:15:4:15:25":6,"s:17:4:17:58":7,"s:18:4:18:75":8,"b:18:20:18:47:18:51:18:73":1,"s:22:32:34:1":9,"f:22:32:22:37":2,"s:23:2:33:3":10,"s:24:21:24:89":11,"s:25:4:25:25":12,"b:27:4:30:5:undefined:undefined:undefined:undefined":2,"s:27:4:30:5":13,"b:27:8:27:22:27:26:27:55":3,"s:28:8:28:79":14,"s:29:8:29:20":15,"s:31:4:31:70":16,"s:32:4:32:16":17,"s:36:35:44:1":18,"f:36:35:36:40":3,"s:37:2:43:3":19,"s:38:21:38:102":20,"s:39:4:39:25":21,"s:41:4:41:58":22,"s:42:4:42:80":23,"b:42:20:42:47:42:51:42:78":4}}}
,"C:\\Users\\xpert\\Desktop\\DUOC UC - Yeider\\TAV SALIDA INTERMEDIA\\front-salud-al-dia\\src\\services\\SpecialistService.js": {"path":"C:\\Users\\xpert\\Desktop\\DUOC UC - Yeider\\TAV SALIDA INTERMEDIA\\front-salud-al-dia\\src\\services\\SpecialistService.js","statementMap":{"0":{"start":{"line":3,"column":22},"end":{"line":3,"column":77}},"1":{"start":{"line":4,"column":25},"end":{"line":4,"column":89}},"2":{"start":{"line":5,"column":25},"end":{"line":5,"column":85}},"3":{"start":{"line":7,"column":18},"end":{"line":12,"column":2}},"4":{"start":{"line":7,"column":25},"end":{"line":12,"column":1}},"5":{"start":{"line":14,"column":30},"end":{"line":22,"column":1}},"6":{"start":{"line":15,"column":2},"end":{"line":21,"column":3}},"7":{"start":{"line":16,"column":21},"end":{"line":16,"column":81}},"8":{"start":{"line":17,"column":4},"end":{"line":17,"column":25}},"9":{"start":{"line":19,"column":4},"end":{"line":19,"column":66}},"10":{"start":{"line":20,"column":4},"end":{"line":20,"column":16}},"11":{"start":{"line":24,"column":27},"end":{"line":32,"column":1}},"12":{"start":{"line":25,"column":2},"end":{"line":31,"column":3}},"13":{"start":{"line":26,"column":21},"end":{"line":26,"column":78}},"14":{"start":{"line":27,"column":4},"end":{"line":27,"column":25}},"15":{"start":{"line":29,"column":4},"end":{"line":29,"column":55}},"16":{"start":{"line":30,"column":4},"end":{"line":30,"column":14}},"17":{"start":{"line":34,"column":32},"end":{"line":45,"column":1}},"18":{"start":{"line":35,"column":2},"end":{"line":44,"column":3}},"19":{"start":{"line":36,"column":21},"end":{"line":36,"column":95}},"20":{"start":{"line":37,"column":4},"end":{"line":37,"column":25}},"21":{"start":{"line":39,"column":4},"end":{"line":41,"column":5}},"22":{"start":{"line":40,"column":8},"end":{"line":40,"column":20}},"23":{"start":{"line":42,"column":4},"end":{"line":42,"column":60}},"24":{"start":{"line":43,"column":4},"end":{"line":43,"column":16}},"25":{"start":{"line":47,"column":39},"end":{"line":54,"column":1}},"26":{"start":{"line":48,"column":2},"end":{"line":53,"column":3}},"27":{"start":{"line":49,"column":21},"end":{"line":49,"column":106}},"28":{"start":{"line":50,"column":4},"end":{"line":50,"column":25}},"29":{"start":{"line":52,"column":4},"end":{"line":52,"column":45}},"30":{"start":{"line":56,"column":33},"end":{"line":63,"column":1}},"31":{"start":{"line":57,"column":2},"end":{"line":62,"column":3}},"32":{"start":{"line":58,"column":21},"end":{"line":58,"column":106}},"33":{"start":{"line":59,"column":4},"end":{"line":59,"column":25}},"34":{"start":{"line":61,"column":4},"end":{"line":61,"column":14}},"35":{"start":{"line":65,"column":30},"end":{"line":67,"column":1}},"36":{"start":{"line":66,"column":4},"end":{"line":66,"column":71}}},"fnMap":{"0":{"name":"(anonymous_0)","decl":{"start":{"line":7,"column":18},"end":{"line":7,"column":19}},"loc":{"start":{"line":7,"column":25},"end":{"line":12,"column":1}},"line":7},"1":{"name":"(anonymous_1)","decl":{"start":{"line":14,"column":30},"end":{"line":14,"column":35}},"loc":{"start":{"line":14,"column":44},"end":{"line":22,"column":1}},"line":14},"2":{"name":"(anonymous_2)","decl":{"start":{"line":24,"column":27},"end":{"line":24,"column":32}},"loc":{"start":{"line":24,"column":39},"end":{"line":32,"column":1}},"line":24},"3":{"name":"(anonymous_3)","decl":{"start":{"line":34,"column":32},"end":{"line":34,"column":37}},"loc":{"start":{"line":34,"column":50},"end":{"line":45,"column":1}},"line":34},"4":{"name":"(anonymous_4)","decl":{"start":{"line":47,"column":39},"end":{"line":47,"column":44}},"loc":{"start":{"line":47,"column":57},"end":{"line":54,"column":1}},"line":47},"5":{"name":"(anonymous_5)","decl":{"start":{"line":56,"column":33},"end":{"line":56,"column":38}},"loc":{"start":{"line":56,"column":51},"end":{"line":63,"column":1}},"line":56},"6":{"name":"(anonymous_6)","decl":{"start":{"line":65,"column":30},"end":{"line":65,"column":31}},"loc":{"start":{"line":65,"column":42},"end":{"line":67,"column":1}},"line":65}},"branchMap":{"0":{"loc":{"start":{"line":3,"column":22},"end":{"line":3,"column":77}},"type":"binary-expr","locations":[{"start":{"line":3,"column":22},"end":{"line":3,"column":50}},{"start":{"line":3,"column":54},"end":{"line":3,"column":77}}],"line":3},"1":{"loc":{"start":{"line":4,"column":25},"end":{"line":4,"column":89}},"type":"binary-expr","locations":[{"start":{"line":4,"column":25},"end":{"line":4,"column":62}},{"start":{"line":4,"column":66},"end":{"line":4,"column":89}}],"line":4},"2":{"loc":{"start":{"line":5,"column":25},"end":{"line":5,"column":85}},"type":"binary-expr","locations":[{"start":{"line":5,"column":25},"end":{"line":5,"column":58}},{"start":{"line":5,"column":62},"end":{"line":5,"column":85}}],"line":5},"3":{"loc":{"start":{"line":39,"column":4},"end":{"line":41,"column":5}},"type":"if","locations":[{"start":{"line":39,"column":4},"end":{"line":41,"column":5}},{"start":{},"end":{}}],"line":39},"4":{"loc":{"start":{"line":39,"column":8},"end":{"line":39,"column":55}},"type":"binary-expr","locations":[{"start":{"line":39,"column":8},"end":{"line":39,"column":22}},{"start":{"line":39,"column":26},"end":{"line":39,"column":55}}],"line":39}},"s":{"0":1,"1":1,"2":1,"3":1,"4":6,"5":1,"6":0,"7":0,"8":0,"9":0,"10":0,"11":1,"12":2,"13":2,"14":1,"15":1,"16":1,"17":1,"18":1,"19":1,"20":0,"21":1,"22":1,"23":0,"24":0,"25":1,"26":2,"27":2,"28":1,"29":1,"30":1,"31":1,"32":1,"33":1,"34":0,"35":1,"36":1},"f":{"0":6,"1":0,"2":2,"3":1,"4":2,"5":1,"6":1},"b":{"0":[1,0],"1":[1,0],"2":[1,0],"3":[1,0],"4":[1,1]},"meta":{"lastBranch":5,"lastFunction":7,"lastStatement":37,"seen":{"s:3:22:3:77":0,"b:3:22:3:50:3:54:3:77":0,"s:4:25:4:89":1,"b:4:25:4:62:4:66:4:89":1,"s:5:25:5:85":2,"b:5:25:5:58:5:62:5:85":2,"s:7:18:12:2":3,"f:7:18:7:19":0,"s:7:25:12:1":4,"s:14:30:22:1":5,"f:14:30:14:35":1,"s:15:2:21:3":6,"s:16:21:16:81":7,"s:17:4:17:25":8,"s:19:4:19:66":9,"s:20:4:20:16":10,"s:24:27:32:1":11,"f:24:27:24:32":2,"s:25:2:31:3":12,"s:26:21:26:78":13,"s:27:4:27:25":14,"s:29:4:29:55":15,"s:30:4:30:14":16,"s:34:32:45:1":17,"f:34:32:34:37":3,"s:35:2:44:3":18,"s:36:21:36:95":19,"s:37:4:37:25":20,"b:39:4:41:5:undefined:undefined:undefined:undefined":3,"s:39:4:41:5":21,"b:39:8:39:22:39:26:39:55":4,"s:40:8:40:20":22,"s:42:4:42:60":23,"s:43:4:43:16":24,"s:47:39:54:1":25,"f:47:39:47:44":4,"s:48:2:53:3":26,"s:49:21:49:106":27,"s:50:4:50:25":28,"s:52:4:52:45":29,"s:56:33:63:1":30,"f:56:33:56:38":5,"s:57:2:62:3":31,"s:58:21:58:106":32,"s:59:4:59:25":33,"s:61:4:61:14":34,"s:65:30:67:1":35,"f:65:30:65:31":6,"s:66:4:66:71":36}}}
,"C:\\Users\\xpert\\Desktop\\DUOC UC - Yeider\\TAV SALIDA INTERMEDIA\\front-salud-al-dia\\src\\services\\downloadService.js": {"path":"C:\\Users\\xpert\\Desktop\\DUOC UC - Yeider\\TAV SALIDA INTERMEDIA\\front-salud-al-dia\\src\\services\\downloadService.js","statementMap":{"0":{"start":{"line":4,"column":21},"end":{"line":4,"column":54}},"1":{"start":{"line":7,"column":2},"end":{"line":33,"column":3}},"2":{"start":{"line":8,"column":21},"end":{"line":11,"column":5}},"3":{"start":{"line":13,"column":17},"end":{"line":13,"column":42}},"4":{"start":{"line":14,"column":16},"end":{"line":14,"column":48}},"5":{"start":{"line":16,"column":17},"end":{"line":19,"column":25}},"6":{"start":{"line":21,"column":14},"end":{"line":21,"column":41}},"7":{"start":{"line":22,"column":4},"end":{"line":22,"column":17}},"8":{"start":{"line":23,"column":4},"end":{"line":23,"column":59}},"9":{"start":{"line":25,"column":4},"end":{"line":25,"column":33}},"10":{"start":{"line":26,"column":4},"end":{"line":26,"column":14}},"11":{"start":{"line":28,"column":4},"end":{"line":28,"column":15}},"12":{"start":{"line":29,"column":4},"end":{"line":29,"column":36}},"13":{"start":{"line":32,"column":4},"end":{"line":32,"column":57}}},"fnMap":{"0":{"name":"descargarHistorial","decl":{"start":{"line":6,"column":22},"end":{"line":6,"column":40}},"loc":{"start":{"line":6,"column":58},"end":{"line":34,"column":null}},"line":6}},"branchMap":{},"s":{"0":1,"1":2,"2":2,"3":1,"4":1,"5":1,"6":1,"7":1,"8":1,"9":1,"10":1,"11":1,"12":1,"13":1},"f":{"0":2},"b":{},"meta":{"lastBranch":0,"lastFunction":1,"lastStatement":14,"seen":{"s:4:21:4:54":0,"f:6:22:6:40":0,"s:7:2:33:3":1,"s:8:21:11:5":2,"s:13:17:13:42":3,"s:14:16:14:48":4,"s:16:17:19:25":5,"s:21:14:21:41":6,"s:22:4:22:17":7,"s:23:4:23:59":8,"s:25:4:25:33":9,"s:26:4:26:14":10,"s:28:4:28:15":11,"s:29:4:29:36":12,"s:32:4:32:57":13}}}
,"C:\\Users\\xpert\\Desktop\\DUOC UC - Yeider\\TAV SALIDA INTERMEDIA\\front-salud-al-dia\\src\\services\\readingsService.js": {"path":"C:\\Users\\xpert\\Desktop\\DUOC UC - Yeider\\TAV SALIDA INTERMEDIA\\front-salud-al-dia\\src\\services\\readingsService.js","statementMap":{"0":{"start":{"line":2,"column":2},"end":{"line":7,"column":4}}},"fnMap":{"0":{"name":"getLastReading","decl":{"start":{"line":1,"column":16},"end":{"line":1,"column":30}},"loc":{"start":{"line":1,"column":33},"end":{"line":8,"column":1}},"line":1}},"branchMap":{},"s":{"0":1},"f":{"0":1},"b":{},"meta":{"lastBranch":0,"lastFunction":1,"lastStatement":1,"seen":{"f:1:16:1:30":0,"s:2:2:7:4":0}}}
,"C:\\Users\\xpert\\Desktop\\DUOC UC - Yeider\\TAV SALIDA INTERMEDIA\\front-salud-al-dia\\src\\utils\\formatDate.js": {"path":"C:\\Users\\xpert\\Desktop\\DUOC UC - Yeider\\TAV SALIDA INTERMEDIA\\front-salud-al-dia\\src\\utils\\formatDate.js","statementMap":{"0":{"start":{"line":2,"column":2},"end":{"line":2,"column":29}},"1":{"start":{"line":2,"column":19},"end":{"line":2,"column":29}},"2":{"start":{"line":4,"column":15},"end":{"line":4,"column":35}},"3":{"start":{"line":6,"column":16},"end":{"line":10,"column":4}},"4":{"start":{"line":12,"column":17},"end":{"line":12,"column":60}},"5":{"start":{"line":13,"column":18},"end":{"line":13,"column":63}},"6":{"start":{"line":15,"column":15},"end":{"line":15,"column":49}},"7":{"start":{"line":17,"column":2},"end":{"line":18,"column":41}},"8":{"start":{"line":18,"column":24},"end":{"line":18,"column":39}}},"fnMap":{"0":{"name":"formatDateLong","decl":{"start":{"line":1,"column":16},"end":{"line":1,"column":30}},"loc":{"start":{"line":1,"column":43},"end":{"line":19,"column":1}},"line":1},"1":{"name":"(anonymous_1)","decl":{"start":{"line":18,"column":19},"end":{"line":18,"column":20}},"loc":{"start":{"line":18,"column":24},"end":{"line":18,"column":39}},"line":18}},"branchMap":{"0":{"loc":{"start":{"line":2,"column":2},"end":{"line":2,"column":29}},"type":"if","locations":[{"start":{"line":2,"column":2},"end":{"line":2,"column":29}},{"start":{},"end":{}}],"line":2},"1":{"loc":{"start":{"line":15,"column":15},"end":{"line":15,"column":49}},"type":"cond-expr","locations":[{"start":{"line":15,"column":38},"end":{"line":15,"column":42}},{"start":{"line":15,"column":45},"end":{"line":15,"column":49}}],"line":15}},"s":{"0":5,"1":2,"2":3,"3":3,"4":3,"5":3,"6":3,"7":5,"8":3},"f":{"0":5,"1":3},"b":{"0":[2,3],"1":[2,1]},"meta":{"lastBranch":2,"lastFunction":2,"lastStatement":9,"seen":{"f:1:16:1:30":0,"b:2:2:2:29:undefined:undefined:undefined:undefined":0,"s:2:2:2:29":0,"s:2:19:2:29":1,"s:4:15:4:35":2,"s:6:16:10:4":3,"s:12:17:12:60":4,"s:13:18:13:63":5,"s:15:15:15:49":6,"b:15:38:15:42:15:45:15:49":1,"s:17:2:18:41":7,"f:18:19:18:20":1,"s:18:24:18:39":8}}}
,"C:\\Users\\xpert\\Desktop\\DUOC UC - Yeider\\TAV SALIDA INTERMEDIA\\front-salud-al-dia\\src\\utils\\formatDateDownload.js": {"path":"C:\\Users\\xpert\\Desktop\\DUOC UC - Yeider\\TAV SALIDA INTERMEDIA\\front-salud-al-dia\\src\\utils\\formatDateDownload.js","statementMap":{"0":{"start":{"line":2,"column":2},"end":{"line":2,"column":29}},"1":{"start":{"line":2,"column":19},"end":{"line":2,"column":29}},"2":{"start":{"line":4,"column":15},"end":{"line":4,"column":35}},"3":{"start":{"line":6,"column":16},"end":{"line":11,"column":4}},"4":{"start":{"line":13,"column":15},"end":{"line":13,"column":58}},"5":{"start":{"line":14,"column":18},"end":{"line":14,"column":63}},"6":{"start":{"line":15,"column":15},"end":{"line":15,"column":49}},"7":{"start":{"line":17,"column":2},"end":{"line":18,"column":41}},"8":{"start":{"line":18,"column":24},"end":{"line":18,"column":39}}},"fnMap":{"0":{"name":"formatDateDownload","decl":{"start":{"line":1,"column":16},"end":{"line":1,"column":34}},"loc":{"start":{"line":1,"column":47},"end":{"line":19,"column":1}},"line":1},"1":{"name":"(anonymous_1)","decl":{"start":{"line":18,"column":19},"end":{"line":18,"column":20}},"loc":{"start":{"line":18,"column":24},"end":{"line":18,"column":39}},"line":18}},"branchMap":{"0":{"loc":{"start":{"line":2,"column":2},"end":{"line":2,"column":29}},"type":"if","locations":[{"start":{"line":2,"column":2},"end":{"line":2,"column":29}},{"start":{},"end":{}}],"line":2},"1":{"loc":{"start":{"line":15,"column":15},"end":{"line":15,"column":49}},"type":"cond-expr","locations":[{"start":{"line":15,"column":38},"end":{"line":15,"column":42}},{"start":{"line":15,"column":45},"end":{"line":15,"column":49}}],"line":15}},"s":{"0":2,"1":1,"2":1,"3":1,"4":1,"5":1,"6":1,"7":2,"8":1},"f":{"0":2,"1":1},"b":{"0":[1,1],"1":[0,1]},"meta":{"lastBranch":2,"lastFunction":2,"lastStatement":9,"seen":{"f:1:16:1:34":0,"b:2:2:2:29:undefined:undefined:undefined:undefined":0,"s:2:2:2:29":0,"s:2:19:2:29":1,"s:4:15:4:35":2,"s:6:16:11:4":3,"s:13:15:13:58":4,"s:14:18:14:63":5,"s:15:15:15:49":6,"b:15:38:15:42:15:45:15:49":1,"s:17:2:18:41":7,"f:18:19:18:20":1,"s:18:24:18:39":8}}}
,"C:\\Users\\xpert\\Desktop\\DUOC UC - Yeider\\TAV SALIDA INTERMEDIA\\front-salud-al-dia\\src\\utils\\validations.js": {"path":"C:\\Users\\xpert\\Desktop\\DUOC UC - Yeider\\TAV SALIDA INTERMEDIA\\front-salud-al-dia\\src\\utils\\validations.js","statementMap":{"0":{"start":{"line":1,"column":25},"end":{"line":11,"column":1}},"1":{"start":{"line":2,"column":2},"end":{"line":2,"column":22}},"2":{"start":{"line":2,"column":12},"end":{"line":2,"column":22}},"3":{"start":{"line":3,"column":16},"end":{"line":3,"column":44}},"4":{"start":{"line":4,"column":2},"end":{"line":4,"column":38}},"5":{"start":{"line":4,"column":25},"end":{"line":4,"column":38}},"6":{"start":{"line":6,"column":15},"end":{"line":6,"column":33}},"7":{"start":{"line":7,"column":13},"end":{"line":7,"column":42}},"8":{"start":{"line":8,"column":24},"end":{"line":8,"column":66}},"9":{"start":{"line":10,"column":2},"end":{"line":10,"column":34}},"10":{"start":{"line":13,"column":28},"end":{"line":16,"column":1}},"11":{"start":{"line":14,"column":21},"end":{"line":14,"column":49}},"12":{"start":{"line":15,"column":2},"end":{"line":15,"column":32}}},"fnMap":{"0":{"name":"(anonymous_0)","decl":{"start":{"line":1,"column":25},"end":{"line":1,"column":26}},"loc":{"start":{"line":1,"column":34},"end":{"line":11,"column":1}},"line":1},"1":{"name":"(anonymous_1)","decl":{"start":{"line":13,"column":28},"end":{"line":13,"column":29}},"loc":{"start":{"line":13,"column":39},"end":{"line":16,"column":1}},"line":13}},"branchMap":{"0":{"loc":{"start":{"line":2,"column":2},"end":{"line":2,"column":22}},"type":"if","locations":[{"start":{"line":2,"column":2},"end":{"line":2,"column":22}},{"start":{},"end":{}}],"line":2},"1":{"loc":{"start":{"line":4,"column":2},"end":{"line":4,"column":38}},"type":"if","locations":[{"start":{"line":4,"column":2},"end":{"line":4,"column":38}},{"start":{},"end":{}}],"line":4}},"s":{"0":1,"1":6,"2":2,"3":4,"4":4,"5":0,"6":4,"7":4,"8":4,"9":4,"10":1,"11":5,"12":5},"f":{"0":6,"1":5},"b":{"0":[2,4],"1":[0,4]},"meta":{"lastBranch":2,"lastFunction":2,"lastStatement":13,"seen":{"s:1:25:11:1":0,"f:1:25:1:26":0,"b:2:2:2:22:undefined:undefined:undefined:undefined":0,"s:2:2:2:22":1,"s:2:12:2:22":2,"s:3:16:3:44":3,"b:4:2:4:38:undefined:undefined:undefined:undefined":1,"s:4:2:4:38":4,"s:4:25:4:38":5,"s:6:15:6:33":6,"s:7:13:7:42":7,"s:8:24:8:66":8,"s:10:2:10:34":9,"s:13:28:16:1":10,"f:13:28:13:29":1,"s:14:21:14:49":11,"s:15:2:15:32":12}}}
}
