{"C:\\Users\\irmar\\Downloads\\front-salud-al-dia\\src\\Styles\\AboutStyles.css": {"path":"C:\\Users\\irmar\\Downloads\\front-salud-al-dia\\src\\Styles\\AboutStyles.css","statementMap":{},"fnMap":{},"branchMap":{},"s":{},"f":{},"b":{},"meta":{"lastBranch":0,"lastFunction":0,"lastStatement":0,"seen":{}}}
,"C:\\Users\\irmar\\Downloads\\front-salud-al-dia\\src\\Styles\\AdminStyles.css": {"path":"C:\\Users\\irmar\\Downloads\\front-salud-al-dia\\src\\Styles\\AdminStyles.css","statementMap":{},"fnMap":{},"branchMap":{},"s":{},"f":{},"b":{},"meta":{"lastBranch":0,"lastFunction":0,"lastStatement":0,"seen":{}}}
,"C:\\Users\\irmar\\Downloads\\front-salud-al-dia\\src\\Styles\\DashboardStyles.css": {"path":"C:\\Users\\irmar\\Downloads\\front-salud-al-dia\\src\\Styles\\DashboardStyles.css","statementMap":{},"fnMap":{},"branchMap":{},"s":{},"f":{},"b":{},"meta":{"lastBranch":0,"lastFunction":0,"lastStatement":0,"seen":{}}}
,"C:\\Users\\irmar\\Downloads\\front-salud-al-dia\\src\\Styles\\HistoryStyles.css": {"path":"C:\\Users\\irmar\\Downloads\\front-salud-al-dia\\src\\Styles\\HistoryStyles.css","statementMap":{},"fnMap":{},"branchMap":{},"s":{},"f":{},"b":{},"meta":{"lastBranch":0,"lastFunction":0,"lastStatement":0,"seen":{}}}
,"C:\\Users\\irmar\\Downloads\\front-salud-al-dia\\src\\Styles\\ProfileStyles.css": {"path":"C:\\Users\\irmar\\Downloads\\front-salud-al-dia\\src\\Styles\\ProfileStyles.css","statementMap":{},"fnMap":{},"branchMap":{},"s":{},"f":{},"b":{},"meta":{"lastBranch":0,"lastFunction":0,"lastStatement":0,"seen":{}}}
,"C:\\Users\\irmar\\Downloads\\front-salud-al-dia\\src\\Styles\\ResetPasswordStyles.css": {"path":"C:\\Users\\irmar\\Downloads\\front-salud-al-dia\\src\\Styles\\ResetPasswordStyles.css","statementMap":{},"fnMap":{},"branchMap":{},"s":{},"f":{},"b":{},"meta":{"lastBranch":0,"lastFunction":0,"lastStatement":0,"seen":{}}}
,"C:\\Users\\irmar\\Downloads\\front-salud-al-dia\\src\\Styles\\SpecialistStyles.css": {"path":"C:\\Users\\irmar\\Downloads\\front-salud-al-dia\\src\\Styles\\SpecialistStyles.css","statementMap":{},"fnMap":{},"branchMap":{},"s":{},"f":{},"b":{},"meta":{"lastBranch":0,"lastFunction":0,"lastStatement":0,"seen":{}}}
,"C:\\Users\\irmar\\Downloads\\front-salud-al-dia\\src\\Styles\\healthRegister.css": {"path":"C:\\Users\\irmar\\Downloads\\front-salud-al-dia\\src\\Styles\\healthRegister.css","statementMap":{},"fnMap":{},"branchMap":{},"s":{},"f":{},"b":{},"meta":{"lastBranch":0,"lastFunction":0,"lastStatement":0,"seen":{}}}
,"C:\\Users\\irmar\\Downloads\\front-salud-al-dia\\src\\Styles\\loginStyles.css": {"path":"C:\\Users\\irmar\\Downloads\\front-salud-al-dia\\src\\Styles\\loginStyles.css","statementMap":{},"fnMap":{},"branchMap":{},"s":{},"f":{},"b":{},"meta":{"lastBranch":0,"lastFunction":0,"lastStatement":0,"seen":{}}}
,"C:\\Users\\irmar\\Downloads\\front-salud-al-dia\\src\\Styles\\medicalRecordsStyles.css": {"path":"C:\\Users\\irmar\\Downloads\\front-salud-al-dia\\src\\Styles\\medicalRecordsStyles.css","statementMap":{},"fnMap":{},"branchMap":{},"s":{},"f":{},"b":{},"meta":{"lastBranch":0,"lastFunction":0,"lastStatement":0,"seen":{}}}
,"C:\\Users\\irmar\\Downloads\\front-salud-al-dia\\src\\Styles\\signUpStyles.css": {"path":"C:\\Users\\irmar\\Downloads\\front-salud-al-dia\\src\\Styles\\signUpStyles.css","statementMap":{},"fnMap":{},"branchMap":{},"s":{},"f":{},"b":{},"meta":{"lastBranch":0,"lastFunction":0,"lastStatement":0,"seen":{}}}
,"C:\\Users\\irmar\\Downloads\\front-salud-al-dia\\src\\components\\Dashboard\\GlucoseCard.jsx": {"path":"C:\\Users\\irmar\\Downloads\\front-salud-al-dia\\src\\components\\Dashboard\\GlucoseCard.jsx","statementMap":{"0":{"start":{"line":5,"column":14},"end":{"line":5,"column":null}},"1":{"start":{"line":7,"column":2},"end":{"line":8,"column":null}},"2":{"start":{"line":7,"column":22},"end":{"line":7,"column":null}},"3":{"start":{"line":7,"column":30},"end":{"line":8,"column":null}},"4":{"start":{"line":8,"column":27},"end":{"line":8,"column":null}},"5":{"start":{"line":10,"column":2},"end":{"line":28,"column":null}}},"fnMap":{"0":{"name":"GlucoseCard","decl":{"start":{"line":4,"column":24},"end":{"line":4,"column":36}},"loc":{"start":{"line":4,"column":55},"end":{"line":30,"column":null}},"line":4}},"branchMap":{"0":{"loc":{"start":{"line":7,"column":2},"end":{"line":8,"column":null}},"type":"if","locations":[{"start":{"line":7,"column":2},"end":{"line":8,"column":null}},{"start":{"line":7,"column":30},"end":{"line":8,"column":null}}],"line":7},"1":{"loc":{"start":{"line":7,"column":30},"end":{"line":8,"column":null}},"type":"if","locations":[{"start":{"line":7,"column":30},"end":{"line":8,"column":null}},{"start":{},"end":{}}],"line":7},"2":{"loc":{"start":{"line":18,"column":11},"end":{"line":18,"column":null}},"type":"binary-expr","locations":[{"start":{"line":18,"column":11},"end":{"line":18,"column":33}},{"start":{"line":18,"column":33},"end":{"line":18,"column":null}}],"line":18},"3":{"loc":{"start":{"line":19,"column":11},"end":{"line":19,"column":null}},"type":"binary-expr","locations":[{"start":{"line":19,"column":11},"end":{"line":19,"column":34}},{"start":{"line":19,"column":34},"end":{"line":19,"column":null}}],"line":19},"4":{"loc":{"start":{"line":20,"column":11},"end":{"line":20,"column":null}},"type":"binary-expr","locations":[{"start":{"line":20,"column":11},"end":{"line":20,"column":33}},{"start":{"line":20,"column":33},"end":{"line":20,"column":null}}],"line":20}},"s":{"0":3,"1":3,"2":1,"3":2,"4":1,"5":3},"f":{"0":3},"b":{"0":[1,2],"1":[1,1],"2":[3,1],"3":[3,1],"4":[3,1]},"meta":{"lastBranch":5,"lastFunction":1,"lastStatement":6,"seen":{"f:4:24:4:36":0,"s:5:14:5:Infinity":0,"b:7:2:8:Infinity:7:30:8:Infinity":0,"s:7:2:8:Infinity":1,"s:7:22:7:Infinity":2,"b:7:30:8:Infinity:undefined:undefined:undefined:undefined":1,"s:7:30:8:Infinity":3,"s:8:27:8:Infinity":4,"s:10:2:28:Infinity":5,"b:18:11:18:33:18:33:18:Infinity":2,"b:19:11:19:34:19:34:19:Infinity":3,"b:20:11:20:33:20:33:20:Infinity":4}}}
,"C:\\Users\\irmar\\Downloads\\front-salud-al-dia\\src\\components\\Dashboard\\HealthRegisterForm.jsx": {"path":"C:\\Users\\irmar\\Downloads\\front-salud-al-dia\\src\\components\\Dashboard\\HealthRegisterForm.jsx","statementMap":{"0":{"start":{"line":6,"column":28},"end":{"line":6,"column":null}},"1":{"start":{"line":7,"column":30},"end":{"line":7,"column":null}},"2":{"start":{"line":8,"column":32},"end":{"line":8,"column":null}},"3":{"start":{"line":10,"column":23},"end":{"line":45,"column":null}},"4":{"start":{"line":11,"column":4},"end":{"line":11,"column":null}},"5":{"start":{"line":13,"column":4},"end":{"line":16,"column":null}},"6":{"start":{"line":14,"column":6},"end":{"line":14,"column":null}},"7":{"start":{"line":15,"column":6},"end":{"line":15,"column":null}},"8":{"start":{"line":18,"column":4},"end":{"line":44,"column":null}},"9":{"start":{"line":19,"column":22},"end":{"line":19,"column":null}},"10":{"start":{"line":21,"column":22},"end":{"line":26,"column":null}},"11":{"start":{"line":28,"column":6},"end":{"line":33,"column":null}},"12":{"start":{"line":35,"column":6},"end":{"line":35,"column":null}},"13":{"start":{"line":37,"column":6},"end":{"line":37,"column":null}},"14":{"start":{"line":38,"column":6},"end":{"line":38,"column":null}},"15":{"start":{"line":39,"column":6},"end":{"line":39,"column":null}},"16":{"start":{"line":42,"column":6},"end":{"line":42,"column":null}},"17":{"start":{"line":43,"column":6},"end":{"line":43,"column":null}},"18":{"start":{"line":47,"column":2},"end":{"line":85,"column":null}},"19":{"start":{"line":56,"column":27},"end":{"line":56,"column":null}},"20":{"start":{"line":69,"column":29},"end":{"line":69,"column":null}},"21":{"start":{"line":78,"column":29},"end":{"line":78,"column":null}}},"fnMap":{"0":{"name":"HealthRegisterForm","decl":{"start":{"line":5,"column":24},"end":{"line":5,"column":45}},"loc":{"start":{"line":5,"column":45},"end":{"line":87,"column":null}},"line":5},"1":{"name":"(anonymous_1)","decl":{"start":{"line":10,"column":23},"end":{"line":10,"column":30}},"loc":{"start":{"line":10,"column":36},"end":{"line":45,"column":null}},"line":10},"2":{"name":"(anonymous_2)","decl":{"start":{"line":56,"column":20},"end":{"line":56,"column":21}},"loc":{"start":{"line":56,"column":27},"end":{"line":56,"column":null}},"line":56},"3":{"name":"(anonymous_3)","decl":{"start":{"line":69,"column":22},"end":{"line":69,"column":23}},"loc":{"start":{"line":69,"column":29},"end":{"line":69,"column":null}},"line":69},"4":{"name":"(anonymous_4)","decl":{"start":{"line":78,"column":22},"end":{"line":78,"column":23}},"loc":{"start":{"line":78,"column":29},"end":{"line":78,"column":null}},"line":78}},"branchMap":{"0":{"loc":{"start":{"line":13,"column":4},"end":{"line":16,"column":null}},"type":"if","locations":[{"start":{"line":13,"column":4},"end":{"line":16,"column":null}},{"start":{},"end":{}}],"line":13},"1":{"loc":{"start":{"line":13,"column":8},"end":{"line":13,"column":57}},"type":"binary-expr","locations":[{"start":{"line":13,"column":8},"end":{"line":13,"column":24}},{"start":{"line":13,"column":24},"end":{"line":13,"column":41}},{"start":{"line":13,"column":41},"end":{"line":13,"column":57}}],"line":13},"2":{"loc":{"start":{"line":19,"column":22},"end":{"line":19,"column":null}},"type":"binary-expr","locations":[{"start":{"line":19,"column":22},"end":{"line":19,"column":63}},{"start":{"line":19,"column":63},"end":{"line":19,"column":null}}],"line":19}},"s":{"0":14,"1":14,"2":14,"3":14,"4":3,"5":3,"6":1,"7":1,"8":2,"9":2,"10":3,"11":3,"12":1,"13":1,"14":1,"15":1,"16":1,"17":1,"18":14,"19":3,"20":3,"21":3},"f":{"0":14,"1":3,"2":3,"3":3,"4":3},"b":{"0":[1,2],"1":[3,2,2],"2":[2,0]},"meta":{"lastBranch":3,"lastFunction":5,"lastStatement":22,"seen":{"f:5:24:5:45":0,"s:6:28:6:Infinity":0,"s:7:30:7:Infinity":1,"s:8:32:8:Infinity":2,"s:10:23:45:Infinity":3,"f:10:23:10:30":1,"s:11:4:11:Infinity":4,"b:13:4:16:Infinity:undefined:undefined:undefined:undefined":0,"s:13:4:16:Infinity":5,"b:13:8:13:24:13:24:13:41:13:41:13:57":1,"s:14:6:14:Infinity":6,"s:15:6:15:Infinity":7,"s:18:4:44:Infinity":8,"s:19:22:19:Infinity":9,"b:19:22:19:63:19:63:19:Infinity":2,"s:21:22:26:Infinity":10,"s:28:6:33:Infinity":11,"s:35:6:35:Infinity":12,"s:37:6:37:Infinity":13,"s:38:6:38:Infinity":14,"s:39:6:39:Infinity":15,"s:42:6:42:Infinity":16,"s:43:6:43:Infinity":17,"s:47:2:85:Infinity":18,"f:56:20:56:21":2,"s:56:27:56:Infinity":19,"f:69:22:69:23":3,"s:69:29:69:Infinity":20,"f:78:22:78:23":4,"s:78:29:78:Infinity":21}}}
,"C:\\Users\\irmar\\Downloads\\front-salud-al-dia\\src\\components\\Dashboard\\PressureCard.jsx": {"path":"C:\\Users\\irmar\\Downloads\\front-salud-al-dia\\src\\components\\Dashboard\\PressureCard.jsx","statementMap":{"0":{"start":{"line":5,"column":14},"end":{"line":5,"column":null}},"1":{"start":{"line":7,"column":2},"end":{"line":8,"column":null}},"2":{"start":{"line":7,"column":42},"end":{"line":7,"column":null}},"3":{"start":{"line":7,"column":50},"end":{"line":8,"column":null}},"4":{"start":{"line":8,"column":47},"end":{"line":8,"column":null}},"5":{"start":{"line":10,"column":2},"end":{"line":27,"column":null}}},"fnMap":{"0":{"name":"PressureCard","decl":{"start":{"line":4,"column":24},"end":{"line":4,"column":37}},"loc":{"start":{"line":4,"column":68},"end":{"line":29,"column":null}},"line":4}},"branchMap":{"0":{"loc":{"start":{"line":7,"column":2},"end":{"line":8,"column":null}},"type":"if","locations":[{"start":{"line":7,"column":2},"end":{"line":8,"column":null}},{"start":{"line":7,"column":50},"end":{"line":8,"column":null}}],"line":7},"1":{"loc":{"start":{"line":7,"column":6},"end":{"line":7,"column":42}},"type":"binary-expr","locations":[{"start":{"line":7,"column":6},"end":{"line":7,"column":25}},{"start":{"line":7,"column":25},"end":{"line":7,"column":42}}],"line":7},"2":{"loc":{"start":{"line":7,"column":50},"end":{"line":8,"column":null}},"type":"if","locations":[{"start":{"line":7,"column":50},"end":{"line":8,"column":null}},{"start":{},"end":{}}],"line":7},"3":{"loc":{"start":{"line":8,"column":11},"end":{"line":8,"column":47}},"type":"binary-expr","locations":[{"start":{"line":8,"column":11},"end":{"line":8,"column":30}},{"start":{"line":8,"column":30},"end":{"line":8,"column":47}}],"line":8},"4":{"loc":{"start":{"line":17,"column":11},"end":{"line":17,"column":null}},"type":"binary-expr","locations":[{"start":{"line":17,"column":11},"end":{"line":17,"column":33}},{"start":{"line":17,"column":33},"end":{"line":17,"column":null}}],"line":17},"5":{"loc":{"start":{"line":18,"column":11},"end":{"line":18,"column":null}},"type":"binary-expr","locations":[{"start":{"line":18,"column":11},"end":{"line":18,"column":34}},{"start":{"line":18,"column":34},"end":{"line":18,"column":null}}],"line":18},"6":{"loc":{"start":{"line":19,"column":11},"end":{"line":19,"column":null}},"type":"binary-expr","locations":[{"start":{"line":19,"column":11},"end":{"line":19,"column":33}},{"start":{"line":19,"column":33},"end":{"line":19,"column":null}}],"line":19}},"s":{"0":3,"1":3,"2":1,"3":2,"4":1,"5":3},"f":{"0":3},"b":{"0":[1,2],"1":[3,2],"2":[1,1],"3":[2,1],"4":[3,1],"5":[3,1],"6":[3,1]},"meta":{"lastBranch":7,"lastFunction":1,"lastStatement":6,"seen":{"f:4:24:4:37":0,"s:5:14:5:Infinity":0,"b:7:2:8:Infinity:7:50:8:Infinity":0,"s:7:2:8:Infinity":1,"b:7:6:7:25:7:25:7:42":1,"s:7:42:7:Infinity":2,"b:7:50:8:Infinity:undefined:undefined:undefined:undefined":2,"s:7:50:8:Infinity":3,"b:8:11:8:30:8:30:8:47":3,"s:8:47:8:Infinity":4,"s:10:2:27:Infinity":5,"b:17:11:17:33:17:33:17:Infinity":4,"b:18:11:18:34:18:34:18:Infinity":5,"b:19:11:19:33:19:33:19:Infinity":6}}}
,"C:\\Users\\irmar\\Downloads\\front-salud-al-dia\\src\\pages\\AboutPage.jsx": {"path":"C:\\Users\\irmar\\Downloads\\front-salud-al-dia\\src\\pages\\AboutPage.jsx","statementMap":{"0":{"start":{"line":5,"column":18},"end":{"line":67,"column":null}},"1":{"start":{"line":6,"column":8},"end":{"line":6,"column":null}},"2":{"start":{"line":8,"column":2},"end":{"line":65,"column":null}},"3":{"start":{"line":60,"column":53},"end":{"line":60,"column":74}}},"fnMap":{"0":{"name":"(anonymous_0)","decl":{"start":{"line":5,"column":18},"end":{"line":5,"column":24}},"loc":{"start":{"line":5,"column":24},"end":{"line":67,"column":null}},"line":5},"1":{"name":"(anonymous_1)","decl":{"start":{"line":60,"column":47},"end":{"line":60,"column":53}},"loc":{"start":{"line":60,"column":53},"end":{"line":60,"column":74}},"line":60}},"branchMap":{},"s":{"0":1,"1":2,"2":2,"3":1},"f":{"0":2,"1":1},"b":{},"meta":{"lastBranch":0,"lastFunction":2,"lastStatement":4,"seen":{"s:5:18:67:Infinity":0,"f:5:18:5:24":0,"s:6:8:6:Infinity":1,"s:8:2:65:Infinity":2,"f:60:47:60:53":1,"s:60:53:60:74":3}}}
,"C:\\Users\\irmar\\Downloads\\front-salud-al-dia\\src\\pages\\AdminPage.jsx": {"path":"C:\\Users\\irmar\\Downloads\\front-salud-al-dia\\src\\pages\\AdminPage.jsx","statementMap":{"0":{"start":{"line":8,"column":18},"end":{"line":49,"column":null}},"1":{"start":{"line":9,"column":32},"end":{"line":9,"column":null}},"2":{"start":{"line":10,"column":34},"end":{"line":10,"column":null}},"3":{"start":{"line":12,"column":24},"end":{"line":14,"column":null}},"4":{"start":{"line":13,"column":4},"end":{"line":13,"column":null}},"5":{"start":{"line":13,"column":26},"end":{"line":13,"column":34}},"6":{"start":{"line":16,"column":2},"end":{"line":47,"column":null}},"7":{"start":{"line":27,"column":31},"end":{"line":27,"column":null}},"8":{"start":{"line":43,"column":27},"end":{"line":43,"column":null}}},"fnMap":{"0":{"name":"(anonymous_0)","decl":{"start":{"line":8,"column":18},"end":{"line":8,"column":24}},"loc":{"start":{"line":8,"column":24},"end":{"line":49,"column":null}},"line":8},"1":{"name":"(anonymous_1)","decl":{"start":{"line":12,"column":24},"end":{"line":12,"column":30}},"loc":{"start":{"line":12,"column":30},"end":{"line":14,"column":null}},"line":12},"2":{"name":"(anonymous_2)","decl":{"start":{"line":13,"column":18},"end":{"line":13,"column":26}},"loc":{"start":{"line":13,"column":26},"end":{"line":13,"column":34}},"line":13},"3":{"name":"(anonymous_3)","decl":{"start":{"line":27,"column":25},"end":{"line":27,"column":31}},"loc":{"start":{"line":27,"column":31},"end":{"line":27,"column":null}},"line":27},"4":{"name":"(anonymous_4)","decl":{"start":{"line":43,"column":21},"end":{"line":43,"column":27}},"loc":{"start":{"line":43,"column":27},"end":{"line":43,"column":null}},"line":43}},"branchMap":{"0":{"loc":{"start":{"line":41,"column":7},"end":{"line":45,"column":null}},"type":"binary-expr","locations":[{"start":{"line":41,"column":7},"end":{"line":41,"column":null}},{"start":{"line":42,"column":8},"end":{"line":45,"column":null}}],"line":41}},"s":{"0":1,"1":3,"2":3,"3":3,"4":0,"5":0,"6":3,"7":1,"8":0},"f":{"0":3,"1":0,"2":0,"3":1,"4":0},"b":{"0":[3,1]},"meta":{"lastBranch":1,"lastFunction":5,"lastStatement":9,"seen":{"s:8:18:49:Infinity":0,"f:8:18:8:24":0,"s:9:32:9:Infinity":1,"s:10:34:10:Infinity":2,"s:12:24:14:Infinity":3,"f:12:24:12:30":1,"s:13:4:13:Infinity":4,"f:13:18:13:26":2,"s:13:26:13:34":5,"s:16:2:47:Infinity":6,"f:27:25:27:31":3,"s:27:31:27:Infinity":7,"b:41:7:41:Infinity:42:8:45:Infinity":0,"f:43:21:43:27":4,"s:43:27:43:Infinity":8}}}
,"C:\\Users\\irmar\\Downloads\\front-salud-al-dia\\src\\pages\\Dashboard.jsx": {"path":"C:\\Users\\irmar\\Downloads\\front-salud-al-dia\\src\\pages\\Dashboard.jsx","statementMap":{"0":{"start":{"line":9,"column":8},"end":{"line":9,"column":null}},"1":{"start":{"line":11,"column":28},"end":{"line":16,"column":null}},"2":{"start":{"line":18,"column":17},"end":{"line":18,"column":null}},"3":{"start":{"line":20,"column":2},"end":{"line":46,"column":null}},"4":{"start":{"line":21,"column":26},"end":{"line":43,"column":null}},"5":{"start":{"line":23,"column":8},"end":{"line":23,"column":null}},"6":{"start":{"line":25,"column":6},"end":{"line":42,"column":null}},"7":{"start":{"line":26,"column":20},"end":{"line":28,"column":null}},"8":{"start":{"line":30,"column":8},"end":{"line":30,"column":null}},"9":{"start":{"line":30,"column":21},"end":{"line":30,"column":null}},"10":{"start":{"line":32,"column":21},"end":{"line":32,"column":null}},"11":{"start":{"line":34,"column":8},"end":{"line":39,"column":null}},"12":{"start":{"line":41,"column":8},"end":{"line":41,"column":null}},"13":{"start":{"line":45,"column":4},"end":{"line":45,"column":null}},"14":{"start":{"line":45,"column":16},"end":{"line":45,"column":null}},"15":{"start":{"line":48,"column":2},"end":{"line":88,"column":null}},"16":{"start":{"line":67,"column":27},"end":{"line":67,"column":null}},"17":{"start":{"line":78,"column":27},"end":{"line":78,"column":null}}},"fnMap":{"0":{"name":"Dashboard","decl":{"start":{"line":8,"column":24},"end":{"line":8,"column":36}},"loc":{"start":{"line":8,"column":36},"end":{"line":90,"column":null}},"line":8},"1":{"name":"(anonymous_1)","decl":{"start":{"line":20,"column":12},"end":{"line":20,"column":18}},"loc":{"start":{"line":20,"column":18},"end":{"line":46,"column":5}},"line":20},"2":{"name":"(anonymous_2)","decl":{"start":{"line":21,"column":26},"end":{"line":21,"column":38}},"loc":{"start":{"line":21,"column":38},"end":{"line":43,"column":null}},"line":21},"3":{"name":"(anonymous_3)","decl":{"start":{"line":67,"column":21},"end":{"line":67,"column":27}},"loc":{"start":{"line":67,"column":27},"end":{"line":67,"column":null}},"line":67},"4":{"name":"(anonymous_4)","decl":{"start":{"line":78,"column":21},"end":{"line":78,"column":27}},"loc":{"start":{"line":78,"column":27},"end":{"line":78,"column":null}},"line":78}},"branchMap":{"0":{"loc":{"start":{"line":23,"column":8},"end":{"line":23,"column":null}},"type":"binary-expr","locations":[{"start":{"line":23,"column":8},"end":{"line":23,"column":49}},{"start":{"line":23,"column":49},"end":{"line":23,"column":null}}],"line":23},"1":{"loc":{"start":{"line":30,"column":8},"end":{"line":30,"column":null}},"type":"if","locations":[{"start":{"line":30,"column":8},"end":{"line":30,"column":null}},{"start":{},"end":{}}],"line":30},"2":{"loc":{"start":{"line":35,"column":19},"end":{"line":35,"column":null}},"type":"binary-expr","locations":[{"start":{"line":35,"column":19},"end":{"line":35,"column":42}},{"start":{"line":35,"column":42},"end":{"line":35,"column":null}}],"line":35},"3":{"loc":{"start":{"line":36,"column":20},"end":{"line":36,"column":null}},"type":"binary-expr","locations":[{"start":{"line":36,"column":20},"end":{"line":36,"column":47}},{"start":{"line":36,"column":47},"end":{"line":36,"column":null}}],"line":36},"4":{"loc":{"start":{"line":37,"column":21},"end":{"line":37,"column":null}},"type":"binary-expr","locations":[{"start":{"line":37,"column":21},"end":{"line":37,"column":49}},{"start":{"line":37,"column":49},"end":{"line":37,"column":null}}],"line":37},"5":{"loc":{"start":{"line":38,"column":16},"end":{"line":38,"column":null}},"type":"binary-expr","locations":[{"start":{"line":38,"column":16},"end":{"line":38,"column":38}},{"start":{"line":38,"column":38},"end":{"line":38,"column":null}}],"line":38},"6":{"loc":{"start":{"line":45,"column":4},"end":{"line":45,"column":null}},"type":"if","locations":[{"start":{"line":45,"column":4},"end":{"line":45,"column":null}},{"start":{},"end":{}}],"line":45}},"s":{"0":2,"1":2,"2":2,"3":2,"4":2,"5":2,"6":2,"7":2,"8":0,"9":0,"10":0,"11":0,"12":0,"13":2,"14":2,"15":2,"16":1,"17":1},"f":{"0":2,"1":2,"2":2,"3":1,"4":1},"b":{"0":[2,0],"1":[0,0],"2":[0,0],"3":[2,0],"4":[2,0],"5":[2,0],"6":[2,0]},"meta":{"lastBranch":7,"lastFunction":5,"lastStatement":18,"seen":{"f:8:24:8:36":0,"s:9:8:9:Infinity":0,"s:11:28:16:Infinity":1,"s:18:17:18:Infinity":2,"s:20:2:46:Infinity":3,"f:20:12:20:18":1,"s:21:26:43:Infinity":4,"f:21:26:21:38":2,"s:23:8:23:Infinity":5,"b:23:8:23:49:23:49:23:Infinity":0,"s:25:6:42:Infinity":6,"s:26:20:28:Infinity":7,"b:30:8:30:Infinity:undefined:undefined:undefined:undefined":1,"s:30:8:30:Infinity":8,"s:30:21:30:Infinity":9,"s:32:21:32:Infinity":10,"s:34:8:39:Infinity":11,"b:35:19:35:42:35:42:35:Infinity":2,"b:36:20:36:47:36:47:36:Infinity":3,"b:37:21:37:49:37:49:37:Infinity":4,"b:38:16:38:38:38:38:38:Infinity":5,"s:41:8:41:Infinity":12,"b:45:4:45:Infinity:undefined:undefined:undefined:undefined":6,"s:45:4:45:Infinity":13,"s:45:16:45:Infinity":14,"s:48:2:88:Infinity":15,"f:67:21:67:27":3,"s:67:27:67:Infinity":16,"f:78:21:78:27":4,"s:78:27:78:Infinity":17}}}
,"C:\\Users\\irmar\\Downloads\\front-salud-al-dia\\src\\pages\\HistoryPage.jsx": {"path":"C:\\Users\\irmar\\Downloads\\front-salud-al-dia\\src\\pages\\HistoryPage.jsx","statementMap":{"0":{"start":{"line":8,"column":28},"end":{"line":8,"column":null}},"1":{"start":{"line":9,"column":17},"end":{"line":9,"column":null}},"2":{"start":{"line":11,"column":18},"end":{"line":11,"column":null}},"3":{"start":{"line":13,"column":2},"end":{"line":29,"column":null}},"4":{"start":{"line":14,"column":4},"end":{"line":14,"column":null}},"5":{"start":{"line":14,"column":17},"end":{"line":14,"column":null}},"6":{"start":{"line":16,"column":25},"end":{"line":26,"column":null}},"7":{"start":{"line":17,"column":6},"end":{"line":25,"column":null}},"8":{"start":{"line":18,"column":25},"end":{"line":21,"column":null}},"9":{"start":{"line":22,"column":8},"end":{"line":22,"column":null}},"10":{"start":{"line":24,"column":8},"end":{"line":24,"column":null}},"11":{"start":{"line":28,"column":4},"end":{"line":28,"column":null}},"12":{"start":{"line":31,"column":2},"end":{"line":87,"column":null}},"13":{"start":{"line":38,"column":19},"end":{"line":38,"column":null}},"14":{"start":{"line":45,"column":19},"end":{"line":45,"column":null}},"15":{"start":{"line":54,"column":29},"end":{"line":54,"column":null}},"16":{"start":{"line":56,"column":10},"end":{"line":56,"column":null}},"17":{"start":{"line":58,"column":8},"end":{"line":84,"column":null}}},"fnMap":{"0":{"name":"HistoryPage","decl":{"start":{"line":7,"column":24},"end":{"line":7,"column":38}},"loc":{"start":{"line":7,"column":38},"end":{"line":89,"column":null}},"line":7},"1":{"name":"(anonymous_1)","decl":{"start":{"line":13,"column":12},"end":{"line":13,"column":18}},"loc":{"start":{"line":13,"column":18},"end":{"line":29,"column":5}},"line":13},"2":{"name":"(anonymous_2)","decl":{"start":{"line":16,"column":25},"end":{"line":16,"column":37}},"loc":{"start":{"line":16,"column":37},"end":{"line":26,"column":null}},"line":16},"3":{"name":"(anonymous_3)","decl":{"start":{"line":38,"column":19},"end":{"line":38,"column":25}},"loc":{"start":{"line":38,"column":19},"end":{"line":38,"column":null}},"line":38},"4":{"name":"(anonymous_4)","decl":{"start":{"line":45,"column":19},"end":{"line":45,"column":25}},"loc":{"start":{"line":45,"column":19},"end":{"line":45,"column":null}},"line":45},"5":{"name":"(anonymous_5)","decl":{"start":{"line":53,"column":19},"end":{"line":53,"column":20}},"loc":{"start":{"line":53,"column":36},"end":{"line":86,"column":7}},"line":53}},"branchMap":{"0":{"loc":{"start":{"line":11,"column":18},"end":{"line":11,"column":null}},"type":"binary-expr","locations":[{"start":{"line":11,"column":18},"end":{"line":11,"column":59}},{"start":{"line":11,"column":59},"end":{"line":11,"column":null}}],"line":11},"1":{"loc":{"start":{"line":14,"column":4},"end":{"line":14,"column":null}},"type":"if","locations":[{"start":{"line":14,"column":4},"end":{"line":14,"column":null}},{"start":{},"end":{}}],"line":14},"2":{"loc":{"start":{"line":51,"column":7},"end":{"line":51,"column":null}},"type":"binary-expr","locations":[{"start":{"line":51,"column":7},"end":{"line":51,"column":31}},{"start":{"line":51,"column":31},"end":{"line":51,"column":null}}],"line":51},"3":{"loc":{"start":{"line":56,"column":10},"end":{"line":56,"column":null}},"type":"binary-expr","locations":[{"start":{"line":56,"column":10},"end":{"line":56,"column":33}},{"start":{"line":56,"column":33},"end":{"line":56,"column":null}}],"line":56},"4":{"loc":{"start":{"line":62,"column":14},"end":{"line":62,"column":null}},"type":"cond-expr","locations":[{"start":{"line":62,"column":46},"end":{"line":62,"column":56}},{"start":{"line":62,"column":56},"end":{"line":62,"column":null}}],"line":62},"5":{"loc":{"start":{"line":62,"column":14},"end":{"line":62,"column":46}},"type":"binary-expr","locations":[{"start":{"line":62,"column":14},"end":{"line":62,"column":30}},{"start":{"line":62,"column":30},"end":{"line":62,"column":46}}],"line":62},"6":{"loc":{"start":{"line":72,"column":48},"end":{"line":72,"column":76}},"type":"cond-expr","locations":[{"start":{"line":72,"column":63},"end":{"line":72,"column":74}},{"start":{"line":72,"column":74},"end":{"line":72,"column":76}}],"line":72},"7":{"loc":{"start":{"line":78,"column":18},"end":{"line":78,"column":null}},"type":"cond-expr","locations":[{"start":{"line":78,"column":34},"end":{"line":78,"column":45}},{"start":{"line":78,"column":45},"end":{"line":78,"column":null}}],"line":78}},"s":{"0":2,"1":2,"2":2,"3":2,"4":2,"5":0,"6":2,"7":2,"8":2,"9":0,"10":0,"11":2,"12":2,"13":1,"14":1,"15":0,"16":0,"17":0},"f":{"0":2,"1":2,"2":2,"3":1,"4":1,"5":0},"b":{"0":[2,0],"1":[0,2],"2":[2,2],"3":[0,0],"4":[0,0],"5":[0,0],"6":[0,0],"7":[0,0]},"meta":{"lastBranch":8,"lastFunction":6,"lastStatement":18,"seen":{"f:7:24:7:38":0,"s:8:28:8:Infinity":0,"s:9:17:9:Infinity":1,"s:11:18:11:Infinity":2,"b:11:18:11:59:11:59:11:Infinity":0,"s:13:2:29:Infinity":3,"f:13:12:13:18":1,"b:14:4:14:Infinity:undefined:undefined:undefined:undefined":1,"s:14:4:14:Infinity":4,"s:14:17:14:Infinity":5,"s:16:25:26:Infinity":6,"f:16:25:16:37":2,"s:17:6:25:Infinity":7,"s:18:25:21:Infinity":8,"s:22:8:22:Infinity":9,"s:24:8:24:Infinity":10,"s:28:4:28:Infinity":11,"s:31:2:87:Infinity":12,"f:38:19:38:25":3,"s:38:19:38:Infinity":13,"f:45:19:45:25":4,"s:45:19:45:Infinity":14,"b:51:7:51:31:51:31:51:Infinity":2,"f:53:19:53:20":5,"s:54:29:54:Infinity":15,"s:56:10:56:Infinity":16,"b:56:10:56:33:56:33:56:Infinity":3,"s:58:8:84:Infinity":17,"b:62:46:62:56:62:56:62:Infinity":4,"b:62:14:62:30:62:30:62:46":5,"b:72:63:72:74:72:74:72:76":6,"b:78:34:78:45:78:45:78:Infinity":7}}}
,"C:\\Users\\irmar\\Downloads\\front-salud-al-dia\\src\\pages\\LoginPage.jsx": {"path":"C:\\Users\\irmar\\Downloads\\front-salud-al-dia\\src\\pages\\LoginPage.jsx","statementMap":{"0":{"start":{"line":8,"column":14},"end":{"line":222,"column":null}},"1":{"start":{"line":9,"column":36},"end":{"line":9,"column":null}},"2":{"start":{"line":10,"column":42},"end":{"line":10,"column":null}},"3":{"start":{"line":11,"column":34},"end":{"line":11,"column":null}},"4":{"start":{"line":12,"column":36},"end":{"line":12,"column":null}},"5":{"start":{"line":13,"column":38},"end":{"line":13,"column":null}},"6":{"start":{"line":15,"column":8},"end":{"line":15,"column":null}},"7":{"start":{"line":17,"column":2},"end":{"line":28,"column":null}},"8":{"start":{"line":18,"column":22},"end":{"line":18,"column":null}},"9":{"start":{"line":19,"column":4},"end":{"line":27,"column":null}},"10":{"start":{"line":20,"column":18},"end":{"line":20,"column":null}},"11":{"start":{"line":21,"column":23},"end":{"line":21,"column":null}},"12":{"start":{"line":22,"column":6},"end":{"line":26,"column":null}},"13":{"start":{"line":23,"column":8},"end":{"line":23,"column":null}},"14":{"start":{"line":25,"column":8},"end":{"line":25,"column":null}},"15":{"start":{"line":30,"column":2},"end":{"line":42,"column":null}},"16":{"start":{"line":31,"column":4},"end":{"line":31,"column":null}},"17":{"start":{"line":31,"column":27},"end":{"line":31,"column":null}},"18":{"start":{"line":32,"column":18},"end":{"line":40,"column":null}},"19":{"start":{"line":33,"column":6},"end":{"line":39,"column":null}},"20":{"start":{"line":34,"column":8},"end":{"line":37,"column":null}},"21":{"start":{"line":35,"column":10},"end":{"line":35,"column":null}},"22":{"start":{"line":36,"column":10},"end":{"line":36,"column":null}},"23":{"start":{"line":38,"column":8},"end":{"line":38,"column":null}},"24":{"start":{"line":41,"column":4},"end":{"line":41,"column":null}},"25":{"start":{"line":41,"column":17},"end":{"line":41,"column":null}},"26":{"start":{"line":44,"column":23},"end":{"line":46,"column":null}},"27":{"start":{"line":45,"column":4},"end":{"line":45,"column":null}},"28":{"start":{"line":48,"column":22},"end":{"line":118,"column":null}},"29":{"start":{"line":49,"column":4},"end":{"line":49,"column":null}},"30":{"start":{"line":50,"column":4},"end":{"line":117,"column":null}},"31":{"start":{"line":51,"column":22},"end":{"line":51,"column":null}},"32":{"start":{"line":53,"column":23},"end":{"line":57,"column":null}},"33":{"start":{"line":59,"column":19},"end":{"line":59,"column":null}},"34":{"start":{"line":60,"column":20},"end":{"line":60,"column":null}},"35":{"start":{"line":62,"column":6},"end":{"line":62,"column":null}},"36":{"start":{"line":62,"column":18},"end":{"line":62,"column":null}},"37":{"start":{"line":64,"column":6},"end":{"line":64,"column":null}},"38":{"start":{"line":65,"column":6},"end":{"line":65,"column":null}},"39":{"start":{"line":67,"column":19},"end":{"line":67,"column":null}},"40":{"start":{"line":68,"column":21},"end":{"line":68,"column":null}},"41":{"start":{"line":70,"column":6},"end":{"line":76,"column":null}},"42":{"start":{"line":71,"column":10},"end":{"line":71,"column":null}},"43":{"start":{"line":72,"column":10},"end":{"line":72,"column":null}},"44":{"start":{"line":73,"column":6},"end":{"line":76,"column":null}},"45":{"start":{"line":74,"column":10},"end":{"line":74,"column":null}},"46":{"start":{"line":75,"column":10},"end":{"line":75,"column":null}},"47":{"start":{"line":78,"column":6},"end":{"line":112,"column":null}},"48":{"start":{"line":79,"column":10},"end":{"line":79,"column":null}},"49":{"start":{"line":81,"column":10},"end":{"line":86,"column":null}},"50":{"start":{"line":82,"column":26},"end":{"line":82,"column":null}},"51":{"start":{"line":83,"column":31},"end":{"line":83,"column":null}},"52":{"start":{"line":84,"column":30},"end":{"line":84,"column":null}},"53":{"start":{"line":85,"column":13},"end":{"line":85,"column":null}},"54":{"start":{"line":88,"column":26},"end":{"line":88,"column":null}},"55":{"start":{"line":89,"column":26},"end":{"line":89,"column":null}},"56":{"start":{"line":91,"column":10},"end":{"line":96,"column":null}},"57":{"start":{"line":92,"column":14},"end":{"line":92,"column":null}},"58":{"start":{"line":94,"column":27},"end":{"line":94,"column":null}},"59":{"start":{"line":95,"column":14},"end":{"line":95,"column":null}},"60":{"start":{"line":98,"column":10},"end":{"line":98,"column":null}},"61":{"start":{"line":98,"column":45},"end":{"line":98,"column":null}},"62":{"start":{"line":100,"column":10},"end":{"line":100,"column":null}},"63":{"start":{"line":102,"column":10},"end":{"line":102,"column":null}},"64":{"start":{"line":103,"column":10},"end":{"line":103,"column":null}},"65":{"start":{"line":105,"column":10},"end":{"line":111,"column":null}},"66":{"start":{"line":106,"column":14},"end":{"line":106,"column":null}},"67":{"start":{"line":107,"column":10},"end":{"line":111,"column":null}},"68":{"start":{"line":108,"column":14},"end":{"line":108,"column":null}},"69":{"start":{"line":110,"column":14},"end":{"line":110,"column":null}},"70":{"start":{"line":115,"column":6},"end":{"line":115,"column":null}},"71":{"start":{"line":116,"column":6},"end":{"line":116,"column":null}},"72":{"start":{"line":120,"column":28},"end":{"line":137,"column":null}},"73":{"start":{"line":121,"column":4},"end":{"line":121,"column":null}},"74":{"start":{"line":122,"column":4},"end":{"line":122,"column":null}},"75":{"start":{"line":122,"column":26},"end":{"line":122,"column":null}},"76":{"start":{"line":124,"column":4},"end":{"line":124,"column":null}},"77":{"start":{"line":125,"column":19},"end":{"line":125,"column":null}},"78":{"start":{"line":126,"column":4},"end":{"line":126,"column":null}},"79":{"start":{"line":128,"column":4},"end":{"line":136,"column":null}},"80":{"start":{"line":129,"column":6},"end":{"line":129,"column":null}},"81":{"start":{"line":130,"column":28},"end":{"line":130,"column":null}},"82":{"start":{"line":131,"column":6},"end":{"line":131,"column":null}},"83":{"start":{"line":132,"column":25},"end":{"line":132,"column":null}},"84":{"start":{"line":133,"column":6},"end":{"line":133,"column":null}},"85":{"start":{"line":135,"column":6},"end":{"line":135,"column":null}},"86":{"start":{"line":139,"column":21},"end":{"line":143,"column":null}},"87":{"start":{"line":140,"column":17},"end":{"line":140,"column":null}},"88":{"start":{"line":141,"column":17},"end":{"line":141,"column":null}},"89":{"start":{"line":142,"column":4},"end":{"line":142,"column":null}},"90":{"start":{"line":145,"column":2},"end":{"line":220,"column":null}},"91":{"start":{"line":163,"column":50},"end":{"line":163,"column":75}},"92":{"start":{"line":186,"column":33},"end":{"line":186,"column":null}},"93":{"start":{"line":204,"column":53},"end":{"line":204,"column":79}}},"fnMap":{"0":{"name":"(anonymous_0)","decl":{"start":{"line":8,"column":14},"end":{"line":8,"column":20}},"loc":{"start":{"line":8,"column":20},"end":{"line":222,"column":null}},"line":8},"1":{"name":"(anonymous_1)","decl":{"start":{"line":17,"column":12},"end":{"line":17,"column":18}},"loc":{"start":{"line":17,"column":18},"end":{"line":28,"column":5}},"line":17},"2":{"name":"(anonymous_2)","decl":{"start":{"line":30,"column":12},"end":{"line":30,"column":18}},"loc":{"start":{"line":30,"column":18},"end":{"line":42,"column":5}},"line":30},"3":{"name":"(anonymous_3)","decl":{"start":{"line":32,"column":30},"end":{"line":32,"column":36}},"loc":{"start":{"line":32,"column":36},"end":{"line":40,"column":7}},"line":32},"4":{"name":"(anonymous_4)","decl":{"start":{"line":33,"column":22},"end":{"line":33,"column":23}},"loc":{"start":{"line":33,"column":32},"end":{"line":39,"column":7}},"line":33},"5":{"name":"(anonymous_5)","decl":{"start":{"line":41,"column":11},"end":{"line":41,"column":17}},"loc":{"start":{"line":41,"column":17},"end":{"line":41,"column":null}},"line":41},"6":{"name":"(anonymous_6)","decl":{"start":{"line":44,"column":23},"end":{"line":44,"column":24}},"loc":{"start":{"line":44,"column":30},"end":{"line":46,"column":null}},"line":44},"7":{"name":"(anonymous_7)","decl":{"start":{"line":48,"column":22},"end":{"line":48,"column":29}},"loc":{"start":{"line":48,"column":35},"end":{"line":118,"column":null}},"line":48},"8":{"name":"(anonymous_8)","decl":{"start":{"line":120,"column":28},"end":{"line":120,"column":35}},"loc":{"start":{"line":120,"column":41},"end":{"line":137,"column":null}},"line":120},"9":{"name":"(anonymous_9)","decl":{"start":{"line":139,"column":21},"end":{"line":139,"column":22}},"loc":{"start":{"line":139,"column":34},"end":{"line":143,"column":null}},"line":139},"10":{"name":"(anonymous_10)","decl":{"start":{"line":163,"column":44},"end":{"line":163,"column":50}},"loc":{"start":{"line":163,"column":50},"end":{"line":163,"column":75}},"line":163},"11":{"name":"(anonymous_11)","decl":{"start":{"line":186,"column":26},"end":{"line":186,"column":27}},"loc":{"start":{"line":186,"column":33},"end":{"line":186,"column":null}},"line":186},"12":{"name":"(anonymous_12)","decl":{"start":{"line":204,"column":47},"end":{"line":204,"column":53}},"loc":{"start":{"line":204,"column":53},"end":{"line":204,"column":79}},"line":204}},"branchMap":{"0":{"loc":{"start":{"line":19,"column":4},"end":{"line":27,"column":null}},"type":"if","locations":[{"start":{"line":19,"column":4},"end":{"line":27,"column":null}},{"start":{},"end":{}}],"line":19},"1":{"loc":{"start":{"line":22,"column":6},"end":{"line":26,"column":null}},"type":"if","locations":[{"start":{"line":22,"column":6},"end":{"line":26,"column":null}},{"start":{"line":24,"column":13},"end":{"line":26,"column":null}}],"line":22},"2":{"loc":{"start":{"line":31,"column":4},"end":{"line":31,"column":null}},"type":"if","locations":[{"start":{"line":31,"column":4},"end":{"line":31,"column":null}},{"start":{},"end":{}}],"line":31},"3":{"loc":{"start":{"line":34,"column":8},"end":{"line":37,"column":null}},"type":"if","locations":[{"start":{"line":34,"column":8},"end":{"line":37,"column":null}},{"start":{},"end":{}}],"line":34},"4":{"loc":{"start":{"line":51,"column":22},"end":{"line":51,"column":null}},"type":"binary-expr","locations":[{"start":{"line":51,"column":22},"end":{"line":51,"column":54}},{"start":{"line":51,"column":54},"end":{"line":51,"column":null}}],"line":51},"5":{"loc":{"start":{"line":60,"column":20},"end":{"line":60,"column":null}},"type":"binary-expr","locations":[{"start":{"line":60,"column":20},"end":{"line":60,"column":50}},{"start":{"line":60,"column":50},"end":{"line":60,"column":null}}],"line":60},"6":{"loc":{"start":{"line":62,"column":6},"end":{"line":62,"column":null}},"type":"if","locations":[{"start":{"line":62,"column":6},"end":{"line":62,"column":null}},{"start":{},"end":{}}],"line":62},"7":{"loc":{"start":{"line":70,"column":6},"end":{"line":76,"column":null}},"type":"if","locations":[{"start":{"line":70,"column":6},"end":{"line":76,"column":null}},{"start":{"line":73,"column":6},"end":{"line":76,"column":null}}],"line":70},"8":{"loc":{"start":{"line":70,"column":10},"end":{"line":70,"column":37}},"type":"binary-expr","locations":[{"start":{"line":70,"column":10},"end":{"line":70,"column":23}},{"start":{"line":70,"column":23},"end":{"line":70,"column":37}}],"line":70},"9":{"loc":{"start":{"line":73,"column":6},"end":{"line":76,"column":null}},"type":"if","locations":[{"start":{"line":73,"column":6},"end":{"line":76,"column":null}},{"start":{},"end":{}}],"line":73},"10":{"loc":{"start":{"line":73,"column":17},"end":{"line":73,"column":76}},"type":"binary-expr","locations":[{"start":{"line":73,"column":17},"end":{"line":73,"column":33}},{"start":{"line":73,"column":33},"end":{"line":73,"column":54}},{"start":{"line":73,"column":54},"end":{"line":73,"column":76}}],"line":73},"11":{"loc":{"start":{"line":78,"column":6},"end":{"line":112,"column":null}},"type":"if","locations":[{"start":{"line":78,"column":6},"end":{"line":112,"column":null}},{"start":{},"end":{}}],"line":78},"12":{"loc":{"start":{"line":81,"column":10},"end":{"line":86,"column":null}},"type":"if","locations":[{"start":{"line":81,"column":10},"end":{"line":86,"column":null}},{"start":{},"end":{}}],"line":81},"13":{"loc":{"start":{"line":82,"column":26},"end":{"line":82,"column":null}},"type":"binary-expr","locations":[{"start":{"line":82,"column":26},"end":{"line":82,"column":52}},{"start":{"line":82,"column":52},"end":{"line":82,"column":null}}],"line":82},"14":{"loc":{"start":{"line":83,"column":31},"end":{"line":83,"column":null}},"type":"binary-expr","locations":[{"start":{"line":83,"column":31},"end":{"line":83,"column":51}},{"start":{"line":83,"column":51},"end":{"line":83,"column":null}}],"line":83},"15":{"loc":{"start":{"line":84,"column":30},"end":{"line":84,"column":null}},"type":"binary-expr","locations":[{"start":{"line":84,"column":30},"end":{"line":84,"column":49}},{"start":{"line":84,"column":49},"end":{"line":84,"column":null}}],"line":84},"16":{"loc":{"start":{"line":91,"column":10},"end":{"line":96,"column":null}},"type":"if","locations":[{"start":{"line":91,"column":10},"end":{"line":96,"column":null}},{"start":{"line":93,"column":17},"end":{"line":96,"column":null}}],"line":91},"17":{"loc":{"start":{"line":91,"column":14},"end":{"line":91,"column":39}},"type":"binary-expr","locations":[{"start":{"line":91,"column":14},"end":{"line":91,"column":25}},{"start":{"line":91,"column":25},"end":{"line":91,"column":39}}],"line":91},"18":{"loc":{"start":{"line":94,"column":27},"end":{"line":94,"column":null}},"type":"binary-expr","locations":[{"start":{"line":94,"column":27},"end":{"line":94,"column":54}},{"start":{"line":94,"column":54},"end":{"line":94,"column":null}}],"line":94},"19":{"loc":{"start":{"line":95,"column":26},"end":{"line":95,"column":null}},"type":"binary-expr","locations":[{"start":{"line":95,"column":26},"end":{"line":95,"column":44}},{"start":{"line":95,"column":44},"end":{"line":95,"column":57}},{"start":{"line":95,"column":57},"end":{"line":95,"column":null}}],"line":95},"20":{"loc":{"start":{"line":98,"column":10},"end":{"line":98,"column":null}},"type":"if","locations":[{"start":{"line":98,"column":10},"end":{"line":98,"column":null}},{"start":{},"end":{}}],"line":98},"21":{"loc":{"start":{"line":105,"column":10},"end":{"line":111,"column":null}},"type":"if","locations":[{"start":{"line":105,"column":10},"end":{"line":111,"column":null}},{"start":{"line":107,"column":10},"end":{"line":111,"column":null}}],"line":105},"22":{"loc":{"start":{"line":107,"column":10},"end":{"line":111,"column":null}},"type":"if","locations":[{"start":{"line":107,"column":10},"end":{"line":111,"column":null}},{"start":{"line":109,"column":17},"end":{"line":111,"column":null}}],"line":107},"23":{"loc":{"start":{"line":116,"column":22},"end":{"line":116,"column":66}},"type":"binary-expr","locations":[{"start":{"line":116,"column":22},"end":{"line":116,"column":53}},{"start":{"line":116,"column":53},"end":{"line":116,"column":66}}],"line":116},"24":{"loc":{"start":{"line":122,"column":4},"end":{"line":122,"column":null}},"type":"if","locations":[{"start":{"line":122,"column":4},"end":{"line":122,"column":null}},{"start":{},"end":{}}],"line":122},"25":{"loc":{"start":{"line":128,"column":4},"end":{"line":136,"column":null}},"type":"if","locations":[{"start":{"line":128,"column":4},"end":{"line":136,"column":null}},{"start":{"line":134,"column":11},"end":{"line":136,"column":null}}],"line":128},"26":{"loc":{"start":{"line":135,"column":28},"end":{"line":135,"column":64}},"type":"binary-expr","locations":[{"start":{"line":135,"column":28},"end":{"line":135,"column":44}},{"start":{"line":135,"column":44},"end":{"line":135,"column":64}}],"line":135},"27":{"loc":{"start":{"line":142,"column":22},"end":{"line":142,"column":42}},"type":"cond-expr","locations":[{"start":{"line":142,"column":34},"end":{"line":142,"column":40}},{"start":{"line":142,"column":40},"end":{"line":142,"column":42}}],"line":142},"28":{"loc":{"start":{"line":176,"column":7},"end":{"line":218,"column":null}},"type":"binary-expr","locations":[{"start":{"line":176,"column":7},"end":{"line":176,"column":null}},{"start":{"line":177,"column":8},"end":{"line":218,"column":null}}],"line":176},"29":{"loc":{"start":{"line":193,"column":15},"end":{"line":194,"column":null}},"type":"binary-expr","locations":[{"start":{"line":193,"column":15},"end":{"line":193,"column":null}},{"start":{"line":194,"column":16},"end":{"line":194,"column":null}}],"line":193},"30":{"loc":{"start":{"line":197,"column":15},"end":{"line":200,"column":null}},"type":"binary-expr","locations":[{"start":{"line":197,"column":15},"end":{"line":197,"column":null}},{"start":{"line":198,"column":16},"end":{"line":200,"column":null}}],"line":197},"31":{"loc":{"start":{"line":205,"column":19},"end":{"line":205,"column":null}},"type":"cond-expr","locations":[{"start":{"line":205,"column":38},"end":{"line":205,"column":49}},{"start":{"line":205,"column":49},"end":{"line":205,"column":null}}],"line":205},"32":{"loc":{"start":{"line":210,"column":44},"end":{"line":210,"column":78}},"type":"cond-expr","locations":[{"start":{"line":210,"column":63},"end":{"line":210,"column":76}},{"start":{"line":210,"column":76},"end":{"line":210,"column":78}}],"line":210},"33":{"loc":{"start":{"line":211,"column":28},"end":{"line":211,"column":null}},"type":"binary-expr","locations":[{"start":{"line":211,"column":28},"end":{"line":211,"column":51}},{"start":{"line":211,"column":51},"end":{"line":211,"column":null}}],"line":211},"34":{"loc":{"start":{"line":213,"column":19},"end":{"line":213,"column":null}},"type":"cond-expr","locations":[{"start":{"line":213,"column":41},"end":{"line":213,"column":57}},{"start":{"line":213,"column":57},"end":{"line":213,"column":null}}],"line":213},"35":{"loc":{"start":{"line":213,"column":57},"end":{"line":213,"column":null}},"type":"cond-expr","locations":[{"start":{"line":213,"column":76},"end":{"line":213,"column":90}},{"start":{"line":213,"column":90},"end":{"line":213,"column":null}}],"line":213}},"s":{"0":1,"1":3,"2":3,"3":3,"4":3,"5":3,"6":3,"7":3,"8":2,"9":2,"10":0,"11":0,"12":0,"13":0,"14":0,"15":3,"16":2,"17":2,"18":0,"19":0,"20":0,"21":0,"22":0,"23":0,"24":0,"25":0,"26":3,"27":0,"28":3,"29":0,"30":0,"31":0,"32":0,"33":0,"34":0,"35":0,"36":0,"37":0,"38":0,"39":0,"40":0,"41":0,"42":0,"43":0,"44":0,"45":0,"46":0,"47":0,"48":0,"49":0,"50":0,"51":0,"52":0,"53":0,"54":0,"55":0,"56":0,"57":0,"58":0,"59":0,"60":0,"61":0,"62":0,"63":0,"64":0,"65":0,"66":0,"67":0,"68":0,"69":0,"70":0,"71":0,"72":3,"73":0,"74":0,"75":0,"76":0,"77":0,"78":0,"79":0,"80":0,"81":0,"82":0,"83":0,"84":0,"85":0,"86":3,"87":0,"88":0,"89":0,"90":3,"91":1,"92":0,"93":0},"f":{"0":3,"1":2,"2":2,"3":0,"4":0,"5":0,"6":0,"7":0,"8":0,"9":0,"10":1,"11":0,"12":0},"b":{"0":[0,2],"1":[0,0],"2":[2,0],"3":[0,0],"4":[0,0],"5":[0,0],"6":[0,0],"7":[0,0],"8":[0,0],"9":[0,0],"10":[0,0,0],"11":[0,0],"12":[0,0],"13":[0,0],"14":[0,0],"15":[0,0],"16":[0,0],"17":[0,0],"18":[0,0],"19":[0,0,0],"20":[0,0],"21":[0,0],"22":[0,0],"23":[0,0],"24":[0,0],"25":[0,0],"26":[0,0],"27":[0,0],"28":[3,1],"29":[1,0],"30":[1,0],"31":[0,1],"32":[0,1],"33":[1,1],"34":[0,1],"35":[0,1]},"meta":{"lastBranch":36,"lastFunction":13,"lastStatement":94,"seen":{"s:8:14:222:Infinity":0,"f:8:14:8:20":0,"s:9:36:9:Infinity":1,"s:10:42:10:Infinity":2,"s:11:34:11:Infinity":3,"s:12:36:12:Infinity":4,"s:13:38:13:Infinity":5,"s:15:8:15:Infinity":6,"s:17:2:28:Infinity":7,"f:17:12:17:18":1,"s:18:22:18:Infinity":8,"b:19:4:27:Infinity:undefined:undefined:undefined:undefined":0,"s:19:4:27:Infinity":9,"s:20:18:20:Infinity":10,"s:21:23:21:Infinity":11,"b:22:6:26:Infinity:24:13:26:Infinity":1,"s:22:6:26:Infinity":12,"s:23:8:23:Infinity":13,"s:25:8:25:Infinity":14,"s:30:2:42:Infinity":15,"f:30:12:30:18":2,"b:31:4:31:Infinity:undefined:undefined:undefined:undefined":2,"s:31:4:31:Infinity":16,"s:31:27:31:Infinity":17,"s:32:18:40:Infinity":18,"f:32:30:32:36":3,"s:33:6:39:Infinity":19,"f:33:22:33:23":4,"b:34:8:37:Infinity:undefined:undefined:undefined:undefined":3,"s:34:8:37:Infinity":20,"s:35:10:35:Infinity":21,"s:36:10:36:Infinity":22,"s:38:8:38:Infinity":23,"s:41:4:41:Infinity":24,"f:41:11:41:17":5,"s:41:17:41:Infinity":25,"s:44:23:46:Infinity":26,"f:44:23:44:24":6,"s:45:4:45:Infinity":27,"s:48:22:118:Infinity":28,"f:48:22:48:29":7,"s:49:4:49:Infinity":29,"s:50:4:117:Infinity":30,"s:51:22:51:Infinity":31,"b:51:22:51:54:51:54:51:Infinity":4,"s:53:23:57:Infinity":32,"s:59:19:59:Infinity":33,"s:60:20:60:Infinity":34,"b:60:20:60:50:60:50:60:Infinity":5,"b:62:6:62:Infinity:undefined:undefined:undefined:undefined":6,"s:62:6:62:Infinity":35,"s:62:18:62:Infinity":36,"s:64:6:64:Infinity":37,"s:65:6:65:Infinity":38,"s:67:19:67:Infinity":39,"s:68:21:68:Infinity":40,"b:70:6:76:Infinity:73:6:76:Infinity":7,"s:70:6:76:Infinity":41,"b:70:10:70:23:70:23:70:37":8,"s:71:10:71:Infinity":42,"s:72:10:72:Infinity":43,"b:73:6:76:Infinity:undefined:undefined:undefined:undefined":9,"s:73:6:76:Infinity":44,"b:73:17:73:33:73:33:73:54:73:54:73:76":10,"s:74:10:74:Infinity":45,"s:75:10:75:Infinity":46,"b:78:6:112:Infinity:undefined:undefined:undefined:undefined":11,"s:78:6:112:Infinity":47,"s:79:10:79:Infinity":48,"b:81:10:86:Infinity:undefined:undefined:undefined:undefined":12,"s:81:10:86:Infinity":49,"s:82:26:82:Infinity":50,"b:82:26:82:52:82:52:82:Infinity":13,"s:83:31:83:Infinity":51,"b:83:31:83:51:83:51:83:Infinity":14,"s:84:30:84:Infinity":52,"b:84:30:84:49:84:49:84:Infinity":15,"s:85:13:85:Infinity":53,"s:88:26:88:Infinity":54,"s:89:26:89:Infinity":55,"b:91:10:96:Infinity:93:17:96:Infinity":16,"s:91:10:96:Infinity":56,"b:91:14:91:25:91:25:91:39":17,"s:92:14:92:Infinity":57,"s:94:27:94:Infinity":58,"b:94:27:94:54:94:54:94:Infinity":18,"s:95:14:95:Infinity":59,"b:95:26:95:44:95:44:95:57:95:57:95:Infinity":19,"b:98:10:98:Infinity:undefined:undefined:undefined:undefined":20,"s:98:10:98:Infinity":60,"s:98:45:98:Infinity":61,"s:100:10:100:Infinity":62,"s:102:10:102:Infinity":63,"s:103:10:103:Infinity":64,"b:105:10:111:Infinity:107:10:111:Infinity":21,"s:105:10:111:Infinity":65,"s:106:14:106:Infinity":66,"b:107:10:111:Infinity:109:17:111:Infinity":22,"s:107:10:111:Infinity":67,"s:108:14:108:Infinity":68,"s:110:14:110:Infinity":69,"s:115:6:115:Infinity":70,"s:116:6:116:Infinity":71,"b:116:22:116:53:116:53:116:66":23,"s:120:28:137:Infinity":72,"f:120:28:120:35":8,"s:121:4:121:Infinity":73,"b:122:4:122:Infinity:undefined:undefined:undefined:undefined":24,"s:122:4:122:Infinity":74,"s:122:26:122:Infinity":75,"s:124:4:124:Infinity":76,"s:125:19:125:Infinity":77,"s:126:4:126:Infinity":78,"b:128:4:136:Infinity:134:11:136:Infinity":25,"s:128:4:136:Infinity":79,"s:129:6:129:Infinity":80,"s:130:28:130:Infinity":81,"s:131:6:131:Infinity":82,"s:132:25:132:Infinity":83,"s:133:6:133:Infinity":84,"s:135:6:135:Infinity":85,"b:135:28:135:44:135:44:135:64":26,"s:139:21:143:Infinity":86,"f:139:21:139:22":9,"s:140:17:140:Infinity":87,"s:141:17:141:Infinity":88,"s:142:4:142:Infinity":89,"b:142:34:142:40:142:40:142:42":27,"s:145:2:220:Infinity":90,"f:163:44:163:50":10,"s:163:50:163:75":91,"b:176:7:176:Infinity:177:8:218:Infinity":28,"f:186:26:186:27":11,"s:186:33:186:Infinity":92,"b:193:15:193:Infinity:194:16:194:Infinity":29,"b:197:15:197:Infinity:198:16:200:Infinity":30,"f:204:47:204:53":12,"s:204:53:204:79":93,"b:205:38:205:49:205:49:205:Infinity":31,"b:210:63:210:76:210:76:210:78":32,"b:211:28:211:51:211:51:211:Infinity":33,"b:213:41:213:57:213:57:213:Infinity":34,"b:213:76:213:90:213:90:213:Infinity":35}}}
,"C:\\Users\\irmar\\Downloads\\front-salud-al-dia\\src\\pages\\MedicalRecords.jsx": {"path":"C:\\Users\\irmar\\Downloads\\front-salud-al-dia\\src\\pages\\MedicalRecords.jsx","statementMap":{"0":{"start":{"line":7,"column":23},"end":{"line":204,"column":null}},"1":{"start":{"line":8,"column":8},"end":{"line":8,"column":null}},"2":{"start":{"line":10,"column":36},"end":{"line":18,"column":null}},"3":{"start":{"line":20,"column":36},"end":{"line":20,"column":null}},"4":{"start":{"line":21,"column":34},"end":{"line":21,"column":null}},"5":{"start":{"line":23,"column":2},"end":{"line":31,"column":null}},"6":{"start":{"line":24,"column":19},"end":{"line":24,"column":null}},"7":{"start":{"line":25,"column":18},"end":{"line":25,"column":null}},"8":{"start":{"line":27,"column":4},"end":{"line":30,"column":null}},"9":{"start":{"line":28,"column":6},"end":{"line":28,"column":null}},"10":{"start":{"line":29,"column":6},"end":{"line":29,"column":null}},"11":{"start":{"line":33,"column":23},"end":{"line":43,"column":null}},"12":{"start":{"line":34,"column":43},"end":{"line":34,"column":null}},"13":{"start":{"line":36,"column":4},"end":{"line":36,"column":null}},"14":{"start":{"line":36,"column":42},"end":{"line":36,"column":null}},"15":{"start":{"line":37,"column":4},"end":{"line":37,"column":null}},"16":{"start":{"line":37,"column":50},"end":{"line":37,"column":null}},"17":{"start":{"line":39,"column":4},"end":{"line":42,"column":null}},"18":{"start":{"line":45,"column":28},"end":{"line":62,"column":null}},"19":{"start":{"line":46,"column":18},"end":{"line":46,"column":null}},"20":{"start":{"line":47,"column":21},"end":{"line":47,"column":null}},"21":{"start":{"line":49,"column":4},"end":{"line":61,"column":null}},"22":{"start":{"line":50,"column":6},"end":{"line":50,"column":null}},"23":{"start":{"line":52,"column":6},"end":{"line":60,"column":null}},"24":{"start":{"line":53,"column":10},"end":{"line":57,"column":null}},"25":{"start":{"line":54,"column":13},"end":{"line":54,"column":null}},"26":{"start":{"line":56,"column":13},"end":{"line":56,"column":null}},"27":{"start":{"line":59,"column":10},"end":{"line":59,"column":null}},"28":{"start":{"line":65,"column":6},"end":{"line":71,"column":null}},"29":{"start":{"line":73,"column":23},"end":{"line":103,"column":null}},"30":{"start":{"line":74,"column":4},"end":{"line":74,"column":null}},"31":{"start":{"line":76,"column":4},"end":{"line":79,"column":null}},"32":{"start":{"line":77,"column":8},"end":{"line":77,"column":null}},"33":{"start":{"line":78,"column":8},"end":{"line":78,"column":null}},"34":{"start":{"line":81,"column":4},"end":{"line":84,"column":null}},"35":{"start":{"line":82,"column":8},"end":{"line":82,"column":null}},"36":{"start":{"line":83,"column":8},"end":{"line":83,"column":null}},"37":{"start":{"line":86,"column":19},"end":{"line":86,"column":null}},"38":{"start":{"line":87,"column":22},"end":{"line":87,"column":null}},"39":{"start":{"line":89,"column":57},"end":{"line":89,"column":null}},"40":{"start":{"line":91,"column":4},"end":{"line":102,"column":null}},"41":{"start":{"line":92,"column":6},"end":{"line":96,"column":null}},"42":{"start":{"line":98,"column":6},"end":{"line":98,"column":null}},"43":{"start":{"line":99,"column":6},"end":{"line":99,"column":null}},"44":{"start":{"line":101,"column":6},"end":{"line":101,"column":null}},"45":{"start":{"line":105,"column":2},"end":{"line":202,"column":null}}},"fnMap":{"0":{"name":"(anonymous_0)","decl":{"start":{"line":7,"column":23},"end":{"line":7,"column":29}},"loc":{"start":{"line":7,"column":29},"end":{"line":204,"column":null}},"line":7},"1":{"name":"(anonymous_1)","decl":{"start":{"line":23,"column":12},"end":{"line":23,"column":18}},"loc":{"start":{"line":23,"column":18},"end":{"line":31,"column":5}},"line":23},"2":{"name":"(anonymous_2)","decl":{"start":{"line":33,"column":23},"end":{"line":33,"column":24}},"loc":{"start":{"line":33,"column":30},"end":{"line":43,"column":null}},"line":33},"3":{"name":"(anonymous_3)","decl":{"start":{"line":45,"column":28},"end":{"line":45,"column":29}},"loc":{"start":{"line":45,"column":35},"end":{"line":62,"column":null}},"line":45},"4":{"name":"(anonymous_4)","decl":{"start":{"line":73,"column":23},"end":{"line":73,"column":30}},"loc":{"start":{"line":73,"column":36},"end":{"line":103,"column":null}},"line":73}},"branchMap":{"0":{"loc":{"start":{"line":27,"column":4},"end":{"line":30,"column":null}},"type":"if","locations":[{"start":{"line":27,"column":4},"end":{"line":30,"column":null}},{"start":{},"end":{}}],"line":27},"1":{"loc":{"start":{"line":27,"column":8},"end":{"line":27,"column":27}},"type":"binary-expr","locations":[{"start":{"line":27,"column":8},"end":{"line":27,"column":19}},{"start":{"line":27,"column":19},"end":{"line":27,"column":27}}],"line":27},"2":{"loc":{"start":{"line":36,"column":4},"end":{"line":36,"column":null}},"type":"if","locations":[{"start":{"line":36,"column":4},"end":{"line":36,"column":null}},{"start":{},"end":{}}],"line":36},"3":{"loc":{"start":{"line":36,"column":8},"end":{"line":36,"column":42}},"type":"binary-expr","locations":[{"start":{"line":36,"column":8},"end":{"line":36,"column":29}},{"start":{"line":36,"column":29},"end":{"line":36,"column":42}}],"line":36},"4":{"loc":{"start":{"line":37,"column":4},"end":{"line":37,"column":null}},"type":"if","locations":[{"start":{"line":37,"column":4},"end":{"line":37,"column":null}},{"start":{},"end":{}}],"line":37},"5":{"loc":{"start":{"line":37,"column":8},"end":{"line":37,"column":50}},"type":"binary-expr","locations":[{"start":{"line":37,"column":8},"end":{"line":37,"column":37}},{"start":{"line":37,"column":37},"end":{"line":37,"column":50}}],"line":37},"6":{"loc":{"start":{"line":41,"column":16},"end":{"line":41,"column":null}},"type":"cond-expr","locations":[{"start":{"line":41,"column":38},"end":{"line":41,"column":48}},{"start":{"line":41,"column":48},"end":{"line":41,"column":null}}],"line":41},"7":{"loc":{"start":{"line":49,"column":4},"end":{"line":61,"column":null}},"type":"if","locations":[{"start":{"line":49,"column":4},"end":{"line":61,"column":null}},{"start":{},"end":{}}],"line":49},"8":{"loc":{"start":{"line":52,"column":6},"end":{"line":60,"column":null}},"type":"if","locations":[{"start":{"line":52,"column":6},"end":{"line":60,"column":null}},{"start":{"line":58,"column":13},"end":{"line":60,"column":null}}],"line":52},"9":{"loc":{"start":{"line":53,"column":10},"end":{"line":57,"column":null}},"type":"if","locations":[{"start":{"line":53,"column":10},"end":{"line":57,"column":null}},{"start":{"line":55,"column":17},"end":{"line":57,"column":null}}],"line":53},"10":{"loc":{"start":{"line":65,"column":6},"end":{"line":71,"column":null}},"type":"binary-expr","locations":[{"start":{"line":65,"column":6},"end":{"line":65,"column":null}},{"start":{"line":66,"column":6},"end":{"line":66,"column":null}},{"start":{"line":67,"column":6},"end":{"line":67,"column":null}},{"start":{"line":68,"column":6},"end":{"line":68,"column":null}},{"start":{"line":69,"column":6},"end":{"line":69,"column":null}},{"start":{"line":70,"column":6},"end":{"line":70,"column":null}},{"start":{"line":71,"column":6},"end":{"line":71,"column":null}}],"line":65},"11":{"loc":{"start":{"line":76,"column":4},"end":{"line":79,"column":null}},"type":"if","locations":[{"start":{"line":76,"column":4},"end":{"line":79,"column":null}},{"start":{},"end":{}}],"line":76},"12":{"loc":{"start":{"line":81,"column":4},"end":{"line":84,"column":null}},"type":"if","locations":[{"start":{"line":81,"column":4},"end":{"line":84,"column":null}},{"start":{},"end":{}}],"line":81},"13":{"loc":{"start":{"line":81,"column":8},"end":{"line":81,"column":66}},"type":"binary-expr","locations":[{"start":{"line":81,"column":8},"end":{"line":81,"column":36}},{"start":{"line":81,"column":36},"end":{"line":81,"column":66}}],"line":81},"14":{"loc":{"start":{"line":101,"column":25},"end":{"line":101,"column":59}},"type":"binary-expr","locations":[{"start":{"line":101,"column":25},"end":{"line":101,"column":42}},{"start":{"line":101,"column":42},"end":{"line":101,"column":59}}],"line":101},"15":{"loc":{"start":{"line":147,"column":49},"end":{"line":147,"column":80}},"type":"cond-expr","locations":[{"start":{"line":147,"column":62},"end":{"line":147,"column":78}},{"start":{"line":147,"column":78},"end":{"line":147,"column":80}}],"line":147},"16":{"loc":{"start":{"line":162,"column":13},"end":{"line":162,"column":null}},"type":"binary-expr","locations":[{"start":{"line":162,"column":13},"end":{"line":162,"column":27}},{"start":{"line":162,"column":27},"end":{"line":162,"column":null}}],"line":162}},"s":{"0":1,"1":3,"2":3,"3":3,"4":3,"5":3,"6":3,"7":3,"8":3,"9":1,"10":1,"11":3,"12":0,"13":0,"14":0,"15":0,"16":0,"17":0,"18":3,"19":0,"20":0,"21":0,"22":0,"23":0,"24":0,"25":0,"26":0,"27":0,"28":3,"29":3,"30":0,"31":0,"32":0,"33":0,"34":0,"35":0,"36":0,"37":0,"38":0,"39":0,"40":0,"41":0,"42":0,"43":0,"44":0,"45":3},"f":{"0":3,"1":3,"2":0,"3":0,"4":0},"b":{"0":[1,2],"1":[3,2],"2":[0,0],"3":[0,0],"4":[0,0],"5":[0,0],"6":[0,0],"7":[0,0],"8":[0,0],"9":[0,0],"10":[3,0,0,0,0,0,0],"11":[0,0],"12":[0,0],"13":[0,0],"14":[0,0],"15":[0,3],"16":[3,0]},"meta":{"lastBranch":17,"lastFunction":5,"lastStatement":46,"seen":{"s:7:23:204:Infinity":0,"f:7:23:7:29":0,"s:8:8:8:Infinity":1,"s:10:36:18:Infinity":2,"s:20:36:20:Infinity":3,"s:21:34:21:Infinity":4,"s:23:2:31:Infinity":5,"f:23:12:23:18":1,"s:24:19:24:Infinity":6,"s:25:18:25:Infinity":7,"b:27:4:30:Infinity:undefined:undefined:undefined:undefined":0,"s:27:4:30:Infinity":8,"b:27:8:27:19:27:19:27:27":1,"s:28:6:28:Infinity":9,"s:29:6:29:Infinity":10,"s:33:23:43:Infinity":11,"f:33:23:33:24":2,"s:34:43:34:Infinity":12,"b:36:4:36:Infinity:undefined:undefined:undefined:undefined":2,"s:36:4:36:Infinity":13,"b:36:8:36:29:36:29:36:42":3,"s:36:42:36:Infinity":14,"b:37:4:37:Infinity:undefined:undefined:undefined:undefined":4,"s:37:4:37:Infinity":15,"b:37:8:37:37:37:37:37:50":5,"s:37:50:37:Infinity":16,"s:39:4:42:Infinity":17,"b:41:38:41:48:41:48:41:Infinity":6,"s:45:28:62:Infinity":18,"f:45:28:45:29":3,"s:46:18:46:Infinity":19,"s:47:21:47:Infinity":20,"b:49:4:61:Infinity:undefined:undefined:undefined:undefined":7,"s:49:4:61:Infinity":21,"s:50:6:50:Infinity":22,"b:52:6:60:Infinity:58:13:60:Infinity":8,"s:52:6:60:Infinity":23,"b:53:10:57:Infinity:55:17:57:Infinity":9,"s:53:10:57:Infinity":24,"s:54:13:54:Infinity":25,"s:56:13:56:Infinity":26,"s:59:10:59:Infinity":27,"s:65:6:71:Infinity":28,"b:65:6:65:Infinity:66:6:66:Infinity:67:6:67:Infinity:68:6:68:Infinity:69:6:69:Infinity:70:6:70:Infinity:71:6:71:Infinity":10,"s:73:23:103:Infinity":29,"f:73:23:73:30":4,"s:74:4:74:Infinity":30,"b:76:4:79:Infinity:undefined:undefined:undefined:undefined":11,"s:76:4:79:Infinity":31,"s:77:8:77:Infinity":32,"s:78:8:78:Infinity":33,"b:81:4:84:Infinity:undefined:undefined:undefined:undefined":12,"s:81:4:84:Infinity":34,"b:81:8:81:36:81:36:81:66":13,"s:82:8:82:Infinity":35,"s:83:8:83:Infinity":36,"s:86:19:86:Infinity":37,"s:87:22:87:Infinity":38,"s:89:57:89:Infinity":39,"s:91:4:102:Infinity":40,"s:92:6:96:Infinity":41,"s:98:6:98:Infinity":42,"s:99:6:99:Infinity":43,"s:101:6:101:Infinity":44,"b:101:25:101:42:101:42:101:59":14,"s:105:2:202:Infinity":45,"b:147:62:147:78:147:78:147:80":15,"b:162:13:162:27:162:27:162:Infinity":16}}}
,"C:\\Users\\irmar\\Downloads\\front-salud-al-dia\\src\\pages\\PatientFile.jsx": {"path":"C:\\Users\\irmar\\Downloads\\front-salud-al-dia\\src\\pages\\PatientFile.jsx","statementMap":{"0":{"start":{"line":30,"column":20},"end":{"line":266,"column":null}},"1":{"start":{"line":31,"column":21},"end":{"line":31,"column":null}},"2":{"start":{"line":32,"column":8},"end":{"line":32,"column":null}},"3":{"start":{"line":33,"column":40},"end":{"line":33,"column":null}},"4":{"start":{"line":34,"column":36},"end":{"line":34,"column":null}},"5":{"start":{"line":35,"column":40},"end":{"line":35,"column":null}},"6":{"start":{"line":36,"column":28},"end":{"line":36,"column":null}},"7":{"start":{"line":37,"column":28},"end":{"line":37,"column":null}},"8":{"start":{"line":39,"column":2},"end":{"line":67,"column":null}},"9":{"start":{"line":40,"column":21},"end":{"line":65,"column":null}},"10":{"start":{"line":41,"column":6},"end":{"line":64,"column":null}},"11":{"start":{"line":42,"column":22},"end":{"line":42,"column":null}},"12":{"start":{"line":43,"column":8},"end":{"line":46,"column":null}},"13":{"start":{"line":44,"column":12},"end":{"line":44,"column":null}},"14":{"start":{"line":45,"column":12},"end":{"line":45,"column":null}},"15":{"start":{"line":48,"column":46},"end":{"line":53,"column":null}},"16":{"start":{"line":55,"column":8},"end":{"line":55,"column":null}},"17":{"start":{"line":56,"column":8},"end":{"line":56,"column":null}},"18":{"start":{"line":57,"column":8},"end":{"line":57,"column":null}},"19":{"start":{"line":58,"column":8},"end":{"line":58,"column":null}},"20":{"start":{"line":61,"column":8},"end":{"line":61,"column":null}},"21":{"start":{"line":63,"column":8},"end":{"line":63,"column":null}},"22":{"start":{"line":66,"column":4},"end":{"line":66,"column":null}},"23":{"start":{"line":66,"column":16},"end":{"line":66,"column":null}},"24":{"start":{"line":69,"column":23},"end":{"line":73,"column":null}},"25":{"start":{"line":70,"column":4},"end":{"line":70,"column":null}},"26":{"start":{"line":70,"column":44},"end":{"line":70,"column":null}},"27":{"start":{"line":71,"column":27},"end":{"line":71,"column":null}},"28":{"start":{"line":72,"column":4},"end":{"line":72,"column":null}},"29":{"start":{"line":75,"column":29},"end":{"line":107,"column":null}},"30":{"start":{"line":76,"column":19},"end":{"line":76,"column":null}},"31":{"start":{"line":78,"column":4},"end":{"line":84,"column":null}},"32":{"start":{"line":79,"column":8},"end":{"line":83,"column":null}},"33":{"start":{"line":80,"column":12},"end":{"line":80,"column":null}},"34":{"start":{"line":81,"column":8},"end":{"line":83,"column":null}},"35":{"start":{"line":82,"column":12},"end":{"line":82,"column":null}},"36":{"start":{"line":86,"column":4},"end":{"line":92,"column":null}},"37":{"start":{"line":87,"column":8},"end":{"line":91,"column":null}},"38":{"start":{"line":88,"column":12},"end":{"line":88,"column":null}},"39":{"start":{"line":89,"column":8},"end":{"line":91,"column":null}},"40":{"start":{"line":90,"column":12},"end":{"line":90,"column":null}},"41":{"start":{"line":94,"column":4},"end":{"line":96,"column":null}},"42":{"start":{"line":95,"column":8},"end":{"line":95,"column":null}},"43":{"start":{"line":98,"column":4},"end":{"line":105,"column":null}},"44":{"start":{"line":101,"column":16},"end":{"line":103,"column":null}},"45":{"start":{"line":109,"column":2},"end":{"line":109,"column":null}},"46":{"start":{"line":109,"column":15},"end":{"line":109,"column":null}},"47":{"start":{"line":111,"column":2},"end":{"line":264,"column":null}},"48":{"start":{"line":115,"column":56},"end":{"line":115,"column":null}},"49":{"start":{"line":228,"column":72},"end":{"line":228,"column":null}},"50":{"start":{"line":244,"column":36},"end":{"line":255,"column":null}}},"fnMap":{"0":{"name":"(anonymous_0)","decl":{"start":{"line":30,"column":20},"end":{"line":30,"column":26}},"loc":{"start":{"line":30,"column":26},"end":{"line":266,"column":null}},"line":30},"1":{"name":"(anonymous_1)","decl":{"start":{"line":39,"column":12},"end":{"line":39,"column":18}},"loc":{"start":{"line":39,"column":18},"end":{"line":67,"column":5}},"line":39},"2":{"name":"(anonymous_2)","decl":{"start":{"line":40,"column":21},"end":{"line":40,"column":33}},"loc":{"start":{"line":40,"column":33},"end":{"line":65,"column":null}},"line":40},"3":{"name":"(anonymous_3)","decl":{"start":{"line":69,"column":23},"end":{"line":69,"column":24}},"loc":{"start":{"line":69,"column":43},"end":{"line":73,"column":null}},"line":69},"4":{"name":"(anonymous_4)","decl":{"start":{"line":75,"column":29},"end":{"line":75,"column":30}},"loc":{"start":{"line":75,"column":41},"end":{"line":107,"column":null}},"line":75},"5":{"name":"(anonymous_5)","decl":{"start":{"line":100,"column":24},"end":{"line":100,"column":25}},"loc":{"start":{"line":101,"column":16},"end":{"line":103,"column":null}},"line":101},"6":{"name":"(anonymous_6)","decl":{"start":{"line":115,"column":50},"end":{"line":115,"column":56}},"loc":{"start":{"line":115,"column":56},"end":{"line":115,"column":null}},"line":115},"7":{"name":"(anonymous_7)","decl":{"start":{"line":228,"column":66},"end":{"line":228,"column":72}},"loc":{"start":{"line":228,"column":72},"end":{"line":228,"column":null}},"line":228},"8":{"name":"(anonymous_8)","decl":{"start":{"line":243,"column":66},"end":{"line":243,"column":67}},"loc":{"start":{"line":244,"column":36},"end":{"line":255,"column":null}},"line":244}},"branchMap":{"0":{"loc":{"start":{"line":43,"column":8},"end":{"line":46,"column":null}},"type":"if","locations":[{"start":{"line":43,"column":8},"end":{"line":46,"column":null}},{"start":{},"end":{}}],"line":43},"1":{"loc":{"start":{"line":66,"column":4},"end":{"line":66,"column":null}},"type":"if","locations":[{"start":{"line":66,"column":4},"end":{"line":66,"column":null}},{"start":{},"end":{}}],"line":66},"2":{"loc":{"start":{"line":70,"column":4},"end":{"line":70,"column":null}},"type":"if","locations":[{"start":{"line":70,"column":4},"end":{"line":70,"column":null}},{"start":{},"end":{}}],"line":70},"3":{"loc":{"start":{"line":70,"column":8},"end":{"line":70,"column":44}},"type":"binary-expr","locations":[{"start":{"line":70,"column":8},"end":{"line":70,"column":19}},{"start":{"line":70,"column":19},"end":{"line":70,"column":30}},{"start":{"line":70,"column":30},"end":{"line":70,"column":44}}],"line":70},"4":{"loc":{"start":{"line":78,"column":4},"end":{"line":84,"column":null}},"type":"if","locations":[{"start":{"line":78,"column":4},"end":{"line":84,"column":null}},{"start":{},"end":{}}],"line":78},"5":{"loc":{"start":{"line":79,"column":8},"end":{"line":83,"column":null}},"type":"if","locations":[{"start":{"line":79,"column":8},"end":{"line":83,"column":null}},{"start":{"line":81,"column":8},"end":{"line":83,"column":null}}],"line":79},"6":{"loc":{"start":{"line":81,"column":8},"end":{"line":83,"column":null}},"type":"if","locations":[{"start":{"line":81,"column":8},"end":{"line":83,"column":null}},{"start":{},"end":{}}],"line":81},"7":{"loc":{"start":{"line":86,"column":4},"end":{"line":92,"column":null}},"type":"if","locations":[{"start":{"line":86,"column":4},"end":{"line":92,"column":null}},{"start":{},"end":{}}],"line":86},"8":{"loc":{"start":{"line":86,"column":8},"end":{"line":86,"column":45}},"type":"binary-expr","locations":[{"start":{"line":86,"column":8},"end":{"line":86,"column":27}},{"start":{"line":86,"column":27},"end":{"line":86,"column":45}}],"line":86},"9":{"loc":{"start":{"line":87,"column":8},"end":{"line":91,"column":null}},"type":"if","locations":[{"start":{"line":87,"column":8},"end":{"line":91,"column":null}},{"start":{"line":89,"column":8},"end":{"line":91,"column":null}}],"line":87},"10":{"loc":{"start":{"line":87,"column":12},"end":{"line":87,"column":62}},"type":"binary-expr","locations":[{"start":{"line":87,"column":12},"end":{"line":87,"column":38}},{"start":{"line":87,"column":38},"end":{"line":87,"column":62}}],"line":87},"11":{"loc":{"start":{"line":89,"column":8},"end":{"line":91,"column":null}},"type":"if","locations":[{"start":{"line":89,"column":8},"end":{"line":91,"column":null}},{"start":{},"end":{}}],"line":89},"12":{"loc":{"start":{"line":89,"column":19},"end":{"line":89,"column":69}},"type":"binary-expr","locations":[{"start":{"line":89,"column":19},"end":{"line":89,"column":45}},{"start":{"line":89,"column":45},"end":{"line":89,"column":69}}],"line":89},"13":{"loc":{"start":{"line":94,"column":4},"end":{"line":96,"column":null}},"type":"if","locations":[{"start":{"line":94,"column":4},"end":{"line":96,"column":null}},{"start":{},"end":{}}],"line":94},"14":{"loc":{"start":{"line":109,"column":2},"end":{"line":109,"column":null}},"type":"if","locations":[{"start":{"line":109,"column":2},"end":{"line":109,"column":null}},{"start":{},"end":{}}],"line":109},"15":{"loc":{"start":{"line":121,"column":31},"end":{"line":121,"column":null}},"type":"cond-expr","locations":[{"start":{"line":121,"column":45},"end":{"line":121,"column":102}},{"start":{"line":121,"column":102},"end":{"line":121,"column":null}}],"line":121},"16":{"loc":{"start":{"line":135,"column":25},"end":{"line":135,"column":null}},"type":"cond-expr","locations":[{"start":{"line":135,"column":39},"end":{"line":135,"column":96}},{"start":{"line":135,"column":96},"end":{"line":135,"column":null}}],"line":135},"17":{"loc":{"start":{"line":141,"column":50},"end":{"line":141,"column":86}},"type":"binary-expr","locations":[{"start":{"line":141,"column":50},"end":{"line":141,"column":70}},{"start":{"line":141,"column":70},"end":{"line":141,"column":86}}],"line":141},"18":{"loc":{"start":{"line":146,"column":17},"end":{"line":208,"column":null}},"type":"cond-expr","locations":[{"start":{"line":147,"column":18},"end":{"line":154,"column":null}},{"start":{"line":156,"column":18},"end":{"line":208,"column":null}}],"line":146},"19":{"loc":{"start":{"line":159,"column":55},"end":{"line":159,"column":89}},"type":"binary-expr","locations":[{"start":{"line":159,"column":55},"end":{"line":159,"column":83}},{"start":{"line":159,"column":83},"end":{"line":159,"column":89}}],"line":159},"20":{"loc":{"start":{"line":165,"column":27},"end":{"line":165,"column":null}},"type":"binary-expr","locations":[{"start":{"line":165,"column":27},"end":{"line":165,"column":54}},{"start":{"line":165,"column":54},"end":{"line":165,"column":null}}],"line":165},"21":{"loc":{"start":{"line":172,"column":27},"end":{"line":172,"column":null}},"type":"binary-expr","locations":[{"start":{"line":172,"column":27},"end":{"line":172,"column":61}},{"start":{"line":172,"column":61},"end":{"line":172,"column":null}}],"line":172},"22":{"loc":{"start":{"line":181,"column":37},"end":{"line":181,"column":75}},"type":"binary-expr","locations":[{"start":{"line":181,"column":37},"end":{"line":181,"column":69}},{"start":{"line":181,"column":69},"end":{"line":181,"column":75}}],"line":181},"23":{"loc":{"start":{"line":185,"column":37},"end":{"line":185,"column":67}},"type":"binary-expr","locations":[{"start":{"line":185,"column":37},"end":{"line":185,"column":61}},{"start":{"line":185,"column":61},"end":{"line":185,"column":67}}],"line":185},"24":{"loc":{"start":{"line":201,"column":35},"end":{"line":201,"column":91}},"type":"binary-expr","locations":[{"start":{"line":201,"column":35},"end":{"line":201,"column":75}},{"start":{"line":201,"column":75},"end":{"line":201,"column":91}}],"line":201},"25":{"loc":{"start":{"line":205,"column":63},"end":{"line":205,"column":110}},"type":"binary-expr","locations":[{"start":{"line":205,"column":63},"end":{"line":205,"column":104}},{"start":{"line":205,"column":104},"end":{"line":205,"column":110}}],"line":205},"26":{"loc":{"start":{"line":215,"column":33},"end":{"line":215,"column":null}},"type":"binary-expr","locations":[{"start":{"line":215,"column":33},"end":{"line":215,"column":65}},{"start":{"line":215,"column":65},"end":{"line":215,"column":null}}],"line":215},"27":{"loc":{"start":{"line":219,"column":34},"end":{"line":219,"column":null}},"type":"binary-expr","locations":[{"start":{"line":219,"column":34},"end":{"line":219,"column":70}},{"start":{"line":219,"column":70},"end":{"line":219,"column":null}}],"line":219},"28":{"loc":{"start":{"line":220,"column":35},"end":{"line":220,"column":null}},"type":"binary-expr","locations":[{"start":{"line":220,"column":35},"end":{"line":220,"column":72}},{"start":{"line":220,"column":72},"end":{"line":220,"column":null}}],"line":220},"29":{"loc":{"start":{"line":243,"column":33},"end":{"line":256,"column":null}},"type":"cond-expr","locations":[{"start":{"line":243,"column":54},"end":{"line":256,"column":37}},{"start":{"line":256,"column":37},"end":{"line":256,"column":null}}],"line":243},"30":{"loc":{"start":{"line":247,"column":45},"end":{"line":247,"column":null}},"type":"cond-expr","locations":[{"start":{"line":247,"column":57},"end":{"line":247,"column":190}},{"start":{"line":247,"column":190},"end":{"line":247,"column":null}}],"line":247},"31":{"loc":{"start":{"line":247,"column":87},"end":{"line":247,"column":159}},"type":"cond-expr","locations":[{"start":{"line":247,"column":105},"end":{"line":247,"column":118}},{"start":{"line":247,"column":118},"end":{"line":247,"column":159}}],"line":247},"32":{"loc":{"start":{"line":247,"column":118},"end":{"line":247,"column":159}},"type":"cond-expr","locations":[{"start":{"line":247,"column":135},"end":{"line":247,"column":147}},{"start":{"line":247,"column":147},"end":{"line":247,"column":159}}],"line":247},"33":{"loc":{"start":{"line":250,"column":45},"end":{"line":250,"column":null}},"type":"cond-expr","locations":[{"start":{"line":250,"column":58},"end":{"line":250,"column":199}},{"start":{"line":250,"column":199},"end":{"line":250,"column":null}}],"line":250},"34":{"loc":{"start":{"line":250,"column":88},"end":{"line":250,"column":154}},"type":"cond-expr","locations":[{"start":{"line":250,"column":129},"end":{"line":250,"column":142}},{"start":{"line":250,"column":142},"end":{"line":250,"column":154}}],"line":250},"35":{"loc":{"start":{"line":250,"column":88},"end":{"line":250,"column":129}},"type":"binary-expr","locations":[{"start":{"line":250,"column":88},"end":{"line":250,"column":109}},{"start":{"line":250,"column":109},"end":{"line":250,"column":129}}],"line":250}},"s":{"0":1,"1":5,"2":5,"3":5,"4":5,"5":5,"6":5,"7":5,"8":5,"9":5,"10":5,"11":5,"12":5,"13":0,"14":0,"15":5,"16":5,"17":5,"18":5,"19":5,"20":0,"21":5,"22":5,"23":5,"24":5,"25":1,"26":0,"27":1,"28":1,"29":5,"30":0,"31":0,"32":0,"33":0,"34":0,"35":0,"36":0,"37":0,"38":0,"39":0,"40":0,"41":0,"42":0,"43":0,"44":0,"45":5,"46":3,"47":2,"48":0,"49":0,"50":0},"f":{"0":5,"1":5,"2":5,"3":1,"4":0,"5":0,"6":0,"7":0,"8":0},"b":{"0":[0,5],"1":[5,0],"2":[0,1],"3":[1,1,1],"4":[0,0],"5":[0,0],"6":[0,0],"7":[0,0],"8":[0,0],"9":[0,0],"10":[0,0],"11":[0,0],"12":[0,0],"13":[0,0],"14":[3,2],"15":[2,0],"16":[2,0],"17":[5,1],"18":[1,1],"19":[1,0],"20":[1,0],"21":[1,0],"22":[1,0],"23":[1,0],"24":[1,1],"25":[1,1],"26":[5,1],"27":[5,1],"28":[5,1],"29":[0,2],"30":[0,0],"31":[0,0],"32":[0,0],"33":[0,0],"34":[0,0],"35":[0,0]},"meta":{"lastBranch":36,"lastFunction":9,"lastStatement":51,"seen":{"s:30:20:266:Infinity":0,"f:30:20:30:26":0,"s:31:21:31:Infinity":1,"s:32:8:32:Infinity":2,"s:33:40:33:Infinity":3,"s:34:36:34:Infinity":4,"s:35:40:35:Infinity":5,"s:36:28:36:Infinity":6,"s:37:28:37:Infinity":7,"s:39:2:67:Infinity":8,"f:39:12:39:18":1,"s:40:21:65:Infinity":9,"f:40:21:40:33":2,"s:41:6:64:Infinity":10,"s:42:22:42:Infinity":11,"b:43:8:46:Infinity:undefined:undefined:undefined:undefined":0,"s:43:8:46:Infinity":12,"s:44:12:44:Infinity":13,"s:45:12:45:Infinity":14,"s:48:46:53:Infinity":15,"s:55:8:55:Infinity":16,"s:56:8:56:Infinity":17,"s:57:8:57:Infinity":18,"s:58:8:58:Infinity":19,"s:61:8:61:Infinity":20,"s:63:8:63:Infinity":21,"b:66:4:66:Infinity:undefined:undefined:undefined:undefined":1,"s:66:4:66:Infinity":22,"s:66:16:66:Infinity":23,"s:69:23:73:Infinity":24,"f:69:23:69:24":3,"b:70:4:70:Infinity:undefined:undefined:undefined:undefined":2,"s:70:4:70:Infinity":25,"b:70:8:70:19:70:19:70:30:70:30:70:44":3,"s:70:44:70:Infinity":26,"s:71:27:71:Infinity":27,"s:72:4:72:Infinity":28,"s:75:29:107:Infinity":29,"f:75:29:75:30":4,"s:76:19:76:Infinity":30,"b:78:4:84:Infinity:undefined:undefined:undefined:undefined":4,"s:78:4:84:Infinity":31,"b:79:8:83:Infinity:81:8:83:Infinity":5,"s:79:8:83:Infinity":32,"s:80:12:80:Infinity":33,"b:81:8:83:Infinity:undefined:undefined:undefined:undefined":6,"s:81:8:83:Infinity":34,"s:82:12:82:Infinity":35,"b:86:4:92:Infinity:undefined:undefined:undefined:undefined":7,"s:86:4:92:Infinity":36,"b:86:8:86:27:86:27:86:45":8,"b:87:8:91:Infinity:89:8:91:Infinity":9,"s:87:8:91:Infinity":37,"b:87:12:87:38:87:38:87:62":10,"s:88:12:88:Infinity":38,"b:89:8:91:Infinity:undefined:undefined:undefined:undefined":11,"s:89:8:91:Infinity":39,"b:89:19:89:45:89:45:89:69":12,"s:90:12:90:Infinity":40,"b:94:4:96:Infinity:undefined:undefined:undefined:undefined":13,"s:94:4:96:Infinity":41,"s:95:8:95:Infinity":42,"s:98:4:105:Infinity":43,"f:100:24:100:25":5,"s:101:16:103:Infinity":44,"b:109:2:109:Infinity:undefined:undefined:undefined:undefined":14,"s:109:2:
[...]
},{"start":{"line":179,"column":24},"end":{"line":179,"column":null}}],"line":179}},"s":{"0":1,"1":8,"2":8,"3":8,"4":8,"5":8,"6":8,"7":4,"8":4,"9":4,"10":4,"11":4,"12":5,"13":5,"14":5,"15":5,"16":5,"17":5,"18":5,"19":10,"20":5,"21":5,"22":5,"23":5,"24":5,"25":5,"26":5,"27":5,"28":1,"29":1,"30":4,"31":0,"32":0,"33":5,"34":0,"35":4,"36":0,"37":4,"38":4,"39":8,"40":7,"41":7,"42":7,"43":7,"44":7,"45":0,"46":7,"47":5,"48":2,"49":8,"50":0,"51":0,"52":1,"53":0,"54":6,"55":1},"f":{"0":8,"1":4,"2":4,"3":5,"4":10,"5":7,"6":0,"7":0,"8":1,"9":0,"10":6,"11":1},"b":{"0":[5,0],"1":[5,0],"2":[5,0],"3":[5,0],"4":[1,4],"5":[5,4,4],"6":[0,4],"7":[4,4],"8":[7,0],"9":[7,0],"10":[7,0],"11":[7,0],"12":[0,7],"13":[5,2],"14":[7,1],"15":[1,7],"16":[0,8],"17":[8,4],"18":[8,4,0],"19":[8,4]},"meta":{"lastBranch":20,"lastFunction":12,"lastStatement":56,"seen":{"s:7:28:184:Infinity":0,"f:7:28:7:34":0,"s:8:8:8:Infinity":1,"s:9:30:9:Infinity":2,"s:10:26:10:Infinity":3,"s:11:34:11:Infinity":4,"s:12:28:12:Infinity":5,"s:14:2:76:Infinity":6,"f:14:12:14:18":1,"s:15:33:73:Infinity":7,"f:15:33:15:45":2,"s:16:6:16:Infinity":8,"s:17:6:72:Infinity":9,"s:18:29:18:Infinity":10,"s:20:33:65:Infinity":11,"f:21:27:21:34":3,"s:22:12:63:Infinity":12,"s:23:33:23:Infinity":13,"s:25:38:25:Infinity":14,"b:25:65:25:101:25:101:25:Infinity":0,"s:26:39:26:Infinity":15,"b:26:67:26:104:26:104:26:Infinity":1,"s:28:36:28:Infinity":16,"b:29:14:33:Infinity:undefined:undefined:undefined:undefined":2,"s:29:14:33:Infinity":17,"b:29:18:29:37:29:37:29:55":3,"s:30:30:30:Infinity":18,"f:30:73:30:78":4,"s:30:78:30:88":19,"s:31:35:31:Infinity":20,"s:32:16:32:Infinity":21,"s:35:27:35:Infinity":22,"s:36:32:36:Infinity":23,"s:38:30:38:Infinity":24,"s:39:26:39:Infinity":25,"s:40:26:40:Infinity":26,"b:42:14:48:Infinity:45:14:48:Infinity":4,"s:42:14:48:Infinity":27,"b:42:18:42:35:42:35:42:49:42:49:42:60":5,"s:43:16:43:Infinity":28,"s:44:16:44:Infinity":29,"b:45:14:48:Infinity:undefined:undefined:undefined:undefined":6,"s:45:14:48:Infinity":30,"b:45:25:45:40:45:40:45:54":7,"s:46:16:46:Infinity":31,"s:47:16:47:Infinity":32,"s:50:14:55:Infinity":33,"s:57:14:62:Infinity":34,"s:67:8:67:Infinity":35,"s:69:8:69:Infinity":36,"s:71:8:71:Infinity":37,"s:75:4:75:Infinity":38,"s:78:27:87:Infinity":39,"f:78:43:78:48":5,"s:79:21:79:Infinity":40,"b:79:24:79:41:79:41:79:43":8,"b:79:47:79:63:79:63:79:65":9,"s:80:16:80:Infinity":41,"b:80:24:80:46:80:46:80:Infinity":10,"s:81:19:81:Infinity":42,"s:82:26:82:Infinity":43,"b:82:26:82:55:82:55:82:Infinity":11,"b:84:4:84:Infinity:undefined:undefined:undefined:undefined":12,"s:84:4:84:Infinity":44,"s:84:24:84:Infinity":45,"b:85:4:85:Infinity:undefined:undefined:undefined:undefined":13,"s:85:4:85:Infinity":46,"s:85:26:85:Infinity":47,"s:86:4:86:Infinity":48,"s:89:2:182:Infinity":49,"f:107:30:107:31":6,"s:107:37:107:Infinity":50,"b:113:64:113:80:113:80:113:82":14,"f:114:29:114:35":7,"s:114:35:114:Infinity":51,"b:119:69:119:84:119:84:119:86":15,"f:120:29:120:35":8,"s:120:35:120:Infinity":52,"b:125:67:125:84:125:84:125:86":16,"f:126:29:126:35":9,"s:126:35:126:Infinity":53,"b:146:25:146:37:146:37:172:Infinity":17,"f:146:58:146:Infinity":10,"s:147:28:171:Infinity":54,"f:166:49:166:55":11,"s:166:55:166:Infinity":55,"b:176:13:176:46:176:46:176:Infinity:177:16:177:Infinity":18,"b:179:13:179:24:179:24:179:Infinity":19}}}
,"C:\\Users\\irmar\\Downloads\\front-salud-al-dia\\src\\services\\AdminService.js": {"path":"C:\\Users\\irmar\\Downloads\\front-salud-al-dia\\src\\services\\AdminService.js","statementMap":{"0":{"start":{"line":3,"column":22},"end":{"line":3,"column":93}},"1":{"start":{"line":5,"column":18},"end":{"line":10,"column":2}},"2":{"start":{"line":5,"column":25},"end":{"line":10,"column":1}},"3":{"start":{"line":12,"column":24},"end":{"line":19,"column":1}},"4":{"start":{"line":13,"column":2},"end":{"line":18,"column":3}},"5":{"start":{"line":14,"column":21},"end":{"line":14,"column":75}},"6":{"start":{"line":15,"column":4},"end":{"line":15,"column":25}},"7":{"start":{"line":17,"column":4},"end":{"line":17,"column":16}},"8":{"start":{"line":21,"column":24},"end":{"line":28,"column":1}},"9":{"start":{"line":22,"column":2},"end":{"line":27,"column":3}},"10":{"start":{"line":23,"column":21},"end":{"line":23,"column":75}},"11":{"start":{"line":24,"column":4},"end":{"line":24,"column":25}},"12":{"start":{"line":26,"column":4},"end":{"line":26,"column":14}},"13":{"start":{"line":30,"column":32},"end":{"line":37,"column":1}},"14":{"start":{"line":31,"column":2},"end":{"line":36,"column":3}},"15":{"start":{"line":32,"column":4},"end":{"line":32,"column":82}},"16":{"start":{"line":33,"column":4},"end":{"line":33,"column":29}},"17":{"start":{"line":35,"column":4},"end":{"line":35,"column":83}},"18":{"start":{"line":39,"column":33},"end":{"line":46,"column":1}},"19":{"start":{"line":40,"column":2},"end":{"line":45,"column":3}},"20":{"start":{"line":41,"column":4},"end":{"line":41,"column":82}},"21":{"start":{"line":42,"column":4},"end":{"line":42,"column":29}},"22":{"start":{"line":44,"column":4},"end":{"line":44,"column":83}},"23":{"start":{"line":48,"column":35},"end":{"line":55,"column":1}},"24":{"start":{"line":49,"column":2},"end":{"line":54,"column":3}},"25":{"start":{"line":50,"column":4},"end":{"line":50,"column":94}},"26":{"start":{"line":51,"column":4},"end":{"line":51,"column":29}},"27":{"start":{"line":53,"column":4},"end":{"line":53,"column":83}},"28":{"start":{"line":57,"column":26},"end":{"line":64,"column":1}},"29":{"start":{"line":58,"column":2},"end":{"line":63,"column":3}},"30":{"start":{"line":59,"column":4},"end":{"line":59,"column":72}},"31":{"start":{"line":60,"column":4},"end":{"line":60,"column":29}},"32":{"start":{"line":62,"column":4},"end":{"line":62,"column":83}},"33":{"start":{"line":66,"column":38},"end":{"line":73,"column":1}},"34":{"start":{"line":67,"column":2},"end":{"line":72,"column":3}},"35":{"start":{"line":68,"column":4},"end":{"line":68,"column":92}},"36":{"start":{"line":69,"column":4},"end":{"line":69,"column":29}},"37":{"start":{"line":71,"column":4},"end":{"line":71,"column":83}},"38":{"start":{"line":75,"column":33},"end":{"line":82,"column":1}},"39":{"start":{"line":76,"column":2},"end":{"line":81,"column":3}},"40":{"start":{"line":77,"column":21},"end":{"line":77,"column":115}},"41":{"start":{"line":78,"column":4},"end":{"line":78,"column":33}},"42":{"start":{"line":80,"column":4},"end":{"line":80,"column":17}}},"fnMap":{"0":{"name":"(anonymous_0)","decl":{"start":{"line":5,"column":18},"end":{"line":5,"column":19}},"loc":{"start":{"line":5,"column":25},"end":{"line":10,"column":1}},"line":5},"1":{"name":"(anonymous_1)","decl":{"start":{"line":12,"column":24},"end":{"line":12,"column":29}},"loc":{"start":{"line":12,"column":36},"end":{"line":19,"column":1}},"line":12},"2":{"name":"(anonymous_2)","decl":{"start":{"line":21,"column":24},"end":{"line":21,"column":29}},"loc":{"start":{"line":21,"column":36},"end":{"line":28,"column":1}},"line":21},"3":{"name":"(anonymous_3)","decl":{"start":{"line":30,"column":32},"end":{"line":30,"column":37}},"loc":{"start":{"line":30,"column":52},"end":{"line":37,"column":1}},"line":30},"4":{"name":"(anonymous_4)","decl":{"start":{"line":39,"column":33},"end":{"line":39,"column":38}},"loc":{"start":{"line":39,"column":50},"end":{"line":46,"column":1}},"line":39},"5":{"name":"(anonymous_5)","decl":{"start":{"line":48,"column":35},"end":{"line":48,"column":40}},"loc":{"start":{"line":48,"column":65},"end":{"line":55,"column":1}},"line":48},"6":{"name":"(anonymous_6)","decl":{"start":{"line":57,"column":26},"end":{"line":57,"column":31}},"loc":{"start":{"line":57,"column":44},"end":{"line":64,"column":1}},"line":57},"7":{"name":"(anonymous_7)","decl":{"start":{"line":66,"column":38},"end":{"line":66,"column":43}},"loc":{"start":{"line":66,"column":56},"end":{"line":73,"column":1}},"line":66},"8":{"name":"(anonymous_8)","decl":{"start":{"line":75,"column":33},"end":{"line":75,"column":38}},"loc":{"start":{"line":75,"column":50},"end":{"line":82,"column":1}},"line":75}},"branchMap":{"0":{"loc":{"start":{"line":3,"column":22},"end":{"line":3,"column":93}},"type":"binary-expr","locations":[{"start":{"line":3,"column":22},"end":{"line":3,"column":56}},{"start":{"line":3,"column":60},"end":{"line":3,"column":93}}],"line":3},"1":{"loc":{"start":{"line":35,"column":36},"end":{"line":35,"column":80}},"type":"binary-expr","locations":[{"start":{"line":35,"column":36},"end":{"line":35,"column":63}},{"start":{"line":35,"column":67},"end":{"line":35,"column":80}}],"line":35},"2":{"loc":{"start":{"line":44,"column":36},"end":{"line":44,"column":80}},"type":"binary-expr","locations":[{"start":{"line":44,"column":36},"end":{"line":44,"column":63}},{"start":{"line":44,"column":67},"end":{"line":44,"column":80}}],"line":44},"3":{"loc":{"start":{"line":53,"column":36},"end":{"line":53,"column":80}},"type":"binary-expr","locations":[{"start":{"line":53,"column":36},"end":{"line":53,"column":63}},{"start":{"line":53,"column":67},"end":{"line":53,"column":80}}],"line":53},"4":{"loc":{"start":{"line":62,"column":36},"end":{"line":62,"column":80}},"type":"binary-expr","locations":[{"start":{"line":62,"column":36},"end":{"line":62,"column":63}},{"start":{"line":62,"column":67},"end":{"line":62,"column":80}}],"line":62},"5":{"loc":{"start":{"line":71,"column":36},"end":{"line":71,"column":80}},"type":"binary-expr","locations":[{"start":{"line":71,"column":36},"end":{"line":71,"column":63}},{"start":{"line":71,"column":67},"end":{"line":71,"column":80}}],"line":71}},"s":{"0":1,"1":1,"2":0,"3":1,"4":0,"5":0,"6":0,"7":0,"8":1,"9":0,"10":0,"11":0,"12":0,"13":1,"14":0,"15":0,"16":0,"17":0,"18":1,"19":0,"20":0,"21":0,"22":0,"23":1,"24":0,"25":0,"26":0,"27":0,"28":1,"29":0,"30":0,"31":0,"32":0,"33":1,"34":0,"35":0,"36":0,"37":0,"38":1,"39":0,"40":0,"41":0,"42":0},"f":{"0":0,"1":0,"2":0,"3":0,"4":0,"5":0,"6":0,"7":0,"8":0},"b":{"0":[1,0],"1":[0,0],"2":[0,0],"3":[0,0],"4":[0,0],"5":[0,0]},"meta":{"lastBranch":6,"lastFunction":9,"lastStatement":43,"seen":{"s:3:22:3:93":0,"b:3:22:3:56:3:60:3:93":0,"s:5:18:10:2":1,"f:5:18:5:19":0,"s:5:25:10:1":2,"s:12:24:19:1":3,"f:12:24:12:29":1,"s:13:2:18:3":4,"s:14:21:14:75":5,"s:15:4:15:25":6,"s:17:4:17:16":7,"s:21:24:28:1":8,"f:21:24:21:29":2,"s:22:2:27:3":9,"s:23:21:23:75":10,"s:24:4:24:25":11,"s:26:4:26:14":12,"s:30:32:37:1":13,"f:30:32:30:37":3,"s:31:2:36:3":14,"s:32:4:32:82":15,"s:33:4:33:29":16,"s:35:4:35:83":17,"b:35:36:35:63:35:67:35:80":1,"s:39:33:46:1":18,"f:39:33:39:38":4,"s:40:2:45:3":19,"s:41:4:41:82":20,"s:42:4:42:29":21,"s:44:4:44:83":22,"b:44:36:44:63:44:67:44:80":2,"s:48:35:55:1":23,"f:48:35:48:40":5,"s:49:2:54:3":24,"s:50:4:50:94":25,"s:51:4:51:29":26,"s:53:4:53:83":27,"b:53:36:53:63:53:67:53:80":3,"s:57:26:64:1":28,"f:57:26:57:31":6,"s:58:2:63:3":29,"s:59:4:59:72":30,"s:60:4:60:29":31,"s:62:4:62:83":32,"b:62:36:62:63:62:67:62:80":4,"s:66:38:73:1":33,"f:66:38:66:43":7,"s:67:2:72:3":34,"s:68:4:68:92":35,"s:69:4:69:29":36,"s:71:4:71:83":37,"b:71:36:71:63:71:67:71:80":5,"s:75:33:82:1":38,"f:75:33:75:38":8,"s:76:2:81:3":39,"s:77:21:77:115":40,"s:78:4:78:33":41,"s:80:4:80:17":42}}}
,"C:\\Users\\irmar\\Downloads\\front-salud-al-dia\\src\\services\\SpecialistService.js": {"path":"C:\\Users\\irmar\\Downloads\\front-salud-al-dia\\src\\services\\SpecialistService.js","statementMap":{"0":{"start":{"line":3,"column":22},"end":{"line":3,"column":77}},"1":{"start":{"line":4,"column":25},"end":{"line":4,"column":89}},"2":{"start":{"line":5,"column":25},"end":{"line":5,"column":85}},"3":{"start":{"line":7,"column":18},"end":{"line":12,"column":2}},"4":{"start":{"line":7,"column":25},"end":{"line":12,"column":1}},"5":{"start":{"line":14,"column":30},"end":{"line":22,"column":1}},"6":{"start":{"line":15,"column":2},"end":{"line":21,"column":3}},"7":{"start":{"line":16,"column":21},"end":{"line":16,"column":81}},"8":{"start":{"line":17,"column":4},"end":{"line":17,"column":25}},"9":{"start":{"line":19,"column":4},"end":{"line":19,"column":66}},"10":{"start":{"line":20,"column":4},"end":{"line":20,"column":16}},"11":{"start":{"line":24,"column":27},"end":{"line":32,"column":1}},"12":{"start":{"line":25,"column":2},"end":{"line":31,"column":3}},"13":{"start":{"line":26,"column":21},"end":{"line":26,"column":78}},"14":{"start":{"line":27,"column":4},"end":{"line":27,"column":25}},"15":{"start":{"line":29,"column":4},"end":{"line":29,"column":55}},"16":{"start":{"line":30,"column":4},"end":{"line":30,"column":14}},"17":{"start":{"line":34,"column":32},"end":{"line":45,"column":1}},"18":{"start":{"line":35,"column":2},"end":{"line":44,"column":3}},"19":{"start":{"line":36,"column":21},"end":{"line":36,"column":95}},"20":{"start":{"line":37,"column":4},"end":{"line":37,"column":25}},"21":{"start":{"line":39,"column":4},"end":{"line":41,"column":5}},"22":{"start":{"line":40,"column":8},"end":{"line":40,"column":20}},"23":{"start":{"line":42,"column":4},"end":{"line":42,"column":60}},"24":{"start":{"line":43,"column":4},"end":{"line":43,"column":16}},"25":{"start":{"line":47,"column":39},"end":{"line":54,"column":1}},"26":{"start":{"line":48,"column":2},"end":{"line":53,"column":3}},"27":{"start":{"line":49,"column":21},"end":{"line":49,"column":106}},"28":{"start":{"line":50,"column":4},"end":{"line":50,"column":25}},"29":{"start":{"line":52,"column":4},"end":{"line":52,"column":45}},"30":{"start":{"line":56,"column":33},"end":{"line":63,"column":1}},"31":{"start":{"line":57,"column":2},"end":{"line":62,"column":3}},"32":{"start":{"line":58,"column":21},"end":{"line":58,"column":106}},"33":{"start":{"line":59,"column":4},"end":{"line":59,"column":25}},"34":{"start":{"line":61,"column":4},"end":{"line":61,"column":14}},"35":{"start":{"line":65,"column":30},"end":{"line":67,"column":1}},"36":{"start":{"line":66,"column":4},"end":{"line":66,"column":71}}},"fnMap":{"0":{"name":"(anonymous_0)","decl":{"start":{"line":7,"column":18},"end":{"line":7,"column":19}},"loc":{"start":{"line":7,"column":25},"end":{"line":12,"column":1}},"line":7},"1":{"name":"(anonymous_1)","decl":{"start":{"line":14,"column":30},"end":{"line":14,"column":35}},"loc":{"start":{"line":14,"column":44},"end":{"line":22,"column":1}},"line":14},"2":{"name":"(anonymous_2)","decl":{"start":{"line":24,"column":27},"end":{"line":24,"column":32}},"loc":{"start":{"line":24,"column":39},"end":{"line":32,"column":1}},"line":24},"3":{"name":"(anonymous_3)","decl":{"start":{"line":34,"column":32},"end":{"line":34,"column":37}},"loc":{"start":{"line":34,"column":50},"end":{"line":45,"column":1}},"line":34},"4":{"name":"(anonymous_4)","decl":{"start":{"line":47,"column":39},"end":{"line":47,"column":44}},"loc":{"start":{"line":47,"column":57},"end":{"line":54,"column":1}},"line":47},"5":{"name":"(anonymous_5)","decl":{"start":{"line":56,"column":33},"end":{"line":56,"column":38}},"loc":{"start":{"line":56,"column":51},"end":{"line":63,"column":1}},"line":56},"6":{"name":"(anonymous_6)","decl":{"start":{"line":65,"column":30},"end":{"line":65,"column":31}},"loc":{"start":{"line":65,"column":42},"end":{"line":67,"column":1}},"line":65}},"branchMap":{"0":{"loc":{"start":{"line":3,"column":22},"end":{"line":3,"column":77}},"type":"binary-expr","locations":[{"start":{"line":3,"column":22},"end":{"line":3,"column":50}},{"start":{"line":3,"column":54},"end":{"line":3,"column":77}}],"line":3},"1":{"loc":{"start":{"line":4,"column":25},"end":{"line":4,"column":89}},"type":"binary-expr","locations":[{"start":{"line":4,"column":25},"end":{"line":4,"column":62}},{"start":{"line":4,"column":66},"end":{"line":4,"column":89}}],"line":4},"2":{"loc":{"start":{"line":5,"column":25},"end":{"line":5,"column":85}},"type":"binary-expr","locations":[{"start":{"line":5,"column":25},"end":{"line":5,"column":58}},{"start":{"line":5,"column":62},"end":{"line":5,"column":85}}],"line":5},"3":{"loc":{"start":{"line":39,"column":4},"end":{"line":41,"column":5}},"type":"if","locations":[{"start":{"line":39,"column":4},"end":{"line":41,"column":5}},{"start":{},"end":{}}],"line":39},"4":{"loc":{"start":{"line":39,"column":8},"end":{"line":39,"column":55}},"type":"binary-expr","locations":[{"start":{"line":39,"column":8},"end":{"line":39,"column":22}},{"start":{"line":39,"column":26},"end":{"line":39,"column":55}}],"line":39}},"s":{"0":1,"1":1,"2":1,"3":1,"4":0,"5":1,"6":0,"7":0,"8":0,"9":0,"10":0,"11":1,"12":0,"13":0,"14":0,"15":0,"16":0,"17":1,"18":0,"19":0,"20":0,"21":0,"22":0,"23":0,"24":0,"25":1,"26":0,"27":0,"28":0,"29":0,"30":1,"31":0,"32":0,"33":0,"34":0,"35":1,"36":0},"f":{"0":0,"1":0,"2":0,"3":0,"4":0,"5":0,"6":0},"b":{"0":[1,0],"1":[1,0],"2":[1,0],"3":[0,0],"4":[0,0]},"meta":{"lastBranch":5,"lastFunction":7,"lastStatement":37,"seen":{"s:3:22:3:77":0,"b:3:22:3:50:3:54:3:77":0,"s:4:25:4:89":1,"b:4:25:4:62:4:66:4:89":1,"s:5:25:5:85":2,"b:5:25:5:58:5:62:5:85":2,"s:7:18:12:2":3,"f:7:18:7:19":0,"s:7:25:12:1":4,"s:14:30:22:1":5,"f:14:30:14:35":1,"s:15:2:21:3":6,"s:16:21:16:81":7,"s:17:4:17:25":8,"s:19:4:19:66":9,"s:20:4:20:16":10,"s:24:27:32:1":11,"f:24:27:24:32":2,"s:25:2:31:3":12,"s:26:21:26:78":13,"s:27:4:27:25":14,"s:29:4:29:55":15,"s:30:4:30:14":16,"s:34:32:45:1":17,"f:34:32:34:37":3,"s:35:2:44:3":18,"s:36:21:36:95":19,"s:37:4:37:25":20,"b:39:4:41:5:undefined:undefined:undefined:undefined":3,"s:39:4:41:5":21,"b:39:8:39:22:39:26:39:55":4,"s:40:8:40:20":22,"s:42:4:42:60":23,"s:43:4:43:16":24,"s:47:39:54:1":25,"f:47:39:47:44":4,"s:48:2:53:3":26,"s:49:21:49:106":27,"s:50:4:50:25":28,"s:52:4:52:45":29,"s:56:33:63:1":30,"f:56:33:56:38":5,"s:57:2:62:3":31,"s:58:21:58:106":32,"s:59:4:59:25":33,"s:61:4:61:14":34,"s:65:30:67:1":35,"f:65:30:65:31":6,"s:66:4:66:71":36}}}
,"C:\\Users\\irmar\\Downloads\\front-salud-al-dia\\src\\utils\\validations.js": {"path":"C:\\Users\\irmar\\Downloads\\front-salud-al-dia\\src\\utils\\validations.js","statementMap":{"0":{"start":{"line":1,"column":25},"end":{"line":11,"column":1}},"1":{"start":{"line":2,"column":2},"end":{"line":2,"column":22}},"2":{"start":{"line":2,"column":12},"end":{"line":2,"column":22}},"3":{"start":{"line":3,"column":16},"end":{"line":3,"column":44}},"4":{"start":{"line":4,"column":2},"end":{"line":4,"column":38}},"5":{"start":{"line":4,"column":25},"end":{"line":4,"column":38}},"6":{"start":{"line":6,"column":15},"end":{"line":6,"column":33}},"7":{"start":{"line":7,"column":13},"end":{"line":7,"column":42}},"8":{"start":{"line":8,"column":24},"end":{"line":8,"column":66}},"9":{"start":{"line":10,"column":2},"end":{"line":10,"column":34}},"10":{"start":{"line":13,"column":28},"end":{"line":16,"column":1}},"11":{"start":{"line":14,"column":21},"end":{"line":14,"column":49}},"12":{"start":{"line":15,"column":2},"end":{"line":15,"column":32}}},"fnMap":{"0":{"name":"(anonymous_0)","decl":{"start":{"line":1,"column":25},"end":{"line":1,"column":26}},"loc":{"start":{"line":1,"column":34},"end":{"line":11,"column":1}},"line":1},"1":{"name":"(anonymous_1)","decl":{"start":{"line":13,"column":28},"end":{"line":13,"column":29}},"loc":{"start":{"line":13,"column":39},"end":{"line":16,"column":1}},"line":13}},"branchMap":{"0":{"loc":{"start":{"line":2,"column":2},"end":{"line":2,"column":22}},"type":"if","locations":[{"start":{"line":2,"column":2},"end":{"line":2,"column":22}},{"start":{},"end":{}}],"line":2},"1":{"loc":{"start":{"line":4,"column":2},"end":{"line":4,"column":38}},"type":"if","locations":[{"start":{"line":4,"column":2},"end":{"line":4,"column":38}},{"start":{},"end":{}}],"line":4}},"s":{"0":1,"1":1,"2":0,"3":1,"4":1,"5":0,"6":1,"7":1,"8":1,"9":1,"10":1,"11":0,"12":0},"f":{"0":1,"1":0},"b":{"0":[0,1],"1":[0,1]},"meta":{"lastBranch":2,"lastFunction":2,"lastStatement":13,"seen":{"s:1:25:11:1":0,"f:1:25:1:26":0,"b:2:2:2:22:undefined:undefined:undefined:undefined":0,"s:2:2:2:22":1,"s:2:12:2:22":2,"s:3:16:3:44":3,"b:4:2:4:38:undefined:undefined:undefined:undefined":1,"s:4:2:4:38":4,"s:4:25:4:38":5,"s:6:15:6:33":6,"s:7:13:7:42":7,"s:8:24:8:66":8,"s:10:2:10:34":9,"s:13:28:16:1":10,"f:13:28:13:29":1,"s:14:21:14:49":11,"s:15:2:15:32":12}}}
}
